{
  "uuid": "011c0d51-027a-499d-8682-280380966f26",
  "historyId": "1f0e52d45c49e9403992916717b55a42",
  "testCaseId": "24a6a06b372eaf958c2e154d575873a7",
  "fullName": "OdinUiTests:OdinUiTests.Tests.Exams.ExamCreateEditTests.CheckEndStudySwitchStatusForAdminDepartment()",
  "labels": [
    {
      "name": "thread",
      "value": "NUnit.Fw.ParallelWorker#5"
    },
    {
      "name": "host",
      "value": "acc084562139"
    },
    {
      "name": "language",
      "value": "C#"
    },
    {
      "name": "framework",
      "value": "NUnit 3"
    },
    {
      "name": "package",
      "value": "OdinUiTests.Tests.Exams"
    },
    {
      "name": "testMethod",
      "value": "CheckEndStudySwitchStatusForAdminDepartment"
    },
    {
      "name": "testClass",
      "value": "ExamCreateEditTests"
    },
    {
      "name": "suite",
      "value": "Экзамен"
    },
    {
      "name": "severity",
      "value": "normal"
    },
    {
      "name": "tag",
      "value": "Экзамен"
    },
    {
      "name": "tag",
      "value": "Дежурство"
    },
    {
      "name": "tag",
      "value": "Регресс"
    }
  ],
  "links": [],
  "name": "Проверка завершения обучения переключение статуса для админа подразделения",
  "status": "broken",
  "statusDetails": {
    "known": false,
    "muted": false,
    "flaky": false,
    "message": "System.Reflection.TargetInvocationException : Exception has been thrown by the target of an invocation.\n  ----> OpenQA.Selenium.WebDriverTimeoutException : Timed out after 30 seconds\n  ----> OpenQA.Selenium.NoSuchElementException : no such element: Unable to locate element: {\"method\":\"css selector\",\"selector\":\".block-title .cursor-pointer\"}\n  (Session info: chrome=145.0.7632.45); For documentation on this error, please visit: https://www.selenium.dev/documentation/webdriver/troubleshooting/errors#no-such-element-exception",
    "trace": "   at System.Reflection.MethodBaseInvoker.InvokeWithManyArgs(Object obj, BindingFlags invokeAttr, Binder binder, Object[] parameters, CultureInfo culture)\n   at System.Reflection.RuntimeMethodInfo.Invoke(Object obj, BindingFlags invokeAttr, Binder binder, Object[] parameters, CultureInfo culture)\n   at Allure.Net.Commons.Steps.AllureStepAspectBase.Around(String name, Object[] args, Func`2 target, MethodBase metadata, Type returnType)\n   at OdinUiTests.Pages.ProgramInfoPage.__a$_around_ClickOnResultTrainingButton_100667156_w_0(Object[])\n   at OdinUiTests.Pages.ProgramInfoPage.ClickOnResultTrainingButton()\n   at OdinUiTests.Tests.Exams.ExamCreateEditTests.CheckEndStudySwitchStatusForAdminDepartment() in /azp/_work/3/s/Tests/Exams/TestCenterTests.cs:line 320\n   at System.Reflection.MethodBaseInvoker.InterpretedInvoke_Method(Object obj, IntPtr* args)\n   at System.Reflection.MethodBaseInvoker.InvokeWithNoArgs(Object obj, BindingFlags invokeAttr)\n--WebDriverTimeoutException\n   at OpenQA.Selenium.Support.UI.DefaultWait`1.ThrowTimeoutException(String exceptionMessage, Exception lastException)\n   at OpenQA.Selenium.Support.UI.DefaultWait`1.Until[TResult](Func`2 condition, CancellationToken token)\n   at OdinUiTests.Pages.ProgramInfoPage.ResetAllExamFilters() in /azp/_work/3/s/Pages/ProgramInfoPage.cs:line 427\n   at OdinUiTests.Pages.ProgramInfoPage.__a$_around_ClickOnResultTrainingButton_100667156_o() in /azp/_work/3/s/Pages/ProgramInfoPage.cs:line 462\n   at OdinUiTests.Pages.ProgramInfoPage.__a$_around_ClickOnResultTrainingButton_100667156_u(Object[])\n   at Allure.Net.Commons.Steps.AllureAbstractStepAspect.WrapSync[T](Func`2 target, Object[] args, MethodBase metadata, String stepName, List`1 stepParameters)\n   at System.Reflection.MethodBaseInvoker.InterpretedInvoke_Method(Object obj, IntPtr* args)\n   at System.Reflection.MethodBaseInvoker.InvokeWithManyArgs(Object obj, BindingFlags invokeAttr, Binder binder, Object[] parameters, CultureInfo culture)\n--NoSuchElementException\n   at OpenQA.Selenium.WebDriver.UnpackAndThrowOnError(Response errorResponse, String commandToExecute)\n   at OpenQA.Selenium.WebDriver.ExecuteAsync(String driverCommandToExecute, Dictionary`2 parameters)\n   at SeleniumExtras.WaitHelpers.ExpectedConditions.<>c__DisplayClass19_0.<ElementToBeClickable>b__0(IWebDriver driver)\n   at OpenQA.Selenium.Support.UI.DefaultWait`1.Until[TResult](Func`2 condition, CancellationToken token)"
  },
  "stage": "finished",
  "steps": [
    {
      "name": "Открыть страницу образовательной программы",
      "status": "passed",
      "statusDetails": {
        "known": false,
        "muted": false,
        "flaky": false
      },
      "stage": "finished",
      "steps": [],
      "attachments": [],
      "parameters": [
        {
          "name": "programId",
          "value": "\"19048\"",
          "excluded": false
        }
      ],
      "start": 1771574824688,
      "stop": 1771574824926
    },
    {
      "name": "Нажать на кнопку Завершить обучение для студентов экзамена",
      "status": "broken",
      "statusDetails": {
        "known": false,
        "muted": false,
        "flaky": false,
        "message": "Timed out after 30 seconds",
        "trace": "OpenQA.Selenium.WebDriverTimeoutException: Timed out after 30 seconds\n ---> OpenQA.Selenium.NoSuchElementException: no such element: Unable to locate element: {\"method\":\"css selector\",\"selector\":\".block-title .cursor-pointer\"}\n  (Session info: chrome=145.0.7632.45); For documentation on this error, please visit: https://www.selenium.dev/documentation/webdriver/troubleshooting/errors#no-such-element-exception\n   at OpenQA.Selenium.WebDriver.UnpackAndThrowOnError(Response errorResponse, String commandToExecute)\n   at OpenQA.Selenium.WebDriver.ExecuteAsync(String driverCommandToExecute, Dictionary`2 parameters)\n   at SeleniumExtras.WaitHelpers.ExpectedConditions.<>c__DisplayClass19_0.<ElementToBeClickable>b__0(IWebDriver driver)\n   at OpenQA.Selenium.Support.UI.DefaultWait`1.Until[TResult](Func`2 condition, CancellationToken token)\n   --- End of inner exception stack trace ---\n   at OpenQA.Selenium.Support.UI.DefaultWait`1.ThrowTimeoutException(String exceptionMessage, Exception lastException)\n   at OpenQA.Selenium.Support.UI.DefaultWait`1.Until[TResult](Func`2 condition, CancellationToken token)\n   at OdinUiTests.Pages.ProgramInfoPage.ResetAllExamFilters() in /azp/_work/3/s/Pages/ProgramInfoPage.cs:line 427\n   at OdinUiTests.Pages.ProgramInfoPage.__a$_around_ClickOnResultTrainingButton_100667156_o() in /azp/_work/3/s/Pages/ProgramInfoPage.cs:line 462\n   at OdinUiTests.Pages.ProgramInfoPage.__a$_around_ClickOnResultTrainingButton_100667156_u(Object[])\n   at Allure.Net.Commons.Steps.AllureAbstractStepAspect.WrapSync[T](Func`2 target, Object[] args, MethodBase metadata, String stepName, List`1 stepParameters)"
      },
      "stage": "finished",
      "steps": [],
      "attachments": [],
      "parameters": [],
      "start": 1771574824926,
      "stop": 1771574860409
    }
  ],
  "attachments": [
    {
      "name": "CheckEndStudySwitchStatusForAdminDepartment.jpg",
      "source": "28f4254d-1275-4f92-9529-1d463f5200e2-attachment.jpg",
      "type": "image/jpeg"
    },
    {
      "name": "Console Output",
      "source": "8d5f8e19-b773-47b3-893e-bea8ef220397-attachment.txt",
      "type": "text/plain"
    }
  ],
  "parameters": [],
  "start": 1771574822241,
  "stop": 1771574860520
}