{
  "uuid": "b2d48d6f-7566-4edf-805a-86c95c7f1885",
  "historyId": "a856f1fbb3d365a74917d292ddc9dcd5",
  "testCaseId": "502f9a7d9bdd96182cd3e2437425c919",
  "fullName": "OdinUiTests:OdinUiTests.Tests.Cohort.CohortCreationWarningModalTests.CheckCreateCohortWithoutMismatchWarningOfDuration()",
  "labels": [
    {
      "name": "thread",
      "value": "NUnit.Fw.ParallelWorker#6"
    },
    {
      "name": "host",
      "value": "a3417370314a"
    },
    {
      "name": "language",
      "value": "C#"
    },
    {
      "name": "framework",
      "value": "NUnit 3"
    },
    {
      "name": "package",
      "value": "OdinUiTests.Tests.Cohort"
    },
    {
      "name": "testMethod",
      "value": "CheckCreateCohortWithoutMismatchWarningOfDuration"
    },
    {
      "name": "testClass",
      "value": "CohortCreationWarningModalTests"
    },
    {
      "name": "suite",
      "value": "Поток"
    },
    {
      "name": "subSuite",
      "value": "Создание потока"
    },
    {
      "name": "severity",
      "value": "normal"
    },
    {
      "name": "tag",
      "value": "Поток"
    },
    {
      "name": "tag",
      "value": "Дежурство"
    },
    {
      "name": "tag",
      "value": "Регресс"
    }
  ],
  "links": [],
  "name": "Создание потока: нет предупреждения о несоответствии длительности потока для программ длительностью кроме 72, 144 и 256 часов",
  "status": "broken",
  "statusDetails": {
    "known": false,
    "muted": false,
    "flaky": false,
    "message": "System.Reflection.TargetInvocationException : Exception has been thrown by the target of an invocation.\n  ----> OpenQA.Selenium.WebDriverTimeoutException : Timed out after 30 seconds\n  ----> OpenQA.Selenium.NoSuchElementException : no such element: Unable to locate element: {\"method\":\"css selector\",\"selector\":\".cohort-info .page-title\"}\n  (Session info: chrome=140.0.7339.127); For documentation on this error, please visit: https://www.selenium.dev/documentation/webdriver/troubleshooting/errors#no-such-element-exception",
    "trace": "   at System.Reflection.MethodBaseInvoker.InvokeWithManyArgs(Object obj, BindingFlags invokeAttr, Binder binder, Object[] parameters, CultureInfo culture)\n   at Allure.Net.Commons.Steps.AllureStepAspectBase.Around(String name, Object[] args, Func`2 target, MethodBase metadata, Type returnType)\n   at OdinUiTests.Pages.CohortInfoPage.__a$_around_CheckCohortSavedSuccessfully_100666586_w_0(Object[])\n   at OdinUiTests.Pages.CohortInfoPage.CheckCohortSavedSuccessfully(String cohortTitle, String startDate, String endDate)\n   at OdinUiTests.Tests.Cohort.CohortCreationWarningModalTests.CheckCreateCohortWithoutMismatchWarningOfDuration() in /azp/_work/1/s/Tests/Cohort/CohortCreateEditTests.cs:line 311\n   at System.RuntimeMethodHandle.InvokeMethod(Object target, Void** arguments, Signature sig, Boolean isConstructor)\n   at System.Reflection.MethodBaseInvoker.InvokeWithNoArgs(Object obj, BindingFlags invokeAttr)\n--WebDriverTimeoutException\n   at OpenQA.Selenium.Support.UI.DefaultWait`1.ThrowTimeoutException(String exceptionMessage, Exception lastException)\n   at OpenQA.Selenium.Support.UI.DefaultWait`1.Until[TResult](Func`2 condition, CancellationToken token)\n   at OpenQA.Selenium.Support.UI.DefaultWait`1.Until[TResult](Func`2 condition)\n   at OdinUiTests.Pages.CohortInfoPage.CohortSavedSuccessfully(String cohortTitle, String startDate, String endDate) in /azp/_work/1/s/Pages/CohortInfoPage.cs:line 423\n   at OdinUiTests.Pages.CohortInfoPage.__a$_around_CheckCohortSavedSuccessfully_100666586_o(String cohortTitle, String startDate, String endDate) in /azp/_work/1/s/Pages/CohortInfoPage.cs:line 437\n   at OdinUiTests.Pages.CohortInfoPage.__a$_around_CheckCohortSavedSuccessfully_100666586_u(Object[])\n   at Allure.Net.Commons.Steps.AllureAbstractStepAspect.WrapSync[T](Func`2 target, Object[] args, MethodBase metadata, String stepName, List`1 stepParameters)\n   at InvokeStub_AllureAbstractStepAspect.WrapSync(Object, Span`1)\n   at System.Reflection.MethodBaseInvoker.InvokeWithManyArgs(Object obj, BindingFlags invokeAttr, Binder binder, Object[] parameters, CultureInfo culture)\n--NoSuchElementException\n   at OpenQA.Selenium.WebDriver.UnpackAndThrowOnError(Response errorResponse, String commandToExecute)\n   at OpenQA.Selenium.WebDriver.ExecuteAsync(String driverCommandToExecute, Dictionary`2 parameters)\n   at SeleniumExtras.WaitHelpers.ExpectedConditions.<>c__DisplayClass19_0.<ElementToBeClickable>b__0(IWebDriver driver)\n   at OpenQA.Selenium.Support.UI.DefaultWait`1.Until[TResult](Func`2 condition, CancellationToken token)"
  },
  "stage": "finished",
  "steps": [
    {
      "name": "Открыть страницу создания потока",
      "status": "passed",
      "statusDetails": {
        "known": false,
        "muted": false,
        "flaky": false
      },
      "stage": "finished",
      "steps": [],
      "attachments": [],
      "parameters": [
        {
          "name": "programId",
          "value": "\"4\"",
          "excluded": false
        }
      ],
      "start": 1766980096492,
      "stop": 1766980097614
    },
    {
      "name": "Вставить значение в поле 'Название'",
      "status": "passed",
      "stage": "finished",
      "steps": [],
      "attachments": [],
      "parameters": [],
      "start": 1766980097614,
      "stop": 1766980106304
    },
    {
      "name": "Выбрать значение в поле 'Дата начала'",
      "status": "passed",
      "stage": "finished",
      "steps": [],
      "attachments": [],
      "parameters": [],
      "start": 1766980106304,
      "stop": 1766980118138
    },
    {
      "name": "Выбрать значение в поле 'Дата окончания' (любой период обучения)",
      "status": "passed",
      "stage": "finished",
      "steps": [],
      "attachments": [],
      "parameters": [],
      "start": 1766980118138,
      "stop": 1766980130193
    },
    {
      "name": "Нажать на кнопку 'Сохранить'",
      "status": "passed",
      "statusDetails": {
        "known": false,
        "muted": false,
        "flaky": false
      },
      "stage": "finished",
      "steps": [],
      "attachments": [],
      "parameters": [],
      "start": 1766980130193,
      "stop": 1766980130408
    },
    {
      "name": "Проверка корректности создания потока с выбранными датами",
      "status": "broken",
      "statusDetails": {
        "known": false,
        "muted": false,
        "flaky": false,
        "message": "Timed out after 30 seconds",
        "trace": "OpenQA.Selenium.WebDriverTimeoutException: Timed out after 30 seconds\n ---> OpenQA.Selenium.NoSuchElementException: no such element: Unable to locate element: {\"method\":\"css selector\",\"selector\":\".cohort-info .page-title\"}\n  (Session info: chrome=140.0.7339.127); For documentation on this error, please visit: https://www.selenium.dev/documentation/webdriver/troubleshooting/errors#no-such-element-exception\n   at OpenQA.Selenium.WebDriver.UnpackAndThrowOnError(Response errorResponse, String commandToExecute)\n   at OpenQA.Selenium.WebDriver.ExecuteAsync(String driverCommandToExecute, Dictionary`2 parameters)\n   at SeleniumExtras.WaitHelpers.ExpectedConditions.<>c__DisplayClass19_0.<ElementToBeClickable>b__0(IWebDriver driver)\n   at OpenQA.Selenium.Support.UI.DefaultWait`1.Until[TResult](Func`2 condition, CancellationToken token)\n   --- End of inner exception stack trace ---\n   at OpenQA.Selenium.Support.UI.DefaultWait`1.ThrowTimeoutException(String exceptionMessage, Exception lastException)\n   at OpenQA.Selenium.Support.UI.DefaultWait`1.Until[TResult](Func`2 condition, CancellationToken token)\n   at OpenQA.Selenium.Support.UI.DefaultWait`1.Until[TResult](Func`2 condition)\n   at OdinUiTests.Pages.CohortInfoPage.CohortSavedSuccessfully(String cohortTitle, String startDate, String endDate) in /azp/_work/1/s/Pages/CohortInfoPage.cs:line 423\n   at OdinUiTests.Pages.CohortInfoPage.__a$_around_CheckCohortSavedSuccessfully_100666586_o(String cohortTitle, String startDate, String endDate) in /azp/_work/1/s/Pages/CohortInfoPage.cs:line 437\n   at OdinUiTests.Pages.CohortInfoPage.__a$_around_CheckCohortSavedSuccessfully_100666586_u(Object[])\n   at Allure.Net.Commons.Steps.AllureAbstractStepAspect.WrapSync[T](Func`2 target, Object[] args, MethodBase metadata, String stepName, List`1 stepParameters)"
      },
      "stage": "finished",
      "steps": [],
      "attachments": [],
      "parameters": [
        {
          "name": "cohortTitle",
          "value": "\"0A25D45ECAEAB9B\"",
          "excluded": false
        },
        {
          "name": "startDate",
          "value": "\"16.12.2025\"",
          "excluded": false
        },
        {
          "name": "endDate",
          "value": "\"01.05.2026\"",
          "excluded": false
        }
      ],
      "start": 1766980130408,
      "stop": 1766980160812
    }
  ],
  "attachments": [
    {
      "name": "CheckCreateCohortWithoutMismatchWarningOfDuration.jpg",
      "source": "0065af36-3f32-46d8-8ab6-263949c53297-attachment.jpg",
      "type": "image/jpeg"
    },
    {
      "name": "Console Output",
      "source": "3fa2ca15-b08c-4346-8dba-a5bbda47043e-attachment.txt",
      "type": "text/plain"
    }
  ],
  "parameters": [],
  "start": 1766980096417,
  "stop": 1766980160942
}