{
  "uuid": "b1c00b39-8b12-411b-86f8-c680833ab6ba",
  "historyId": "21a38660e322ea73862775caaeb534ec",
  "testCaseId": "adebae0f8e0ee875d18b120f45be3033",
  "fullName": "OdinUiTests:OdinUiTests.Tests.Chat.PersonalChatTests.CheckCallInPersonalChat()",
  "labels": [
    {
      "name": "thread",
      "value": "NUnit.Fw.ParallelWorker#7"
    },
    {
      "name": "host",
      "value": "4c07215a7e90"
    },
    {
      "name": "language",
      "value": "C#"
    },
    {
      "name": "framework",
      "value": "NUnit 3"
    },
    {
      "name": "package",
      "value": "OdinUiTests.Tests.Chat"
    },
    {
      "name": "testMethod",
      "value": "CheckCallInPersonalChat"
    },
    {
      "name": "testClass",
      "value": "PersonalChatTests"
    },
    {
      "name": "suite",
      "value": "Чат"
    },
    {
      "name": "subSuite",
      "value": "Личный чат"
    },
    {
      "name": "severity",
      "value": "normal"
    },
    {
      "name": "tag",
      "value": "Чат"
    },
    {
      "name": "tag",
      "value": "Дежурство"
    },
    {
      "name": "tag",
      "value": "Регресс"
    }
  ],
  "links": [],
  "name": "Можно сделать звонок в личном чате",
  "status": "broken",
  "statusDetails": {
    "known": false,
    "muted": false,
    "flaky": false,
    "message": "System.Reflection.TargetInvocationException : Exception has been thrown by the target of an invocation.\n  ----> OpenQA.Selenium.WebDriverTimeoutException : Timed out after 30 seconds\n  ----> OpenQA.Selenium.NoSuchElementException : no such element: Unable to locate element: {\"method\":\"xpath\",\"selector\":\"//i[contains(text(),'call_end')]\"}\n  (Session info: chrome=140.0.7339.127); For documentation on this error, please visit: https://www.selenium.dev/documentation/webdriver/troubleshooting/errors#no-such-element-exception",
    "trace": "   at System.Reflection.MethodBaseInvoker.InvokeWithManyArgs(Object obj, BindingFlags invokeAttr, Binder binder, Object[] parameters, CultureInfo culture)\n   at Allure.Net.Commons.Steps.AllureStepAspectBase.Around(String name, Object[] args, Func`2 target, MethodBase metadata, Type returnType)\n   at OdinUiTests.Pages.CallPage.__a$_around_CallIsStartedFromChat_100666319_w_0(Object[])\n   at OdinUiTests.Pages.CallPage.CallIsStartedFromChat(Boolean isAdminStartCall)\n   at OdinUiTests.Pages.CallPage.СheckCallIsStartedFromChat(Boolean isAdminStartCall) in /azp/_work/1/s/Pages/CallPage.cs:line 235\n   at OdinUiTests.Tests.Chat.ChatCommon.CallInChat(IWebDriver driver, String chatId, Boolean isMinichat, Boolean isAdminStartCall) in /azp/_work/1/s/Tests/Chat/ChatCommon.cs:line 211\n   at OdinUiTests.Tests.Chat.ChatCommon.CallInPersonalChat(IWebDriver driver, String chatId) in /azp/_work/1/s/Tests/Chat/ChatCommon.cs:line 225\n   at OdinUiTests.Tests.Chat.PersonalChatTests.CheckCallInPersonalChat() in /azp/_work/1/s/Tests/Chat/ChatTests.cs:line 855\n   at System.RuntimeMethodHandle.InvokeMethod(Object target, Void** arguments, Signature sig, Boolean isConstructor)\n   at System.Reflection.MethodBaseInvoker.InvokeWithNoArgs(Object obj, BindingFlags invokeAttr)\n--WebDriverTimeoutException\n   at OpenQA.Selenium.Support.UI.DefaultWait`1.ThrowTimeoutException(String exceptionMessage, Exception lastException)\n   at OpenQA.Selenium.Support.UI.DefaultWait`1.Until[TResult](Func`2 condition, CancellationToken token)\n   at OpenQA.Selenium.Support.UI.DefaultWait`1.Until[TResult](Func`2 condition)\n   at OdinUiTests.Pages.CallPage.__a$_around_CallIsStartedFromChat_100666319_o(Boolean isAdminStartCall) in /azp/_work/1/s/Pages/CallPage.cs:line 221\n   at OdinUiTests.Pages.CallPage.__a$_around_CallIsStartedFromChat_100666319_u(Object[])\n   at Allure.Net.Commons.Steps.AllureAbstractStepAspect.WrapSync[T](Func`2 target, Object[] args, MethodBase metadata, String stepName, List`1 stepParameters)\n   at InvokeStub_AllureAbstractStepAspect.WrapSync(Object, Span`1)\n   at System.Reflection.MethodBaseInvoker.InvokeWithManyArgs(Object obj, BindingFlags invokeAttr, Binder binder, Object[] parameters, CultureInfo culture)\n--NoSuchElementException\n   at OpenQA.Selenium.WebDriver.UnpackAndThrowOnError(Response errorResponse, String commandToExecute)\n   at OpenQA.Selenium.WebDriver.ExecuteAsync(String driverCommandToExecute, Dictionary`2 parameters)\n   at SeleniumExtras.WaitHelpers.ExpectedConditions.<>c__DisplayClass19_0.<ElementToBeClickable>b__0(IWebDriver driver)\n   at OpenQA.Selenium.Support.UI.DefaultWait`1.Until[TResult](Func`2 condition, CancellationToken token)"
  },
  "stage": "finished",
  "steps": [
    {
      "name": "Открыть чат по прямой ссылке",
      "status": "passed",
      "statusDetails": {
        "known": false,
        "muted": false,
        "flaky": false
      },
      "stage": "finished",
      "steps": [],
      "attachments": [],
      "parameters": [
        {
          "name": "chatId",
          "value": "\"732060\"",
          "excluded": false
        }
      ],
      "start": 1768187244793,
      "stop": 1768187245562
    },
    {
      "name": "Нажать на кнопку звонка в чате",
      "status": "passed",
      "statusDetails": {
        "known": false,
        "muted": false,
        "flaky": false
      },
      "stage": "finished",
      "steps": [],
      "attachments": [],
      "parameters": [],
      "start": 1768187245562,
      "stop": 1768187248664
    },
    {
      "name": "Нажать на кнопку 'Присоединиться' в предбаннике",
      "status": "passed",
      "statusDetails": {
        "known": false,
        "muted": false,
        "flaky": false
      },
      "stage": "finished",
      "steps": [],
      "attachments": [],
      "parameters": [],
      "start": 1768187254465,
      "stop": 1768187276356
    },
    {
      "name": "Проверка того, что звонок был начат",
      "status": "broken",
      "statusDetails": {
        "known": false,
        "muted": false,
        "flaky": false,
        "message": "Timed out after 30 seconds",
        "trace": "OpenQA.Selenium.WebDriverTimeoutException: Timed out after 30 seconds\n ---> OpenQA.Selenium.NoSuchElementException: no such element: Unable to locate element: {\"method\":\"xpath\",\"selector\":\"//i[contains(text(),'call_end')]\"}\n  (Session info: chrome=140.0.7339.127); For documentation on this error, please visit: https://www.selenium.dev/documentation/webdriver/troubleshooting/errors#no-such-element-exception\n   at OpenQA.Selenium.WebDriver.UnpackAndThrowOnError(Response errorResponse, String commandToExecute)\n   at OpenQA.Selenium.WebDriver.ExecuteAsync(String driverCommandToExecute, Dictionary`2 parameters)\n   at SeleniumExtras.WaitHelpers.ExpectedConditions.<>c__DisplayClass19_0.<ElementToBeClickable>b__0(IWebDriver driver)\n   at OpenQA.Selenium.Support.UI.DefaultWait`1.Until[TResult](Func`2 condition, CancellationToken token)\n   --- End of inner exception stack trace ---\n   at OpenQA.Selenium.Support.UI.DefaultWait`1.ThrowTimeoutException(String exceptionMessage, Exception lastException)\n   at OpenQA.Selenium.Support.UI.DefaultWait`1.Until[TResult](Func`2 condition, CancellationToken token)\n   at OpenQA.Selenium.Support.UI.DefaultWait`1.Until[TResult](Func`2 condition)\n   at OdinUiTests.Pages.CallPage.__a$_around_CallIsStartedFromChat_100666319_o(Boolean isAdminStartCall) in /azp/_work/1/s/Pages/CallPage.cs:line 221\n   at OdinUiTests.Pages.CallPage.__a$_around_CallIsStartedFromChat_100666319_u(Object[])\n   at Allure.Net.Commons.Steps.AllureAbstractStepAspect.WrapSync[T](Func`2 target, Object[] args, MethodBase metadata, String stepName, List`1 stepParameters)"
      },
      "stage": "finished",
      "steps": [],
      "attachments": [],
      "parameters": [
        {
          "name": "isAdminStartCall",
          "value": "false",
          "excluded": false
        }
      ],
      "start": 1768187276356,
      "stop": 1768187306569
    }
  ],
  "attachments": [
    {
      "name": "CheckCallInPersonalChat.jpg",
      "source": "b49d98bf-61e5-4454-aa92-4de0d567e0f4-attachment.jpg",
      "type": "image/jpeg"
    },
    {
      "name": "Console Output",
      "source": "169147fa-19a4-4514-b78d-b6d5f0d1d8ac-attachment.txt",
      "type": "text/plain"
    }
  ],
  "parameters": [],
  "start": 1768187244793,
  "stop": 1768187306745
}