{
  "uuid": "86bc7e07-dbdf-4b31-b96c-6cb67b2943ef",
  "historyId": "f1c76767d986a2bbd3aa1ea5a94acabe",
  "testCaseId": "9cb86a9a85acd7b731272e112038b560",
  "fullName": "OdinUiTests:OdinUiTests.Tests.Cohort.CohortCreationTests.CheckCreateCohortByFillingMaxNumberOfStudents()",
  "labels": [
    {
      "name": "thread",
      "value": "NUnit.Fw.ParallelWorker#8"
    },
    {
      "name": "host",
      "value": "a3417370314a"
    },
    {
      "name": "language",
      "value": "C#"
    },
    {
      "name": "framework",
      "value": "NUnit 3"
    },
    {
      "name": "package",
      "value": "OdinUiTests.Tests.Cohort"
    },
    {
      "name": "testMethod",
      "value": "CheckCreateCohortByFillingMaxNumberOfStudents"
    },
    {
      "name": "testClass",
      "value": "CohortCreationTests"
    },
    {
      "name": "suite",
      "value": "Поток"
    },
    {
      "name": "subSuite",
      "value": "Создание потока"
    },
    {
      "name": "severity",
      "value": "normal"
    },
    {
      "name": "tag",
      "value": "Дежурство"
    },
    {
      "name": "tag",
      "value": "Дежурство"
    },
    {
      "name": "tag",
      "value": "Поток"
    },
    {
      "name": "tag",
      "value": "Регресс"
    }
  ],
  "links": [],
  "name": "Создание потока: можно создать поток, заполнив поле ‘Максимальное количество студентов’",
  "status": "broken",
  "statusDetails": {
    "known": false,
    "muted": false,
    "flaky": false,
    "message": "OpenQA.Selenium.WebDriverTimeoutException : Timed out after 30 seconds\n  ----> OpenQA.Selenium.NoSuchElementException : no such element: Unable to locate element: {\"method\":\"xpath\",\"selector\":\"//span[contains(text(),'Студентов')]\"}\n  (Session info: chrome=140.0.7339.127); For documentation on this error, please visit: https://www.selenium.dev/documentation/webdriver/troubleshooting/errors#no-such-element-exception",
    "trace": "   at OpenQA.Selenium.Support.UI.DefaultWait`1.ThrowTimeoutException(String exceptionMessage, Exception lastException)\n   at OpenQA.Selenium.Support.UI.DefaultWait`1.Until[TResult](Func`2 condition, CancellationToken token)\n   at OpenQA.Selenium.Support.UI.DefaultWait`1.Until[TResult](Func`2 condition)\n   at OdinUiTests.Pages.CohortInfoPage.<>c__DisplayClass59_0.<CheckCohortSavedSuccessWithNumOfStudents>b__0() in /azp/_work/1/s/Pages/CohortInfoPage.cs:line 545\n   at Allure.Net.Commons.AllureApi.ExecuteAction[T](String name, Action`1 start, Func`1 action, Action`1 resolve)\n   at Allure.Net.Commons.AllureApi.Step(String name, Action action)\n   at OdinUiTests.Pages.CohortInfoPage.CheckCohortSavedSuccessWithNumOfStudents(Int32 number, Boolean editing) in /azp/_work/1/s/Pages/CohortInfoPage.cs:line 542\n   at OdinUiTests.Tests.Cohort.CohortCreationTests.CheckCreateCohortByFillingMaxNumberOfStudents() in /azp/_work/1/s/Tests/Cohort/CohortCreateEditTests.cs:line 119\n   at System.RuntimeMethodHandle.InvokeMethod(Object target, Void** arguments, Signature sig, Boolean isConstructor)\n   at System.Reflection.MethodBaseInvoker.InvokeWithNoArgs(Object obj, BindingFlags invokeAttr)\n--NoSuchElementException\n   at OpenQA.Selenium.WebDriver.UnpackAndThrowOnError(Response errorResponse, String commandToExecute)\n   at OpenQA.Selenium.WebDriver.ExecuteAsync(String driverCommandToExecute, Dictionary`2 parameters)\n   at SeleniumExtras.WaitHelpers.ExpectedConditions.<>c__DisplayClass19_0.<ElementToBeClickable>b__0(IWebDriver driver)\n   at OpenQA.Selenium.Support.UI.DefaultWait`1.Until[TResult](Func`2 condition, CancellationToken token)"
  },
  "stage": "finished",
  "steps": [
    {
      "name": "Открыть страницу создания потока",
      "status": "passed",
      "statusDetails": {
        "known": false,
        "muted": false,
        "flaky": false
      },
      "stage": "finished",
      "steps": [],
      "attachments": [],
      "parameters": [
        {
          "name": "programId",
          "value": "\"5\"",
          "excluded": false
        }
      ],
      "start": 1766980195318,
      "stop": 1766980196099
    },
    {
      "name": "Вставить значение в поле 'Название'",
      "status": "passed",
      "stage": "finished",
      "steps": [],
      "attachments": [],
      "parameters": [],
      "start": 1766980196099,
      "stop": 1766980203127
    },
    {
      "name": "Выбрать значение в поле 'Дата начала'",
      "status": "passed",
      "stage": "finished",
      "steps": [],
      "attachments": [],
      "parameters": [],
      "start": 1766980203127,
      "stop": 1766980214332
    },
    {
      "name": "Выбрать значение в поле 'Дата окончания'",
      "status": "passed",
      "stage": "finished",
      "steps": [],
      "attachments": [],
      "parameters": [],
      "start": 1766980214332,
      "stop": 1766980226897
    },
    {
      "name": "Вставить значение в поле ‘Максимальное количество студентов’",
      "status": "passed",
      "stage": "finished",
      "steps": [],
      "attachments": [],
      "parameters": [],
      "start": 1766980226897,
      "stop": 1766980232467
    },
    {
      "name": "Нажать на кнопку 'Сохранить'",
      "status": "passed",
      "statusDetails": {
        "known": false,
        "muted": false,
        "flaky": false
      },
      "stage": "finished",
      "steps": [],
      "attachments": [],
      "parameters": [],
      "start": 1766980232467,
      "stop": 1766980232553
    },
    {
      "name": "Проверка корректности создания потока с заданным значением в поле ‘Максимальное количество студентов’",
      "status": "broken",
      "statusDetails": {
        "known": false,
        "muted": false,
        "flaky": false,
        "message": "Timed out after 30 seconds",
        "trace": "OpenQA.Selenium.WebDriverTimeoutException: Timed out after 30 seconds\n ---> OpenQA.Selenium.NoSuchElementException: no such element: Unable to locate element: {\"method\":\"xpath\",\"selector\":\"//span[contains(text(),'Студентов')]\"}\n  (Session info: chrome=140.0.7339.127); For documentation on this error, please visit: https://www.selenium.dev/documentation/webdriver/troubleshooting/errors#no-such-element-exception\n   at OpenQA.Selenium.WebDriver.UnpackAndThrowOnError(Response errorResponse, String commandToExecute)\n   at OpenQA.Selenium.WebDriver.ExecuteAsync(String driverCommandToExecute, Dictionary`2 parameters)\n   at SeleniumExtras.WaitHelpers.ExpectedConditions.<>c__DisplayClass19_0.<ElementToBeClickable>b__0(IWebDriver driver)\n   at OpenQA.Selenium.Support.UI.DefaultWait`1.Until[TResult](Func`2 condition, CancellationToken token)\n   --- End of inner exception stack trace ---\n   at OpenQA.Selenium.Support.UI.DefaultWait`1.ThrowTimeoutException(String exceptionMessage, Exception lastException)\n   at OpenQA.Selenium.Support.UI.DefaultWait`1.Until[TResult](Func`2 condition, CancellationToken token)\n   at OpenQA.Selenium.Support.UI.DefaultWait`1.Until[TResult](Func`2 condition)\n   at OdinUiTests.Pages.CohortInfoPage.<>c__DisplayClass59_0.<CheckCohortSavedSuccessWithNumOfStudents>b__0() in /azp/_work/1/s/Pages/CohortInfoPage.cs:line 545\n   at Allure.Net.Commons.AllureApi.ExecuteAction[T](String name, Action`1 start, Func`1 action, Action`1 resolve)\n   at Allure.Net.Commons.AllureApi.Step(String name, Action action)\n   at OdinUiTests.Pages.CohortInfoPage.CheckCohortSavedSuccessWithNumOfStudents(Int32 number, Boolean editing) in /azp/_work/1/s/Pages/CohortInfoPage.cs:line 542\n   at OdinUiTests.Tests.Cohort.CohortCreationTests.CheckCreateCohortByFillingMaxNumberOfStudents() in /azp/_work/1/s/Tests/Cohort/CohortCreateEditTests.cs:line 119\n   at System.RuntimeMethodHandle.InvokeMethod(Object target, Void** arguments, Signature sig, Boolean isConstructor)\n   at System.Reflection.MethodBaseInvoker.InvokeWithNoArgs(Object obj, BindingFlags invokeAttr)"
      },
      "stage": "finished",
      "steps": [],
      "attachments": [],
      "parameters": [],
      "start": 1766980232553,
      "stop": 1766980262804
    }
  ],
  "attachments": [
    {
      "name": "CheckCreateCohortByFillingMaxNumberOfStudents.jpg",
      "source": "7d7a183f-201b-4d65-8439-ae8f30a42560-attachment.jpg",
      "type": "image/jpeg"
    },
    {
      "name": "Console Output",
      "source": "5bbee39a-6cbe-4a1a-bb7b-5684e39beb63-attachment.txt",
      "type": "text/plain"
    }
  ],
  "parameters": [],
  "start": 1766980195318,
  "stop": 1766980268326
}