{
  "uuid": "cc495969-5015-4773-9f91-36965bd9772b",
  "historyId": "665d09fa230308deba1e0c32993fe263",
  "testCaseId": "31f4dc21b78a985dce5e4c8e4bd6fbdc",
  "fullName": "OdinUiTests:OdinUiTests.Tests.Activity.TemplateEditingTests.CheckEditActivityTemplateDescription()",
  "labels": [
    {
      "name": "thread",
      "value": "NUnit.Fw.ParallelWorker#1"
    },
    {
      "name": "host",
      "value": "c1d9f76ca07f"
    },
    {
      "name": "language",
      "value": "C#"
    },
    {
      "name": "framework",
      "value": "NUnit 3"
    },
    {
      "name": "package",
      "value": "OdinUiTests.Tests.Activity"
    },
    {
      "name": "testMethod",
      "value": "CheckEditActivityTemplateDescription"
    },
    {
      "name": "testClass",
      "value": "TemplateEditingTests"
    },
    {
      "name": "suite",
      "value": "Активность"
    },
    {
      "name": "subSuite",
      "value": "Обычный шаблон активности"
    },
    {
      "name": "severity",
      "value": "normal"
    },
    {
      "name": "tag",
      "value": "Активность"
    },
    {
      "name": "tag",
      "value": "Дежурство"
    },
    {
      "name": "tag",
      "value": "Регресс"
    }
  ],
  "links": [],
  "name": "Можно изменить описание шаблона активности",
  "status": "broken",
  "statusDetails": {
    "known": false,
    "muted": false,
    "flaky": false,
    "message": "System.Reflection.TargetInvocationException : Exception has been thrown by the target of an invocation.\n  ----> OpenQA.Selenium.WebDriverTimeoutException : Timed out after 30 seconds\n  ----> OpenQA.Selenium.NoSuchElementException : no such element: Unable to locate element: {\"method\":\"css selector\",\"selector\":\"input[aria-label*='Название']\"}\n  (Session info: chrome=140.0.7339.127); For documentation on this error, please visit: https://www.selenium.dev/documentation/webdriver/troubleshooting/errors#no-such-element-exception",
    "trace": "   at System.Reflection.MethodBaseInvoker.InvokeWithManyArgs(Object obj, BindingFlags invokeAttr, Binder binder, Object[] parameters, CultureInfo culture)\n   at Allure.Net.Commons.Steps.AllureStepAspectBase.Around(String name, Object[] args, Func`2 target, MethodBase metadata, Type returnType)\n   at OdinUiTests.Pages.ActivityCommonEditPage.__a$_around_EditValueInDescriptionField_100666051_w_0(Object[])\n   at OdinUiTests.Pages.ActivityCommonEditPage.EditValueInDescriptionField(String description)\n   at OdinUiTests.Tests.Activity.ActivityCommon.EditDescription(IWebDriver driver, Boolean isTemplate, String id) in /azp/_work/3/s/Tests/Activity/ActivityCommon.cs:line 425\n   at OdinUiTests.Tests.Activity.ActivityCommon.EditActivityPlanDescription(IWebDriver driver, String contentId) in /azp/_work/3/s/Tests/Activity/ActivityCommon.cs:line 438\n   at OdinUiTests.Tests.Activity.TemplateEditingTests.CheckEditActivityTemplateDescription() in /azp/_work/3/s/Tests/Activity/TemplateTests.cs:line 44\n   at System.RuntimeMethodHandle.InvokeMethod(Object target, Void** arguments, Signature sig, Boolean isConstructor)\n   at System.Reflection.MethodBaseInvoker.InvokeWithNoArgs(Object obj, BindingFlags invokeAttr)\n--WebDriverTimeoutException\n   at OpenQA.Selenium.Support.UI.DefaultWait`1.ThrowTimeoutException(String exceptionMessage, Exception lastException)\n   at OpenQA.Selenium.Support.UI.DefaultWait`1.Until[TResult](Func`2 condition, CancellationToken token)\n   at OpenQA.Selenium.Support.UI.DefaultWait`1.Until[TResult](Func`2 condition)\n   at OdinUiTests.Pages.ActivityCommonEditPage.__a$_around_EditValueInDescriptionField_100666051_o(String description) in /azp/_work/3/s/Pages/ActivityCommonEditPage.cs:line 194\n   at OdinUiTests.Pages.ActivityCommonEditPage.__a$_around_EditValueInDescriptionField_100666051_u(Object[])\n   at Allure.Net.Commons.Steps.AllureAbstractStepAspect.WrapSync[T](Func`2 target, Object[] args, MethodBase metadata, String stepName, List`1 stepParameters)\n   at InvokeStub_AllureAbstractStepAspect.WrapSync(Object, Span`1)\n   at System.Reflection.MethodBaseInvoker.InvokeWithManyArgs(Object obj, BindingFlags invokeAttr, Binder binder, Object[] parameters, CultureInfo culture)\n--NoSuchElementException\n   at OpenQA.Selenium.WebDriver.UnpackAndThrowOnError(Response errorResponse, String commandToExecute)\n   at OpenQA.Selenium.WebDriver.ExecuteAsync(String driverCommandToExecute, Dictionary`2 parameters)\n   at SeleniumExtras.WaitHelpers.ExpectedConditions.<>c__DisplayClass19_0.<ElementToBeClickable>b__0(IWebDriver driver)\n   at OpenQA.Selenium.Support.UI.DefaultWait`1.Until[TResult](Func`2 condition, CancellationToken token)"
  },
  "stage": "finished",
  "steps": [
    {
      "name": "Открыть страницу редактирования активности",
      "status": "passed",
      "statusDetails": {
        "known": false,
        "muted": false,
        "flaky": false
      },
      "stage": "finished",
      "steps": [
        {
          "name": "Открыть страницу редактирования шаблона активности",
          "status": "passed",
          "statusDetails": {
            "known": false,
            "muted": false,
            "flaky": false
          },
          "stage": "finished",
          "steps": [],
          "attachments": [],
          "parameters": [
            {
              "name": "contentId",
              "value": "\"1340\"",
              "excluded": false
            }
          ],
          "start": 1770096167397,
          "stop": 1770096167514
        }
      ],
      "attachments": [],
      "parameters": [
        {
          "name": "isTemplate",
          "value": "true",
          "excluded": false
        },
        {
          "name": "id",
          "value": "\"1340\"",
          "excluded": false
        }
      ],
      "start": 1770096167397,
      "stop": 1770096167514
    },
    {
      "name": "Редактировать значение в поле 'Описание'",
      "status": "broken",
      "statusDetails": {
        "known": false,
        "muted": false,
        "flaky": false,
        "message": "Timed out after 30 seconds",
        "trace": "OpenQA.Selenium.WebDriverTimeoutException: Timed out after 30 seconds\n ---> OpenQA.Selenium.NoSuchElementException: no such element: Unable to locate element: {\"method\":\"css selector\",\"selector\":\"input[aria-label*='Название']\"}\n  (Session info: chrome=140.0.7339.127); For documentation on this error, please visit: https://www.selenium.dev/documentation/webdriver/troubleshooting/errors#no-such-element-exception\n   at OpenQA.Selenium.WebDriver.UnpackAndThrowOnError(Response errorResponse, String commandToExecute)\n   at OpenQA.Selenium.WebDriver.ExecuteAsync(String driverCommandToExecute, Dictionary`2 parameters)\n   at SeleniumExtras.WaitHelpers.ExpectedConditions.<>c__DisplayClass19_0.<ElementToBeClickable>b__0(IWebDriver driver)\n   at OpenQA.Selenium.Support.UI.DefaultWait`1.Until[TResult](Func`2 condition, CancellationToken token)\n   --- End of inner exception stack trace ---\n   at OpenQA.Selenium.Support.UI.DefaultWait`1.ThrowTimeoutException(String exceptionMessage, Exception lastException)\n   at OpenQA.Selenium.Support.UI.DefaultWait`1.Until[TResult](Func`2 condition, CancellationToken token)\n   at OpenQA.Selenium.Support.UI.DefaultWait`1.Until[TResult](Func`2 condition)\n   at OdinUiTests.Pages.ActivityCommonEditPage.__a$_around_EditValueInDescriptionField_100666051_o(String description) in /azp/_work/3/s/Pages/ActivityCommonEditPage.cs:line 194\n   at OdinUiTests.Pages.ActivityCommonEditPage.__a$_around_EditValueInDescriptionField_100666051_u(Object[])\n   at Allure.Net.Commons.Steps.AllureAbstractStepAspect.WrapSync[T](Func`2 target, Object[] args, MethodBase metadata, String stepName, List`1 stepParameters)"
      },
      "stage": "finished",
      "steps": [],
      "attachments": [],
      "parameters": [
        {
          "name": "description",
          "value": "\"23543AF17853FGF\"",
          "excluded": false
        }
      ],
      "start": 1770096167514,
      "stop": 1770096197725
    }
  ],
  "attachments": [
    {
      "name": "CheckEditActivityTemplateDescription.jpg",
      "source": "62e0cb35-428a-4706-a3e2-c76fd01ce2c0-attachment.jpg",
      "type": "image/jpeg"
    },
    {
      "name": "Console Output",
      "source": "ceabe42f-ce8b-49b7-8298-ac5c115735f1-attachment.txt",
      "type": "text/plain"
    }
  ],
  "parameters": [],
  "start": 1770096167397,
  "stop": 1770096197988
}