{
  "uuid": "bf51073a-c206-4ef5-8c1d-c9451a9f0904",
  "historyId": "c7dcade81eefb378baf71fdc54d04a4c",
  "testCaseId": "9bdb4b8a02ce12bae88fbdfbaa044586",
  "fullName": "OdinUiTests:OdinUiTests.Tests.Activity.TestActivityStatusWithTwoOrMoreAttemptsTests.CheckStatusExistIfAtLeastOneCompletedAttempt(System.String)",
  "labels": [
    {
      "name": "thread",
      "value": "NUnit.Fw.ParallelWorker#5"
    },
    {
      "name": "host",
      "value": "36b6ea746d53"
    },
    {
      "name": "language",
      "value": "C#"
    },
    {
      "name": "framework",
      "value": "NUnit 3"
    },
    {
      "name": "package",
      "value": "OdinUiTests.Tests.Activity"
    },
    {
      "name": "testMethod",
      "value": "CheckStatusExistIfAtLeastOneCompletedAttempt"
    },
    {
      "name": "testClass",
      "value": "TestActivityStatusWithTwoOrMoreAttemptsTests"
    },
    {
      "name": "parentSuite",
      "value": "Активность"
    },
    {
      "name": "suite",
      "value": "Контрольная"
    },
    {
      "name": "subSuite",
      "value": "Прохождение теста"
    },
    {
      "name": "severity",
      "value": "critical"
    },
    {
      "name": "tag",
      "value": "Активность"
    },
    {
      "name": "tag",
      "value": "Дежурство"
    },
    {
      "name": "tag",
      "value": "Регресс"
    }
  ],
  "links": [],
  "name": "Статус отображается, если есть хотя бы одна завершенная попытка в командной контрольной",
  "status": "broken",
  "statusDetails": {
    "known": false,
    "muted": false,
    "flaky": false,
    "message": "System.Reflection.TargetInvocationException : Exception has been thrown by the target of an invocation.\n  ----> System.Reflection.TargetInvocationException : Exception has been thrown by the target of an invocation.\n  ----> OpenQA.Selenium.ElementClickInterceptedException : element click intercepted: Element <div data-v-43c7e7d6=\"\">...</div> is not clickable at point (1051, 387). Other element would receive the click: <div data-v-8f8b8097=\"\" class=\"q-card__section q-card__section--vert text-center q-pa-none\">...</div>\n  (Session info: chrome=145.0.7632.45)",
    "trace": "   at System.Reflection.MethodBaseInvoker.InvokeWithManyArgs(Object obj, BindingFlags invokeAttr, Binder binder, Object[] parameters, CultureInfo culture)\n   at System.Reflection.RuntimeMethodInfo.Invoke(Object obj, BindingFlags invokeAttr, Binder binder, Object[] parameters, CultureInfo culture)\n   at Allure.Net.Commons.Steps.AllureStepAspectBase.Around(String name, Object[] args, Func`2 target, MethodBase metadata, Type returnType)\n   at OdinUiTests.Pages.ActivityCommonPage.__a$_around_AddOneIncompleteAttempt_100666144_w_0(Object[])\n   at OdinUiTests.Pages.ActivityCommonPage.AddOneIncompleteAttempt()\n   at OdinUiTests.Tests.Activity.TestActivityStatusWithTwoOrMoreAttemptsTests.CheckStatusExistIfAtLeastOneCompletedAttempt(String actId) in /azp/_work/1/s/Tests/Activity/TestActivityTests.cs:line 679\n   at InvokeStub_TestActivityStatusWithTwoOrMoreAttemptsTests.CheckStatusExistIfAtLeastOneCompletedAttempt(Object, Span`1)\n   at System.Reflection.MethodBaseInvoker.InvokeWithOneArg(Object obj, BindingFlags invokeAttr, Binder binder, Object[] parameters, CultureInfo culture)\n--TargetInvocationException\n   at System.Reflection.MethodBaseInvoker.InvokeWithManyArgs(Object obj, BindingFlags invokeAttr, Binder binder, Object[] parameters, CultureInfo culture)\n   at System.Reflection.RuntimeMethodInfo.Invoke(Object obj, BindingFlags invokeAttr, Binder binder, Object[] parameters, CultureInfo culture)\n   at Allure.Net.Commons.Steps.AllureStepAspectBase.Around(String name, Object[] args, Func`2 target, MethodBase metadata, Type returnType)\n   at OdinUiTests.Pages.ActivityCommonPage.__a$_around_ClickOnGotoTestButton_100666162_w_0(Object[])\n   at OdinUiTests.Pages.ActivityCommonPage.ClickOnGotoTestButton()\n   at OdinUiTests.Pages.ActivityCommonPage.__a$_around_AddOneIncompleteAttempt_100666144_o() in /azp/_work/1/s/Pages/ActivityCommonPage.cs:line 142\n   at OdinUiTests.Pages.ActivityCommonPage.__a$_around_AddOneIncompleteAttempt_100666144_u(Object[])\n   at Allure.Net.Commons.Steps.AllureAbstractStepAspect.WrapSync[T](Func`2 target, Object[] args, MethodBase metadata, String stepName, List`1 stepParameters)\n   at InvokeStub_AllureAbstractStepAspect.WrapSync(Object, Span`1)\n   at System.Reflection.MethodBaseInvoker.InvokeWithManyArgs(Object obj, BindingFlags invokeAttr, Binder binder, Object[] parameters, CultureInfo culture)\n--ElementClickInterceptedException\n   at OpenQA.Selenium.WebDriver.UnpackAndThrowOnError(Response errorResponse, String commandToExecute)\n   at OpenQA.Selenium.WebDriver.ExecuteAsync(String driverCommandToExecute, Dictionary`2 parameters)\n   at OpenQA.Selenium.WebElement.Execute(String commandToExecute, Dictionary`2 parameters)\n   at OpenQA.Selenium.WebElement.Click()\n   at OdinUiTests.Pages.ActivityCommonPage.__a$_around_ClickOnGotoTestButton_100666162_o() in /azp/_work/1/s/Pages/ActivityCommonPage.cs:line 315\n   at OdinUiTests.Pages.ActivityCommonPage.__a$_around_ClickOnGotoTestButton_100666162_u(Object[])\n   at Allure.Net.Commons.Steps.AllureAbstractStepAspect.WrapSync[T](Func`2 target, Object[] args, MethodBase metadata, String stepName, List`1 stepParameters)\n   at InvokeStub_AllureAbstractStepAspect.WrapSync(Object, Span`1)\n   at System.Reflection.MethodBaseInvoker.InvokeWithManyArgs(Object obj, BindingFlags invokeAttr, Binder binder, Object[] parameters, CultureInfo culture)"
  },
  "stage": "finished",
  "steps": [
    {
      "name": "Открыть страницу активности",
      "status": "passed",
      "statusDetails": {
        "known": false,
        "muted": false,
        "flaky": false
      },
      "stage": "finished",
      "steps": [],
      "attachments": [],
      "parameters": [
        {
          "name": "activityId",
          "value": "\"571\"",
          "excluded": false
        }
      ],
      "start": 1771566689130,
      "stop": 1771566689413
    },
    {
      "name": "Убедиться что есть хотя бы одна завершенная попытка",
      "status": "passed",
      "statusDetails": {
        "known": false,
        "muted": false,
        "flaky": false
      },
      "stage": "finished",
      "steps": [],
      "attachments": [],
      "parameters": [],
      "start": 1771566689413,
      "stop": 1771566689413
    },
    {
      "name": "Добавить одну незавершенную попытку",
      "status": "broken",
      "statusDetails": {
        "known": false,
        "muted": false,
        "flaky": false,
        "message": "Exception has been thrown by the target of an invocation.",
        "trace": "System.Reflection.TargetInvocationException: Exception has been thrown by the target of an invocation.\n ---> OpenQA.Selenium.ElementClickInterceptedException: element click intercepted: Element <div data-v-43c7e7d6=\"\">...</div> is not clickable at point (1051, 387). Other element would receive the click: <div data-v-8f8b8097=\"\" class=\"q-card__section q-card__section--vert text-center q-pa-none\">...</div>\n  (Session info: chrome=145.0.7632.45)\n   at OpenQA.Selenium.WebDriver.UnpackAndThrowOnError(Response errorResponse, String commandToExecute)\n   at OpenQA.Selenium.WebDriver.ExecuteAsync(String driverCommandToExecute, Dictionary`2 parameters)\n   at OpenQA.Selenium.WebElement.Execute(String commandToExecute, Dictionary`2 parameters)\n   at OpenQA.Selenium.WebElement.Click()\n   at OdinUiTests.Pages.ActivityCommonPage.__a$_around_ClickOnGotoTestButton_100666162_o() in /azp/_work/1/s/Pages/ActivityCommonPage.cs:line 315\n   at OdinUiTests.Pages.ActivityCommonPage.__a$_around_ClickOnGotoTestButton_100666162_u(Object[])\n   at Allure.Net.Commons.Steps.AllureAbstractStepAspect.WrapSync[T](Func`2 target, Object[] args, MethodBase metadata, String stepName, List`1 stepParameters)\n   at InvokeStub_AllureAbstractStepAspect.WrapSync(Object, Span`1)\n   at System.Reflection.MethodBaseInvoker.InvokeWithManyArgs(Object obj, BindingFlags invokeAttr, Binder binder, Object[] parameters, CultureInfo culture)\n   --- End of inner exception stack trace ---\n   at System.Reflection.MethodBaseInvoker.InvokeWithManyArgs(Object obj, BindingFlags invokeAttr, Binder binder, Object[] parameters, CultureInfo culture)\n   at System.Reflection.RuntimeMethodInfo.Invoke(Object obj, BindingFlags invokeAttr, Binder binder, Object[] parameters, CultureInfo culture)\n   at Allure.Net.Commons.Steps.AllureStepAspectBase.Around(String name, Object[] args, Func`2 target, MethodBase metadata, Type returnType)\n   at OdinUiTests.Pages.ActivityCommonPage.__a$_around_ClickOnGotoTestButton_100666162_w_0(Object[])\n   at OdinUiTests.Pages.ActivityCommonPage.ClickOnGotoTestButton()\n   at OdinUiTests.Pages.ActivityCommonPage.__a$_around_AddOneIncompleteAttempt_100666144_o() in /azp/_work/1/s/Pages/ActivityCommonPage.cs:line 142\n   at OdinUiTests.Pages.ActivityCommonPage.__a$_around_AddOneIncompleteAttempt_100666144_u(Object[])\n   at Allure.Net.Commons.Steps.AllureAbstractStepAspect.WrapSync[T](Func`2 target, Object[] args, MethodBase metadata, String stepName, List`1 stepParameters)"
      },
      "stage": "finished",
      "steps": [
        {
          "name": "Нажать на кнопку 'Перейти к тесту' со страницы активности",
          "status": "broken",
          "statusDetails": {
            "known": false,
            "muted": false,
            "flaky": false,
            "message": "element click intercepted: Element <div data-v-43c7e7d6=\"\">...</div> is not clickable at point (1051, 387). Other element would receive the click: <div data-v-8f8b8097=\"\" class=\"q-card__section q-card__section--vert text-center q-pa-none\">...</div>\n  (Session info: chrome=145.0.7632.45)",
            "trace": "OpenQA.Selenium.ElementClickInterceptedException: element click intercepted: Element <div data-v-43c7e7d6=\"\">...</div> is not clickable at point (1051, 387). Other element would receive the click: <div data-v-8f8b8097=\"\" class=\"q-card__section q-card__section--vert text-center q-pa-none\">...</div>\n  (Session info: chrome=145.0.7632.45)\n   at OpenQA.Selenium.WebDriver.UnpackAndThrowOnError(Response errorResponse, String commandToExecute)\n   at OpenQA.Selenium.WebDriver.ExecuteAsync(String driverCommandToExecute, Dictionary`2 parameters)\n   at OpenQA.Selenium.WebElement.Execute(String commandToExecute, Dictionary`2 parameters)\n   at OpenQA.Selenium.WebElement.Click()\n   at OdinUiTests.Pages.ActivityCommonPage.__a$_around_ClickOnGotoTestButton_100666162_o() in /azp/_work/1/s/Pages/ActivityCommonPage.cs:line 315\n   at OdinUiTests.Pages.ActivityCommonPage.__a$_around_ClickOnGotoTestButton_100666162_u(Object[])\n   at Allure.Net.Commons.Steps.AllureAbstractStepAspect.WrapSync[T](Func`2 target, Object[] args, MethodBase metadata, String stepName, List`1 stepParameters)"
          },
          "stage": "finished",
          "steps": [],
          "attachments": [],
          "parameters": [],
          "start": 1771566689413,
          "stop": 1771566692682
        }
      ],
      "attachments": [],
      "parameters": [],
      "start": 1771566689413,
      "stop": 1771566692682
    }
  ],
  "attachments": [
    {
      "name": "CheckStatusExistIfAtLeastOneCompletedAttempt.jpg",
      "source": "4089ea07-27fb-45a0-8685-110ebf61dcad-attachment.jpg",
      "type": "image/jpeg"
    },
    {
      "name": "Console Output",
      "source": "41c96e0a-dece-4a3c-b873-2b9079e0fd38-attachment.txt",
      "type": "text/plain"
    }
  ],
  "parameters": [
    {
      "name": "actId",
      "value": "\"571\"",
      "excluded": false
    }
  ],
  "start": 1771566685921,
  "stop": 1771566692817
}