{
  "uuid": "de01366a-45a6-40a5-af31-bd709a11345c",
  "historyId": "c047ae0d2e7449320d566cfe9d1824f4",
  "testCaseId": "731ab2c91c67c908b3736f876cd7ce52",
  "fullName": "OdinUiTests:OdinUiTests.Tests.Chat.PersonalChatTests.CheckStartDiscussionUnderLeftSideMessageInPersonalChat()",
  "labels": [
    {
      "name": "thread",
      "value": "NUnit.Fw.ParallelWorker#6"
    },
    {
      "name": "host",
      "value": "2abff2a3aa6e"
    },
    {
      "name": "language",
      "value": "C#"
    },
    {
      "name": "framework",
      "value": "NUnit 3"
    },
    {
      "name": "package",
      "value": "OdinUiTests.Tests.Chat"
    },
    {
      "name": "testMethod",
      "value": "CheckStartDiscussionUnderLeftSideMessageInPersonalChat"
    },
    {
      "name": "testClass",
      "value": "PersonalChatTests"
    },
    {
      "name": "suite",
      "value": "Чат"
    },
    {
      "name": "subSuite",
      "value": "Личный чат"
    },
    {
      "name": "severity",
      "value": "normal"
    },
    {
      "name": "tag",
      "value": "Чат"
    },
    {
      "name": "tag",
      "value": "Дежурство"
    },
    {
      "name": "tag",
      "value": "Регресс"
    }
  ],
  "links": [],
  "name": "Можно ответить на сообщение в личном чате",
  "status": "broken",
  "statusDetails": {
    "known": false,
    "muted": false,
    "flaky": false,
    "message": "System.Reflection.TargetInvocationException : Exception has been thrown by the target of an invocation.\n  ----> OpenQA.Selenium.WebDriverTimeoutException : Timed out after 30 seconds\n  ----> OpenQA.Selenium.NoSuchElementException : no such element: Unable to locate element: {\"method\":\"css selector\",\"selector\":\".thread\\-chat\\-block\"}\n  (Session info: chrome=140.0.7339.127); For documentation on this error, please visit: https://www.selenium.dev/documentation/webdriver/troubleshooting/errors#no-such-element-exception",
    "trace": "   at System.Reflection.MethodBaseInvoker.InvokeWithManyArgs(Object obj, BindingFlags invokeAttr, Binder binder, Object[] parameters, CultureInfo culture)\n   at Allure.Net.Commons.Steps.AllureStepAspectBase.Around(String name, Object[] args, Func`2 target, MethodBase metadata, Type returnType)\n   at OdinUiTests.Pages.ChatCommonPage.__a$_around_CheckDiscussedMessageIsAppeared_100666450_w_0(Object[])\n   at OdinUiTests.Pages.ChatCommonPage.CheckDiscussedMessageIsAppeared(String randomText)\n   at OdinUiTests.Tests.Chat.ChatCommon.StartDiscussionUnderLeftSideMessage(IWebDriver driver, String chatId, Boolean isPersonalChat) in /azp/_work/1/s/Tests/Chat/ChatCommon.cs:line 160\n   at OdinUiTests.Tests.Chat.ChatCommon.StartDiscussionUnderLeftSideMessageInPersonalChat(IWebDriver driver, String chatId) in /azp/_work/1/s/Tests/Chat/ChatCommon.cs:line 174\n   at OdinUiTests.Tests.Chat.PersonalChatTests.CheckStartDiscussionUnderLeftSideMessageInPersonalChat() in /azp/_work/1/s/Tests/Chat/ChatTests.cs:line 940\n   at System.RuntimeMethodHandle.InvokeMethod(Object target, Void** arguments, Signature sig, Boolean isConstructor)\n   at System.Reflection.MethodBaseInvoker.InvokeWithNoArgs(Object obj, BindingFlags invokeAttr)\n--WebDriverTimeoutException\n   at OpenQA.Selenium.Support.UI.DefaultWait`1.ThrowTimeoutException(String exceptionMessage, Exception lastException)\n   at OpenQA.Selenium.Support.UI.DefaultWait`1.Until[TResult](Func`2 condition, CancellationToken token)\n   at OpenQA.Selenium.Support.UI.DefaultWait`1.Until[TResult](Func`2 condition)\n   at OdinUiTests.Pages.ChatCommonPage.__a$_around_CheckDiscussedMessageIsAppeared_100666450_o(String randomText) in /azp/_work/1/s/Pages/ChatCommonPage.cs:line 1284\n   at OdinUiTests.Pages.ChatCommonPage.__a$_around_CheckDiscussedMessageIsAppeared_100666450_u(Object[])\n   at Allure.Net.Commons.Steps.AllureAbstractStepAspect.WrapSync[T](Func`2 target, Object[] args, MethodBase metadata, String stepName, List`1 stepParameters)\n   at InvokeStub_AllureAbstractStepAspect.WrapSync(Object, Span`1)\n   at System.Reflection.MethodBaseInvoker.InvokeWithManyArgs(Object obj, BindingFlags invokeAttr, Binder binder, Object[] parameters, CultureInfo culture)\n--NoSuchElementException\n   at OpenQA.Selenium.WebDriver.UnpackAndThrowOnError(Response errorResponse, String commandToExecute)\n   at OpenQA.Selenium.WebDriver.ExecuteAsync(String driverCommandToExecute, Dictionary`2 parameters)\n   at SeleniumExtras.WaitHelpers.ExpectedConditions.<>c__DisplayClass19_0.<ElementToBeClickable>b__0(IWebDriver driver)\n   at OpenQA.Selenium.Support.UI.DefaultWait`1.Until[TResult](Func`2 condition, CancellationToken token)"
  },
  "stage": "finished",
  "steps": [
    {
      "name": "Открыть чат по прямой ссылке",
      "status": "passed",
      "statusDetails": {
        "known": false,
        "muted": false,
        "flaky": false
      },
      "stage": "finished",
      "steps": [],
      "attachments": [],
      "parameters": [
        {
          "name": "chatId",
          "value": "\"732060\"",
          "excluded": false
        }
      ],
      "start": 1768537569017,
      "stop": 1768537570010
    },
    {
      "name": "Убедиться, что в чате имеются сообщения от собеседника",
      "status": "passed",
      "stage": "finished",
      "steps": [],
      "attachments": [],
      "parameters": [],
      "start": 1768537570010,
      "stop": 1768537571662
    },
    {
      "name": "В меню над сообщением выбрать 'Ответить в обсуждении'",
      "status": "passed",
      "statusDetails": {
        "known": false,
        "muted": false,
        "flaky": false
      },
      "stage": "finished",
      "steps": [],
      "attachments": [],
      "parameters": [],
      "start": 1768537571662,
      "stop": 1768537571936
    },
    {
      "name": "В строке ввода панели обсуждения ввести текст",
      "status": "passed",
      "statusDetails": {
        "known": false,
        "muted": false,
        "flaky": false
      },
      "stage": "finished",
      "steps": [],
      "attachments": [],
      "parameters": [
        {
          "name": "randomText",
          "value": "\"E47B1E21G6FC5DG\"",
          "excluded": false
        }
      ],
      "start": 1768537571936,
      "stop": 1768537573177
    },
    {
      "name": "Нажать на значок отправки сообщения в панели обсуждения",
      "status": "passed",
      "statusDetails": {
        "known": false,
        "muted": false,
        "flaky": false
      },
      "stage": "finished",
      "steps": [],
      "attachments": [],
      "parameters": [],
      "start": 1768537573177,
      "stop": 1768537573265
    },
    {
      "name": "Проверка того, что появилось обсуждение",
      "status": "broken",
      "statusDetails": {
        "known": false,
        "muted": false,
        "flaky": false,
        "message": "Timed out after 30 seconds",
        "trace": "OpenQA.Selenium.WebDriverTimeoutException: Timed out after 30 seconds\n ---> OpenQA.Selenium.NoSuchElementException: no such element: Unable to locate element: {\"method\":\"css selector\",\"selector\":\".thread\\-chat\\-block\"}\n  (Session info: chrome=140.0.7339.127); For documentation on this error, please visit: https://www.selenium.dev/documentation/webdriver/troubleshooting/errors#no-such-element-exception\n   at OpenQA.Selenium.WebDriver.UnpackAndThrowOnError(Response errorResponse, String commandToExecute)\n   at OpenQA.Selenium.WebDriver.ExecuteAsync(String driverCommandToExecute, Dictionary`2 parameters)\n   at SeleniumExtras.WaitHelpers.ExpectedConditions.<>c__DisplayClass19_0.<ElementToBeClickable>b__0(IWebDriver driver)\n   at OpenQA.Selenium.Support.UI.DefaultWait`1.Until[TResult](Func`2 condition, CancellationToken token)\n   --- End of inner exception stack trace ---\n   at OpenQA.Selenium.Support.UI.DefaultWait`1.ThrowTimeoutException(String exceptionMessage, Exception lastException)\n   at OpenQA.Selenium.Support.UI.DefaultWait`1.Until[TResult](Func`2 condition, CancellationToken token)\n   at OpenQA.Selenium.Support.UI.DefaultWait`1.Until[TResult](Func`2 condition)\n   at OdinUiTests.Pages.ChatCommonPage.__a$_around_CheckDiscussedMessageIsAppeared_100666450_o(String randomText) in /azp/_work/1/s/Pages/ChatCommonPage.cs:line 1284\n   at OdinUiTests.Pages.ChatCommonPage.__a$_around_CheckDiscussedMessageIsAppeared_100666450_u(Object[])\n   at Allure.Net.Commons.Steps.AllureAbstractStepAspect.WrapSync[T](Func`2 target, Object[] args, MethodBase metadata, String stepName, List`1 stepParameters)"
      },
      "stage": "finished",
      "steps": [],
      "attachments": [],
      "parameters": [
        {
          "name": "randomText",
          "value": "\"E47B1E21G6FC5DG\"",
          "excluded": false
        }
      ],
      "start": 1768537573265,
      "stop": 1768537614369
    }
  ],
  "attachments": [
    {
      "name": "CheckStartDiscussionUnderLeftSideMessageInPersonalChat.jpg",
      "source": "ecfc1c2e-d2e3-4609-9bae-135aa5e4898d-attachment.jpg",
      "type": "image/jpeg"
    },
    {
      "name": "Console Output",
      "source": "c0b91184-db3d-448b-bd82-a376a2f0f746-attachment.txt",
      "type": "text/plain"
    }
  ],
  "parameters": [],
  "start": 1768537569017,
  "stop": 1768537614534
}