{
  "uuid": "58a92d60-870e-4e74-8eec-af417f54be29",
  "historyId": "adef48a769f3a0370cf6cfe6920d4df3",
  "testCaseId": "234daeaf39f9cd14766f27a2fd419214",
  "fullName": "OdinUiTests:OdinUiTests.Tests.Library.LibraryInListViewTests.CheckRemoveMaterialViaActionsButton()",
  "labels": [
    {
      "name": "thread",
      "value": "NUnit.Fw.ParallelWorker#1"
    },
    {
      "name": "host",
      "value": "75957abfebe2"
    },
    {
      "name": "language",
      "value": "C#"
    },
    {
      "name": "framework",
      "value": "NUnit 3"
    },
    {
      "name": "package",
      "value": "OdinUiTests.Tests.Library"
    },
    {
      "name": "testMethod",
      "value": "CheckRemoveMaterialViaActionsButton"
    },
    {
      "name": "testClass",
      "value": "LibraryInListViewTests"
    },
    {
      "name": "suite",
      "value": "Библиотека"
    },
    {
      "name": "severity",
      "value": "critical"
    },
    {
      "name": "tag",
      "value": "Библиотека"
    },
    {
      "name": "tag",
      "value": "Дежурство"
    },
    {
      "name": "tag",
      "value": "Регресс"
    }
  ],
  "links": [],
  "name": "Библиотека, списочный вид: можно удалить материал через actions-кнопки",
  "status": "broken",
  "statusDetails": {
    "known": false,
    "muted": false,
    "flaky": false,
    "message": "System.Reflection.TargetInvocationException : Exception has been thrown by the target of an invocation.\n  ----> OpenQA.Selenium.WebDriverTimeoutException : Timed out after 30 seconds\n  ----> OpenQA.Selenium.NoSuchElementException : no such element: Unable to locate element: {\"method\":\"xpath\",\"selector\":\"//div[@class='button-item-title' and contains(text(),'Поиск')]\"}\n  (Session info: chrome=140.0.7339.127); For documentation on this error, please visit: https://www.selenium.dev/documentation/webdriver/troubleshooting/errors#no-such-element-exception",
    "trace": "   at System.Reflection.MethodBaseInvoker.InvokeWithManyArgs(Object obj, BindingFlags invokeAttr, Binder binder, Object[] parameters, CultureInfo culture)\n   at Allure.Net.Commons.Steps.AllureStepAspectBase.Around(String name, Object[] args, Func`2 target, MethodBase metadata, Type returnType)\n   at OdinUiTests.Pages.LibraryPage.__a$_around_SetLibraryViewMode_100666977_w_0(Object[])\n   at OdinUiTests.Pages.LibraryPage.SetLibraryViewMode(Boolean withRefresh, String mode)\n   at OdinUiTests.Tests.Library.LibraryInListViewTests.CheckRemoveMaterialViaActionsButton() in /azp/_work/2/s/Tests/Library/UserLibraryTests.cs:line 437\n   at System.RuntimeMethodHandle.InvokeMethod(Object target, Void** arguments, Signature sig, Boolean isConstructor)\n   at System.Reflection.MethodBaseInvoker.InvokeWithNoArgs(Object obj, BindingFlags invokeAttr)\n--WebDriverTimeoutException\n   at OpenQA.Selenium.Support.UI.DefaultWait`1.ThrowTimeoutException(String exceptionMessage, Exception lastException)\n   at OpenQA.Selenium.Support.UI.DefaultWait`1.Until[TResult](Func`2 condition, CancellationToken token)\n   at OpenQA.Selenium.Support.UI.DefaultWait`1.Until[TResult](Func`2 condition)\n   at OdinUiTests.Pages.LibraryPage.WaitLibraryLoading() in /azp/_work/2/s/Pages/LibraryPage.cs:line 355\n   at OdinUiTests.Pages.LibraryPage.SetLibraryViewModeWithoutAllureStep(Boolean withRefresh, String mode) in /azp/_work/2/s/Pages/LibraryPage.cs:line 260\n   at OdinUiTests.Pages.LibraryPage.__a$_around_SetLibraryViewMode_100666977_o(Boolean withRefresh, String mode) in /azp/_work/2/s/Pages/LibraryPage.cs:line 253\n   at OdinUiTests.Pages.LibraryPage.__a$_around_SetLibraryViewMode_100666977_u(Object[])\n   at Allure.Net.Commons.Steps.AllureAbstractStepAspect.WrapSync[T](Func`2 target, Object[] args, MethodBase metadata, String stepName, List`1 stepParameters)\n   at InvokeStub_AllureAbstractStepAspect.WrapSync(Object, Span`1)\n   at System.Reflection.MethodBaseInvoker.InvokeWithManyArgs(Object obj, BindingFlags invokeAttr, Binder binder, Object[] parameters, CultureInfo culture)\n--NoSuchElementException\n   at OpenQA.Selenium.WebDriver.UnpackAndThrowOnError(Response errorResponse, String commandToExecute)\n   at OpenQA.Selenium.WebDriver.ExecuteAsync(String driverCommandToExecute, Dictionary`2 parameters)\n   at SeleniumExtras.WaitHelpers.ExpectedConditions.<>c__DisplayClass19_0.<ElementToBeClickable>b__0(IWebDriver driver)\n   at OpenQA.Selenium.Support.UI.DefaultWait`1.Until[TResult](Func`2 condition, CancellationToken token)"
  },
  "stage": "finished",
  "steps": [
    {
      "name": "Открыть страницу Библиотеки",
      "status": "passed",
      "statusDetails": {
        "known": false,
        "muted": false,
        "flaky": false
      },
      "stage": "finished",
      "steps": [],
      "attachments": [],
      "parameters": [
        {
          "name": "id",
          "value": "\"20\"",
          "excluded": false
        }
      ],
      "start": 1765184278368,
      "stop": 1765184278627
    },
    {
      "name": "Переключить текущий вид Библиотеки",
      "status": "broken",
      "statusDetails": {
        "known": false,
        "muted": false,
        "flaky": false,
        "message": "Timed out after 30 seconds",
        "trace": "OpenQA.Selenium.WebDriverTimeoutException: Timed out after 30 seconds\n ---> OpenQA.Selenium.NoSuchElementException: no such element: Unable to locate element: {\"method\":\"xpath\",\"selector\":\"//div[@class='button-item-title' and contains(text(),'Поиск')]\"}\n  (Session info: chrome=140.0.7339.127); For documentation on this error, please visit: https://www.selenium.dev/documentation/webdriver/troubleshooting/errors#no-such-element-exception\n   at OpenQA.Selenium.WebDriver.UnpackAndThrowOnError(Response errorResponse, String commandToExecute)\n   at OpenQA.Selenium.WebDriver.ExecuteAsync(String driverCommandToExecute, Dictionary`2 parameters)\n   at SeleniumExtras.WaitHelpers.ExpectedConditions.<>c__DisplayClass19_0.<ElementToBeClickable>b__0(IWebDriver driver)\n   at OpenQA.Selenium.Support.UI.DefaultWait`1.Until[TResult](Func`2 condition, CancellationToken token)\n   --- End of inner exception stack trace ---\n   at OpenQA.Selenium.Support.UI.DefaultWait`1.ThrowTimeoutException(String exceptionMessage, Exception lastException)\n   at OpenQA.Selenium.Support.UI.DefaultWait`1.Until[TResult](Func`2 condition, CancellationToken token)\n   at OpenQA.Selenium.Support.UI.DefaultWait`1.Until[TResult](Func`2 condition)\n   at OdinUiTests.Pages.LibraryPage.WaitLibraryLoading() in /azp/_work/2/s/Pages/LibraryPage.cs:line 355\n   at OdinUiTests.Pages.LibraryPage.SetLibraryViewModeWithoutAllureStep(Boolean withRefresh, String mode) in /azp/_work/2/s/Pages/LibraryPage.cs:line 260\n   at OdinUiTests.Pages.LibraryPage.__a$_around_SetLibraryViewMode_100666977_o(Boolean withRefresh, String mode) in /azp/_work/2/s/Pages/LibraryPage.cs:line 253\n   at OdinUiTests.Pages.LibraryPage.__a$_around_SetLibraryViewMode_100666977_u(Object[])\n   at Allure.Net.Commons.Steps.AllureAbstractStepAspect.WrapSync[T](Func`2 target, Object[] args, MethodBase metadata, String stepName, List`1 stepParameters)"
      },
      "stage": "finished",
      "steps": [],
      "attachments": [],
      "parameters": [
        {
          "name": "withRefresh",
          "value": "false",
          "excluded": false
        },
        {
          "name": "mode",
          "value": "\"Список\"",
          "excluded": false
        }
      ],
      "start": 1765184278627,
      "stop": 1765184308771
    }
  ],
  "attachments": [
    {
      "name": "CheckRemoveMaterialViaActionsButton.jpg",
      "source": "79da0945-cd91-4000-92bf-ddb81d63b795-attachment.jpg",
      "type": "image/jpeg"
    },
    {
      "name": "Console Output",
      "source": "36cc4659-e3e7-489a-b8bf-1da3abc5b6cf-attachment.txt",
      "type": "text/plain"
    }
  ],
  "parameters": [],
  "start": 1765184278362,
  "stop": 1765184308883
}