{
  "uuid": "51a8697e-bcfb-45a5-b57c-87e63d8bf799",
  "historyId": "37475c45a935108b4b15e04885eaaa66",
  "testCaseId": "02d14f8c00f92829e199eb25a90d1a12",
  "fullName": "OdinUiTests:OdinUiTests.Tests.Library.RemovingTemplatesTests.CheckDeleteProgramTemplate()",
  "labels": [
    {
      "name": "thread",
      "value": "NUnit.Fw.ParallelWorker#3"
    },
    {
      "name": "host",
      "value": "8ec510440337"
    },
    {
      "name": "language",
      "value": "C#"
    },
    {
      "name": "framework",
      "value": "NUnit 3"
    },
    {
      "name": "package",
      "value": "OdinUiTests.Tests.Library"
    },
    {
      "name": "testMethod",
      "value": "CheckDeleteProgramTemplate"
    },
    {
      "name": "testClass",
      "value": "RemovingTemplatesTests"
    },
    {
      "name": "suite",
      "value": "Библиотека"
    },
    {
      "name": "severity",
      "value": "critical"
    },
    {
      "name": "tag",
      "value": "Библиотека"
    },
    {
      "name": "tag",
      "value": "Дежурство"
    },
    {
      "name": "tag",
      "value": "Регресс"
    }
  ],
  "links": [],
  "name": "Страница библиотеки: можно удалить шаблон программы",
  "status": "broken",
  "statusDetails": {
    "known": false,
    "muted": false,
    "flaky": false,
    "message": "System.Reflection.TargetInvocationException : Exception has been thrown by the target of an invocation.\n  ----> OpenQA.Selenium.WebDriverTimeoutException : Timed out after 30 seconds\n  ----> OpenQA.Selenium.NoSuchElementException : no such element: Unable to locate element: {\"method\":\"css selector\",\"selector\":\".q-notification__message\"}\n  (Session info: chrome=140.0.7339.127); For documentation on this error, please visit: https://www.selenium.dev/documentation/webdriver/troubleshooting/errors#no-such-element-exception",
    "trace": "   at System.Reflection.MethodBaseInvoker.InvokeWithManyArgs(Object obj, BindingFlags invokeAttr, Binder binder, Object[] parameters, CultureInfo culture)\n   at Allure.Net.Commons.Steps.AllureStepAspectBase.Around(String name, Object[] args, Func`2 target, MethodBase metadata, Type returnType)\n   at OdinUiTests.Pages.LibraryPage.__a$_around_CheckTemplateIsDeleted_100667041_w_0(Object[])\n   at OdinUiTests.Pages.LibraryPage.CheckTemplateIsDeleted(String dirName, String templateId, String typeOfTemplate)\n   at OdinUiTests.Tests.Library.RemovingTemplatesTests.CheckDeleteProgramTemplate() in /azp/_work/2/s/Tests/Library/UserLibraryTests.cs:line 528\n   at System.RuntimeMethodHandle.InvokeMethod(Object target, Void** arguments, Signature sig, Boolean isConstructor)\n   at System.Reflection.MethodBaseInvoker.InvokeWithNoArgs(Object obj, BindingFlags invokeAttr)\n--WebDriverTimeoutException\n   at OpenQA.Selenium.Support.UI.DefaultWait`1.ThrowTimeoutException(String exceptionMessage, Exception lastException)\n   at OpenQA.Selenium.Support.UI.DefaultWait`1.Until[TResult](Func`2 condition, CancellationToken token)\n   at OpenQA.Selenium.Support.UI.DefaultWait`1.Until[TResult](Func`2 condition)\n   at OdinUiTests.Services.ScreenDetectService.CheckContentNotFoundPageIsOpened(IWebDriver driver, String typeOfContent) in /azp/_work/2/s/Services/ScreenDetectService.cs:line 38\n   at OdinUiTests.Pages.LibraryPage.__a$_around_CheckTemplateIsDeleted_100667041_o(String dirName, String templateId, String typeOfTemplate) in /azp/_work/2/s/Pages/LibraryPage.cs:line 1271\n   at OdinUiTests.Pages.LibraryPage.__a$_around_CheckTemplateIsDeleted_100667041_u(Object[])\n   at Allure.Net.Commons.Steps.AllureAbstractStepAspect.WrapSync[T](Func`2 target, Object[] args, MethodBase metadata, String stepName, List`1 stepParameters)\n   at InvokeStub_AllureAbstractStepAspect.WrapSync(Object, Span`1)\n   at System.Reflection.MethodBaseInvoker.InvokeWithManyArgs(Object obj, BindingFlags invokeAttr, Binder binder, Object[] parameters, CultureInfo culture)\n--NoSuchElementException\n   at OpenQA.Selenium.WebDriver.UnpackAndThrowOnError(Response errorResponse, String commandToExecute)\n   at OpenQA.Selenium.WebDriver.ExecuteAsync(String driverCommandToExecute, Dictionary`2 parameters)\n   at SeleniumExtras.WaitHelpers.ExpectedConditions.<>c__DisplayClass19_0.<ElementToBeClickable>b__0(IWebDriver driver)\n   at OpenQA.Selenium.Support.UI.DefaultWait`1.Until[TResult](Func`2 condition, CancellationToken token)"
  },
  "stage": "finished",
  "steps": [
    {
      "name": "Открыть страницу Библиотеки",
      "status": "passed",
      "statusDetails": {
        "known": false,
        "muted": false,
        "flaky": false
      },
      "stage": "finished",
      "steps": [],
      "attachments": [],
      "parameters": [
        {
          "name": "id",
          "value": "\"345\"",
          "excluded": false
        }
      ],
      "start": 1765350395956,
      "stop": 1765350398539
    },
    {
      "name": "Открыть каталог по названию",
      "status": "passed",
      "statusDetails": {
        "known": false,
        "muted": false,
        "flaky": false
      },
      "stage": "finished",
      "steps": [],
      "attachments": [],
      "parameters": [
        {
          "name": "dirName",
          "value": "\"Подготовка проектных менеджеров в сфере IT (Поток 2020 IT)\"",
          "excluded": false
        }
      ],
      "start": 1765350398539,
      "stop": 1765350406052
    },
    {
      "name": "Удалить материал из Библиотеки",
      "status": "passed",
      "statusDetails": {
        "known": false,
        "muted": false,
        "flaky": false
      },
      "stage": "finished",
      "steps": [],
      "attachments": [],
      "parameters": [
        {
          "name": "materialName",
          "value": "\"Подготовка проектных менеджеров в сфере IT (Поток 2020 IT)\"",
          "excluded": false
        },
        {
          "name": "withRightClick",
          "value": "true",
          "excluded": false
        }
      ],
      "start": 1765350406052,
      "stop": 1765350413673
    },
    {
      "name": "Проверка того, что шаблон был удален",
      "status": "broken",
      "statusDetails": {
        "known": false,
        "muted": false,
        "flaky": false,
        "message": "Timed out after 30 seconds",
        "trace": "OpenQA.Selenium.WebDriverTimeoutException: Timed out after 30 seconds\n ---> OpenQA.Selenium.NoSuchElementException: no such element: Unable to locate element: {\"method\":\"css selector\",\"selector\":\".q-notification__message\"}\n  (Session info: chrome=140.0.7339.127); For documentation on this error, please visit: https://www.selenium.dev/documentation/webdriver/troubleshooting/errors#no-such-element-exception\n   at OpenQA.Selenium.WebDriver.UnpackAndThrowOnError(Response errorResponse, String commandToExecute)\n   at OpenQA.Selenium.WebDriver.ExecuteAsync(String driverCommandToExecute, Dictionary`2 parameters)\n   at SeleniumExtras.WaitHelpers.ExpectedConditions.<>c__DisplayClass19_0.<ElementToBeClickable>b__0(IWebDriver driver)\n   at OpenQA.Selenium.Support.UI.DefaultWait`1.Until[TResult](Func`2 condition, CancellationToken token)\n   --- End of inner exception stack trace ---\n   at OpenQA.Selenium.Support.UI.DefaultWait`1.ThrowTimeoutException(String exceptionMessage, Exception lastException)\n   at OpenQA.Selenium.Support.UI.DefaultWait`1.Until[TResult](Func`2 condition, CancellationToken token)\n   at OpenQA.Selenium.Support.UI.DefaultWait`1.Until[TResult](Func`2 condition)\n   at OdinUiTests.Services.ScreenDetectService.CheckContentNotFoundPageIsOpened(IWebDriver driver, String typeOfContent) in /azp/_work/2/s/Services/ScreenDetectService.cs:line 38\n   at OdinUiTests.Pages.LibraryPage.__a$_around_CheckTemplateIsDeleted_100667041_o(String dirName, String templateId, String typeOfTemplate) in /azp/_work/2/s/Pages/LibraryPage.cs:line 1271\n   at OdinUiTests.Pages.LibraryPage.__a$_around_CheckTemplateIsDeleted_100667041_u(Object[])\n   at Allure.Net.Commons.Steps.AllureAbstractStepAspect.WrapSync[T](Func`2 target, Object[] args, MethodBase metadata, String stepName, List`1 stepParameters)"
      },
      "stage": "finished",
      "steps": [
        {
          "name": "Открыть страницу Библиотеки",
          "status": "passed",
          "statusDetails": {
            "known": false,
            "muted": false,
            "flaky": false
          },
          "stage": "finished",
          "steps": [],
          "attachments": [],
          "parameters": [
            {
              "name": "id",
              "value": "\"345\"",
              "excluded": false
            }
          ],
          "start": 1765350414988,
          "stop": 1765350415774
        },
        {
          "name": "Открыть каталог по названию",
          "status": "passed",
          "statusDetails": {
            "known": false,
            "muted": false,
            "flaky": false
          },
          "stage": "finished",
          "steps": [],
          "attachments": [],
          "parameters": [
            {
              "name": "dirName",
              "value": "\"Подготовка проектных менеджеров в сфере IT (Поток 2020 IT)\"",
              "excluded": false
            }
          ],
          "start": 1765350418790,
          "stop": 1765350420578
        },
        {
          "name": "Открыть страницу шаблона образовательной программы",
          "status": "passed",
          "statusDetails": {
            "known": false,
            "muted": false,
            "flaky": false
          },
          "stage": "finished",
          "steps": [],
          "attachments": [],
          "parameters": [
            {
              "name": "contentId",
              "value": "\"2457999\"",
              "excluded": false
            }
          ],
          "start": 1765350422146,
          "stop": 1765350423150
        }
      ],
      "attachments": [],
      "parameters": [
        {
          "name": "dirName",
          "value": "\"Подготовка проектных менеджеров в сфере IT (Поток 2020 IT)\"",
          "excluded": false
        },
        {
          "name": "templateId",
          "value": "\"2457999\"",
          "excluded": false
        },
        {
          "name": "typeOfTemplate",
          "value": "\"program\"",
          "excluded": false
        }
      ],
      "start": 1765350413674,
      "stop": 1765350453641
    }
  ],
  "attachments": [
    {
      "name": "CheckDeleteProgramTemplate.jpg",
      "source": "d2c1da9d-c248-4258-a912-57df1e8b2953-attachment.jpg",
      "type": "image/jpeg"
    },
    {
      "name": "Console Output",
      "source": "e1d0aa53-bec1-427d-a904-9fe43cccd08b-attachment.txt",
      "type": "text/plain"
    }
  ],
  "parameters": [],
  "start": 1765350390957,
  "stop": 1765350454164
}