{
  "uuid": "d899f2c6-5740-479a-b95e-4f414a0fd8a2",
  "historyId": "045abe82feb9297102dcc37ff695c3a9",
  "testCaseId": "863d1eb9f5f9ba09c34b76715c782cc1",
  "fullName": "OdinUiTests:OdinUiTests.Tests.Discipline.DisciplineRightMenuTests.CheckPinDisciplineForTeacher()",
  "labels": [
    {
      "name": "thread",
      "value": "NUnit.Fw.ParallelWorker#6"
    },
    {
      "name": "host",
      "value": "5220c41d9935"
    },
    {
      "name": "language",
      "value": "C#"
    },
    {
      "name": "framework",
      "value": "NUnit 3"
    },
    {
      "name": "package",
      "value": "OdinUiTests.Tests.Discipline"
    },
    {
      "name": "testMethod",
      "value": "CheckPinDisciplineForTeacher"
    },
    {
      "name": "testClass",
      "value": "DisciplineRightMenuTests"
    },
    {
      "name": "suite",
      "value": "Дисциплина"
    },
    {
      "name": "subSuite",
      "value": "Страница дисциплины"
    },
    {
      "name": "severity",
      "value": "critical"
    },
    {
      "name": "tag",
      "value": "Дисциплина"
    },
    {
      "name": "tag",
      "value": "Дежурство"
    },
    {
      "name": "tag",
      "value": "Регресс"
    }
  ],
  "links": [],
  "name": "Работает кнопка закрепления/открепления из главного меню для преподавателя",
  "status": "broken",
  "statusDetails": {
    "known": false,
    "muted": false,
    "flaky": false,
    "message": "OpenQA.Selenium.WebDriverTimeoutException : Timed out after 30 seconds\n  ----> OpenQA.Selenium.NoSuchElementException : no such element: Unable to locate element: {\"method\":\"xpath\",\"selector\":\"//div[contains(text(),'Открепить из главного меню')]\"}\n  (Session info: chrome=145.0.7632.45); For documentation on this error, please visit: https://www.selenium.dev/documentation/webdriver/troubleshooting/errors#no-such-element-exception",
    "trace": "   at OpenQA.Selenium.Support.UI.DefaultWait`1.ThrowTimeoutException(String exceptionMessage, Exception lastException)\n   at OpenQA.Selenium.Support.UI.DefaultWait`1.Until[TResult](Func`2 condition, CancellationToken token)\n   at OpenQA.Selenium.Support.UI.DefaultWait`1.Until[TResult](Func`2 condition)\n   at OdinUiTests.Pages.DisCommonInfoPage.<>c__DisplayClass122_0.<ClickOnPinOrUnpinButton>b__0() in /azp/_work/1/s/Pages/DisCommonInfoPage.cs:line 372\n   at Allure.Net.Commons.AllureApi.ExecuteAction[T](String name, Action`1 start, Func`1 action, Action`1 resolve)\n   at Allure.Net.Commons.AllureApi.Step(String name, Action action)\n   at OdinUiTests.Pages.DisCommonInfoPage.ClickOnPinOrUnpinButton(Boolean isPinned) in /azp/_work/1/s/Pages/DisCommonInfoPage.cs:line 368\n   at OdinUiTests.Tests.Discipline.DisciplineRightMenuTests.CheckPinDisciplineForTeacher() in /azp/_work/1/s/Tests/Discipline/DisInfoTests.cs:line 25\n   at System.RuntimeMethodHandle.InvokeMethod(Object target, Void** arguments, Signature sig, Boolean isConstructor)\n   at System.Reflection.MethodBaseInvoker.InvokeWithNoArgs(Object obj, BindingFlags invokeAttr)\n--NoSuchElementException\n   at OpenQA.Selenium.WebDriver.UnpackAndThrowOnError(Response errorResponse, String commandToExecute)\n   at OpenQA.Selenium.WebDriver.ExecuteAsync(String driverCommandToExecute, Dictionary`2 parameters)\n   at SeleniumExtras.WaitHelpers.ExpectedConditions.<>c__DisplayClass19_0.<ElementToBeClickable>b__0(IWebDriver driver)\n   at OpenQA.Selenium.Support.UI.DefaultWait`1.Until[TResult](Func`2 condition, CancellationToken token)"
  },
  "stage": "finished",
  "steps": [
    {
      "name": "Открыть страницу дисциплины",
      "status": "passed",
      "statusDetails": {
        "known": false,
        "muted": false,
        "flaky": false
      },
      "stage": "finished",
      "steps": [],
      "attachments": [],
      "parameters": [
        {
          "name": "disciplineId",
          "value": "\"171\"",
          "excluded": false
        }
      ],
      "start": 1771226015929,
      "stop": 1771226018650
    },
    {
      "name": "Нажать на кнопку 'Открепить из главного меню'",
      "status": "broken",
      "statusDetails": {
        "known": false,
        "muted": false,
        "flaky": false,
        "message": "Timed out after 30 seconds",
        "trace": "OpenQA.Selenium.WebDriverTimeoutException: Timed out after 30 seconds\n ---> OpenQA.Selenium.NoSuchElementException: no such element: Unable to locate element: {\"method\":\"xpath\",\"selector\":\"//div[contains(text(),'Открепить из главного меню')]\"}\n  (Session info: chrome=145.0.7632.45); For documentation on this error, please visit: https://www.selenium.dev/documentation/webdriver/troubleshooting/errors#no-such-element-exception\n   at OpenQA.Selenium.WebDriver.UnpackAndThrowOnError(Response errorResponse, String commandToExecute)\n   at OpenQA.Selenium.WebDriver.ExecuteAsync(String driverCommandToExecute, Dictionary`2 parameters)\n   at SeleniumExtras.WaitHelpers.ExpectedConditions.<>c__DisplayClass19_0.<ElementToBeClickable>b__0(IWebDriver driver)\n   at OpenQA.Selenium.Support.UI.DefaultWait`1.Until[TResult](Func`2 condition, CancellationToken token)\n   --- End of inner exception stack trace ---\n   at OpenQA.Selenium.Support.UI.DefaultWait`1.ThrowTimeoutException(String exceptionMessage, Exception lastException)\n   at OpenQA.Selenium.Support.UI.DefaultWait`1.Until[TResult](Func`2 condition, CancellationToken token)\n   at OpenQA.Selenium.Support.UI.DefaultWait`1.Until[TResult](Func`2 condition)\n   at OdinUiTests.Pages.DisCommonInfoPage.<>c__DisplayClass122_0.<ClickOnPinOrUnpinButton>b__0() in /azp/_work/1/s/Pages/DisCommonInfoPage.cs:line 372\n   at Allure.Net.Commons.AllureApi.ExecuteAction[T](String name, Action`1 start, Func`1 action, Action`1 resolve)\n   at Allure.Net.Commons.AllureApi.Step(String name, Action action)\n   at OdinUiTests.Pages.DisCommonInfoPage.ClickOnPinOrUnpinButton(Boolean isPinned) in /azp/_work/1/s/Pages/DisCommonInfoPage.cs:line 368\n   at OdinUiTests.Tests.Discipline.DisciplineRightMenuTests.CheckPinDisciplineForTeacher() in /azp/_work/1/s/Tests/Discipline/DisInfoTests.cs:line 25\n   at System.RuntimeMethodHandle.InvokeMethod(Object target, Void** arguments, Signature sig, Boolean isConstructor)\n   at System.Reflection.MethodBaseInvoker.InvokeWithNoArgs(Object obj, BindingFlags invokeAttr)"
      },
      "stage": "finished",
      "steps": [],
      "attachments": [],
      "parameters": [],
      "start": 1771226018651,
      "stop": 1771226048757
    }
  ],
  "attachments": [
    {
      "name": "CheckPinDisciplineForTeacher.jpg",
      "source": "6a5a68e0-0749-466b-8839-f5576e134dcd-attachment.jpg",
      "type": "image/jpeg"
    },
    {
      "name": "Console Output",
      "source": "a1f9c9d2-7a2c-45e5-bedb-7945c5d871bb-attachment.txt",
      "type": "text/plain"
    }
  ],
  "parameters": [],
  "start": 1771226015507,
  "stop": 1771226049087
}