<?xml version="1.0" encoding="utf-8"?>
<TestRun id="46ac8baf-4362-4b44-8655-ba958c59720b" name="@df2fa4c7c641 2023-11-09 07:43:52" xmlns="http://microsoft.com/schemas/VisualStudio/TeamTest/2010">
  <Times creation="2023-11-09T07:43:52.3394765+00:00" queuing="2023-11-09T07:43:52.3394766+00:00" start="2023-11-09T07:43:39.4152899+00:00" finish="2023-11-09T07:54:32.1136082+00:00" />
  <TestSettings name="default" id="7bf0c335-0bf8-40bc-9cd3-ae9f205960fd">
    <Deployment runDeploymentRoot="_df2fa4c7c641_2023-11-09_07_43_52" />
  </TestSettings>
  <Results>
    <UnitTestResult executionId="8b88b46f-d5ea-445d-a82d-45b65987ce70" testId="5eff0c45-6b57-f7a1-5ea2-508cae1dc1d8" testName="Изменение текста кнопки после показа прошедших активностей в списке настроек" computerName="df2fa4c7c641" duration="00:00:08.5162060" startTime="2023-11-09T07:54:23.3640456+00:00" endTime="2023-11-09T07:54:31.8802513+00:00" testType="13cdc9d9-ddb5-4fa4-a97d-d965ccfc6d4b" outcome="Passed" testListId="8c84fa94-04c1-424b-9868-57a2d4851a1d" relativeResultsDirectory="8b88b46f-d5ea-445d-a82d-45b65987ce70" />
    <UnitTestResult executionId="0d63879e-748c-4340-a929-04b4ab8c9b58" testId="c1237e69-46d9-1c0e-8759-24f24b35616a" testName="Редактирование дисциплины: добавление преподавателя по email’у" computerName="df2fa4c7c641" duration="00:00:24.6866110" startTime="2023-11-09T07:50:00.9407917+00:00" endTime="2023-11-09T07:50:25.6274027+00:00" testType="13cdc9d9-ddb5-4fa4-a97d-d965ccfc6d4b" outcome="Passed" testListId="8c84fa94-04c1-424b-9868-57a2d4851a1d" relativeResultsDirectory="0d63879e-748c-4340-a929-04b4ab8c9b58" />
    <UnitTestResult executionId="0080ee9f-9e9b-4681-933b-89857c45a20d" testId="04774ceb-9321-8f75-0ed6-c43c973e3c1b" testName="Редактирование активности: работает кнопка 'Редактировать' для преподавателя" computerName="df2fa4c7c641" duration="00:00:04.8738230" startTime="2023-11-09T07:43:47.4109273+00:00" endTime="2023-11-09T07:43:52.2846339+00:00" testType="13cdc9d9-ddb5-4fa4-a97d-d965ccfc6d4b" outcome="Passed" testListId="8c84fa94-04c1-424b-9868-57a2d4851a1d" relativeResultsDirectory="0080ee9f-9e9b-4681-933b-89857c45a20d" />
    <UnitTestResult executionId="f1108a15-abec-4f31-8640-57a5152d3e7c" testId="2d41addb-b548-1192-2b83-046e857697d8" testName="Страница индивидуальной контрольной: результат тестирования из попытках зависеть от настройки 'За последнюю попытку'" computerName="df2fa4c7c641" duration="00:00:18.9614190" startTime="2023-11-09T07:46:19.7383866+00:00" endTime="2023-11-09T07:46:38.6998055+00:00" testType="13cdc9d9-ddb5-4fa4-a97d-d965ccfc6d4b" outcome="Passed" testListId="8c84fa94-04c1-424b-9868-57a2d4851a1d" relativeResultsDirectory="f1108a15-abec-4f31-8640-57a5152d3e7c" />
    <UnitTestResult executionId="bfeb6c9f-d0db-4a50-87ec-1dd5b470cbe5" testId="7a14693f-cda4-080d-051f-9aaaf0d3c408" testName="Проверка затемнения прошедших активностей" computerName="df2fa4c7c641" duration="00:00:13.7137240" startTime="2023-11-09T07:53:49.6477030+00:00" endTime="2023-11-09T07:54:03.3614268+00:00" testType="13cdc9d9-ddb5-4fa4-a97d-d965ccfc6d4b" outcome="Passed" testListId="8c84fa94-04c1-424b-9868-57a2d4851a1d" relativeResultsDirectory="bfeb6c9f-d0db-4a50-87ec-1dd5b470cbe5" />
    <UnitTestResult executionId="ebee576e-cd4d-4e54-bcda-8f926e2fa1a4" testId="07985ff4-e714-32d4-9806-7a3929f34176" testName="Редактирование программы ДО: можно удалить программу без потоков" computerName="df2fa4c7c641" duration="00:00:03.3126990" startTime="2023-11-09T07:53:15.4523977+00:00" endTime="2023-11-09T07:53:18.7650959+00:00" testType="13cdc9d9-ddb5-4fa4-a97d-d965ccfc6d4b" outcome="Passed" testListId="8c84fa94-04c1-424b-9868-57a2d4851a1d" relativeResultsDirectory="ebee576e-cd4d-4e54-bcda-8f926e2fa1a4" />
    <UnitTestResult executionId="a0d37121-bc63-4869-9f57-ae34bd23cfab" testId="688c74bd-1e7a-0c02-f36f-95ca834dca89" testName="Редактирование активности: успешное сохранение, если обе даты корректно заполнены" computerName="df2fa4c7c641" duration="00:00:12.8160420" startTime="2023-11-09T07:43:47.4059280+00:00" endTime="2023-11-09T07:44:00.2219694+00:00" testType="13cdc9d9-ddb5-4fa4-a97d-d965ccfc6d4b" outcome="Passed" testListId="8c84fa94-04c1-424b-9868-57a2d4851a1d" relativeResultsDirectory="a0d37121-bc63-4869-9f57-ae34bd23cfab" />
    <UnitTestResult executionId="d64a3b74-b031-4342-820e-8da73e5f6f39" testId="aa4d6e82-419b-2803-e601-2b1c979e341e" testName="Редактирование активности: можно переключать значения в поле 'Тип активности'" computerName="df2fa4c7c641" duration="00:00:05.3975440" startTime="2023-11-09T07:43:52.2890479+00:00" endTime="2023-11-09T07:43:57.6865922+00:00" testType="13cdc9d9-ddb5-4fa4-a97d-d965ccfc6d4b" outcome="Passed" testListId="8c84fa94-04c1-424b-9868-57a2d4851a1d" relativeResultsDirectory="d64a3b74-b031-4342-820e-8da73e5f6f39" />
    <UnitTestResult executionId="8ade3266-39ba-4a3f-bd34-2bfa5dfdd767" testId="9c0b6827-07bf-cd50-4e7d-6cd187bb0480" testName="Конструктор теста: можно удалить опцию из вопроса с типом ответа 'Сортировка'" computerName="df2fa4c7c641" duration="00:00:06.5789580" startTime="2023-11-09T07:52:30.7185270+00:00" endTime="2023-11-09T07:52:37.2974839+00:00" testType="13cdc9d9-ddb5-4fa4-a97d-d965ccfc6d4b" outcome="Passed" testListId="8c84fa94-04c1-424b-9868-57a2d4851a1d" relativeResultsDirectory="8ade3266-39ba-4a3f-bd34-2bfa5dfdd767" />
    <UnitTestResult executionId="ea381190-bd0d-483b-b056-3125cd84fd74" testId="c75bd7b0-c53f-900e-902b-e6589cc5971f" testName="Редактированиедисциплины: есть возможность сохранить дисциплину выбрав галку ‘Все студенты потока’" computerName="df2fa4c7c641" duration="00:00:07.5989340" startTime="2023-11-09T07:51:30.6814669+00:00" endTime="2023-11-09T07:51:38.2804006+00:00" testType="13cdc9d9-ddb5-4fa4-a97d-d965ccfc6d4b" outcome="Passed" testListId="8c84fa94-04c1-424b-9868-57a2d4851a1d" relativeResultsDirectory="ea381190-bd0d-483b-b056-3125cd84fd74" />
    <UnitTestResult executionId="37b4d4cd-576f-45ed-a7a4-3d5817787da2" testId="dbb6e3d3-9d9d-3f15-1294-550f0f6f06d3" testName="Можно задать значения критерия (заполнены поля значения и баллов)" computerName="df2fa4c7c641" duration="00:00:11.3543800" startTime="2023-11-09T07:44:34.4181636+00:00" endTime="2023-11-09T07:44:45.7725436+00:00" testType="13cdc9d9-ddb5-4fa4-a97d-d965ccfc6d4b" outcome="Passed" testListId="8c84fa94-04c1-424b-9868-57a2d4851a1d" relativeResultsDirectory="37b4d4cd-576f-45ed-a7a4-3d5817787da2" />
    <UnitTestResult executionId="aa5152c0-8e5b-4139-b000-7a93e3638143" testId="2d07909d-caa8-6ce5-0918-744aa3fa602c" testName="Редактирование профиля пользователя: можно изменить ФИО в транслитерации" computerName="df2fa4c7c641" duration="00:00:09.5341600" startTime="2023-11-09T07:53:39.0294215+00:00" endTime="2023-11-09T07:53:48.5635808+00:00" testType="13cdc9d9-ddb5-4fa4-a97d-d965ccfc6d4b" outcome="Passed" testListId="8c84fa94-04c1-424b-9868-57a2d4851a1d" relativeResultsDirectory="aa5152c0-8e5b-4139-b000-7a93e3638143" />
    <UnitTestResult executionId="b6e1ffe5-6a4f-4037-be2d-e067501049af" testId="9373291b-6ae0-9db6-a833-b3b87e402b73" testName="Список чатов - комната дисциплины: можно цитировать сообщению" computerName="df2fa4c7c641" duration="00:00:13.2203080" startTime="2023-11-09T07:47:01.1989949+00:00" endTime="2023-11-09T07:47:14.4193030+00:00" testType="13cdc9d9-ddb5-4fa4-a97d-d965ccfc6d4b" outcome="Passed" testListId="8c84fa94-04c1-424b-9868-57a2d4851a1d" relativeResultsDirectory="b6e1ffe5-6a4f-4037-be2d-e067501049af" />
    <UnitTestResult executionId="68c4d630-57d8-4376-93dd-df15f4f37104" testId="f733b0b5-068d-23f4-8207-6596c48f6bf5" testName="Страница потока: при архивации потока появляется модалка подтверждения действия" computerName="df2fa4c7c641" duration="00:00:03.0729840" startTime="2023-11-09T07:48:25.0400498+00:00" endTime="2023-11-09T07:48:28.1130338+00:00" testType="13cdc9d9-ddb5-4fa4-a97d-d965ccfc6d4b" outcome="Passed" testListId="8c84fa94-04c1-424b-9868-57a2d4851a1d" relativeResultsDirectory="68c4d630-57d8-4376-93dd-df15f4f37104" />
    <UnitTestResult executionId="0f0f6abf-4389-44ac-bfa9-bb8f0ff5284f" testId="4477a337-0c19-ab6e-aeb0-b0e1bd07a0d8" testName="Страница посещаемости дисциплины: отметки/снятия посещаемости преподавателем" computerName="df2fa4c7c641" duration="00:00:05.9739790" startTime="2023-11-09T07:50:20.4279141+00:00" endTime="2023-11-09T07:50:26.4018926+00:00" testType="13cdc9d9-ddb5-4fa4-a97d-d965ccfc6d4b" outcome="Passed" testListId="8c84fa94-04c1-424b-9868-57a2d4851a1d" relativeResultsDirectory="0f0f6abf-4389-44ac-bfa9-bb8f0ff5284f" />
    <UnitTestResult executionId="1ab5d36c-c009-4913-9127-05b193996ec6" testId="d339101f-2b45-9b8b-87f5-3e1c7050d092" testName="Создание дисциплины: добавление преподавателя по ссылке на профиль" computerName="df2fa4c7c641" duration="00:00:12.8947749" startTime="2023-11-09T07:50:22.3905474+00:00" endTime="2023-11-09T07:50:35.2853219+00:00" testType="13cdc9d9-ddb5-4fa4-a97d-d965ccfc6d4b" outcome="Passed" testListId="8c84fa94-04c1-424b-9868-57a2d4851a1d" relativeResultsDirectory="1ab5d36c-c009-4913-9127-05b193996ec6" />
    <UnitTestResult executionId="68a96998-031a-42ae-bba2-4ad9855d09f1" testId="d9fef17c-a951-1fd0-3045-be3ee7163a4a" testName="Редактирование дисциплины: в выпадающем списке поля Группы отображаются только группы потока" computerName="df2fa4c7c641" duration="00:00:08.5362040" startTime="2023-11-09T07:50:45.9013384+00:00" endTime="2023-11-09T07:50:54.4375420+00:00" testType="13cdc9d9-ddb5-4fa4-a97d-d965ccfc6d4b" outcome="Passed" testListId="8c84fa94-04c1-424b-9868-57a2d4851a1d" relativeResultsDirectory="68a96998-031a-42ae-bba2-4ad9855d09f1" />
    <UnitTestResult executionId="00019af4-5b56-49d6-95df-7071ed0b879d" testId="6d6cae07-c9e9-7641-21d6-0f454b1a1335" testName="Список чатов - комната дисциплины: можно удалить сообщение" computerName="df2fa4c7c641" duration="00:00:08.5481890" startTime="2023-11-09T07:48:47.0451435+00:00" endTime="2023-11-09T07:48:55.5933323+00:00" testType="13cdc9d9-ddb5-4fa4-a97d-d965ccfc6d4b" outcome="Passed" testListId="8c84fa94-04c1-424b-9868-57a2d4851a1d" relativeResultsDirectory="00019af4-5b56-49d6-95df-7071ed0b879d" />
    <UnitTestResult executionId="8f991cbe-464a-4b23-95cf-b6bfb9fc572c" testId="84e96ac4-1fe5-86b2-9375-337b2f68960e" testName="Список чатов - групповой чат: можно раскрывать изображения" computerName="df2fa4c7c641" duration="00:00:02.2913490" startTime="2023-11-09T07:47:51.0980423+00:00" endTime="2023-11-09T07:47:53.3893904+00:00" testType="13cdc9d9-ddb5-4fa4-a97d-d965ccfc6d4b" outcome="Passed" testListId="8c84fa94-04c1-424b-9868-57a2d4851a1d" relativeResultsDirectory="8f991cbe-464a-4b23-95cf-b6bfb9fc572c" />
    <UnitTestResult executionId="a7bf8dac-087b-417e-8da7-4111e57f5387" testId="8dcf0449-053b-ff4a-34ab-9712d9130fdb" testName="Редактирование профиля пользователя: можно изменить дату рождения" computerName="df2fa4c7c641" duration="00:00:06.9482190" startTime="2023-11-09T07:53:48.5636562+00:00" endTime="2023-11-09T07:53:55.5118745+00:00" testType="13cdc9d9-ddb5-4fa4-a97d-d965ccfc6d4b" outcome="Passed" testListId="8c84fa94-04c1-424b-9868-57a2d4851a1d" relativeResultsDirectory="a7bf8dac-087b-417e-8da7-4111e57f5387" />
    <UnitTestResult executionId="cd65321a-aa89-47ac-bb8f-4a6a8676636a" testId="31e6d50f-a1ff-a2d7-8308-7de1157476c2" testName="Можно оценить решения другого студента, если включена 'Взаимопроверка'" computerName="df2fa4c7c641" duration="00:00:07.7735840" startTime="2023-11-09T07:44:47.9412204+00:00" endTime="2023-11-09T07:44:55.7148037+00:00" testType="13cdc9d9-ddb5-4fa4-a97d-d965ccfc6d4b" outcome="Passed" testListId="8c84fa94-04c1-424b-9868-57a2d4851a1d" relativeResultsDirectory="cd65321a-aa89-47ac-bb8f-4a6a8676636a">
      <Output>
        <StdOut>Авторизоватся под студентом Иван Тестовый Иванович</StdOut>
      </Output>
    </UnitTestResult>
    <UnitTestResult executionId="aa95e1c3-578a-4177-bad4-c418b97f1d67" testId="ff45d043-a889-ddad-bd70-072d4cfa6216" testName="Редактирование дисциплины: можно изменить описание" computerName="df2fa4c7c641" duration="00:00:05.6715230" startTime="2023-11-09T07:49:48.8454908+00:00" endTime="2023-11-09T07:49:54.5170135+00:00" testType="13cdc9d9-ddb5-4fa4-a97d-d965ccfc6d4b" outcome="Passed" testListId="8c84fa94-04c1-424b-9868-57a2d4851a1d" relativeResultsDirectory="aa95e1c3-578a-4177-bad4-c418b97f1d67" />
    <UnitTestResult executionId="7009f894-80ee-4637-b1c0-4a02bd1a2982" testId="cac445db-eb07-3e29-19e0-2705da9f235b" testName="Страница оценок дисциплины: работает кнопка 'Итоговые оценки (ведомость)' у преподавателя" computerName="df2fa4c7c641" duration="00:00:07.3701020" startTime="2023-11-09T07:49:27.0826698+00:00" endTime="2023-11-09T07:49:34.4527719+00:00" testType="13cdc9d9-ddb5-4fa4-a97d-d965ccfc6d4b" outcome="Passed" testListId="8c84fa94-04c1-424b-9868-57a2d4851a1d" relativeResultsDirectory="7009f894-80ee-4637-b1c0-4a02bd1a2982" />
    <UnitTestResult executionId="31d7a701-a048-43a1-b520-2f7fffe9e2a8" testId="df9504f6-6b79-12a1-3bf1-11d0be6e361b" testName="Список чатов - личный чат: можно удалить сообщение" computerName="df2fa4c7c641" duration="00:00:07.5325060" startTime="2023-11-09T07:48:49.6741363+00:00" endTime="2023-11-09T07:48:57.2066418+00:00" testType="13cdc9d9-ddb5-4fa4-a97d-d965ccfc6d4b" outcome="Passed" testListId="8c84fa94-04c1-424b-9868-57a2d4851a1d" relativeResultsDirectory="31d7a701-a048-43a1-b520-2f7fffe9e2a8" />
    <UnitTestResult executionId="18dea9a4-fbe7-45a6-94e2-5d1f9c6728e3" testId="6a431132-d31c-9b86-b365-ce03e7cf8aa2" testName="Страница дисциплины: отмена создания темы" computerName="df2fa4c7c641" duration="00:00:04.5691179" startTime="2023-11-09T07:49:08.0779877+00:00" endTime="2023-11-09T07:49:12.6471051+00:00" testType="13cdc9d9-ddb5-4fa4-a97d-d965ccfc6d4b" outcome="Passed" testListId="8c84fa94-04c1-424b-9868-57a2d4851a1d" relativeResultsDirectory="18dea9a4-fbe7-45a6-94e2-5d1f9c6728e3" />
    <UnitTestResult executionId="84f691db-7d1d-46fa-a65b-982b425b1581" testId="5acf62e8-3d8f-735a-02bc-0fa8c134401d" testName="Редактирование дисциплины: есть возможность редактировать у суперадминистратора" computerName="df2fa4c7c641" duration="00:00:05.0947600" startTime="2023-11-09T07:49:28.4958279+00:00" endTime="2023-11-09T07:49:33.5905879+00:00" testType="13cdc9d9-ddb5-4fa4-a97d-d965ccfc6d4b" outcome="Passed" testListId="8c84fa94-04c1-424b-9868-57a2d4851a1d" relativeResultsDirectory="84f691db-7d1d-46fa-a65b-982b425b1581">
      <Output>
        <StdOut>Авторизоватся под суперадминистратором Алейсей Кутовой</StdOut>
      </Output>
    </UnitTestResult>
    <UnitTestResult executionId="f60f61f3-ab3c-4344-aa86-e5d3866e7764" testId="dcac3bc5-e484-1f7e-d009-6776ae737b23" testName="Создание шаблона контрольной: с режимом выполнения 'Командный'" computerName="df2fa4c7c641" duration="00:00:11.2374949" startTime="2023-11-09T07:46:18.6324232+00:00" endTime="2023-11-09T07:46:29.8699184+00:00" testType="13cdc9d9-ddb5-4fa4-a97d-d965ccfc6d4b" outcome="Passed" testListId="8c84fa94-04c1-424b-9868-57a2d4851a1d" relativeResultsDirectory="f60f61f3-ab3c-4344-aa86-e5d3866e7764" />
    <UnitTestResult executionId="1cd87c68-b1f1-47a1-994c-7d3a9f0d5197" testId="733551fb-e7ba-18f4-9f6d-493221dcb625" testName="Редактирование шаблона контрольной: успешное сохранение при положительных значениях в 'Минимальный порог баллов'" computerName="df2fa4c7c641" duration="00:00:07.4866930" startTime="2023-11-09T07:46:50.0819037+00:00" endTime="2023-11-09T07:46:57.5685967+00:00" testType="13cdc9d9-ddb5-4fa4-a97d-d965ccfc6d4b" outcome="Passed" testListId="8c84fa94-04c1-424b-9868-57a2d4851a1d" relativeResultsDirectory="1cd87c68-b1f1-47a1-994c-7d3a9f0d5197" />
    <UnitTestResult executionId="f308efd6-14cf-49f7-9a97-a4cc609e61aa" testId="884215b4-0444-93b9-03c7-e9768620aee2" testName="Результат прохождения: преподаватель может оставить комментарий к ответу, если включена опция подробная информация о результатах" computerName="df2fa4c7c641" duration="00:00:10.5228990" startTime="2023-11-09T07:45:37.0310072+00:00" endTime="2023-11-09T07:45:47.5539068+00:00" testType="13cdc9d9-ddb5-4fa4-a97d-d965ccfc6d4b" outcome="Passed" testListId="8c84fa94-04c1-424b-9868-57a2d4851a1d" relativeResultsDirectory="f308efd6-14cf-49f7-9a97-a4cc609e61aa" />
    <UnitTestResult executionId="148535b8-b122-43eb-93a4-d595e39486b6" testId="8a3016bc-dc5c-f318-332c-93c00a32625f" testName="Проверка отображение режима 3 дня в мобильной версии" computerName="df2fa4c7c641" duration="00:00:03.4278490" startTime="2023-11-09T07:54:03.0320574+00:00" endTime="2023-11-09T07:54:06.4599057+00:00" testType="13cdc9d9-ddb5-4fa4-a97d-d965ccfc6d4b" outcome="Passed" testListId="8c84fa94-04c1-424b-9868-57a2d4851a1d" relativeResultsDirectory="148535b8-b122-43eb-93a4-d595e39486b6" />
    <UnitTestResult executionId="df7cadca-2a22-45de-9a1a-b4005f993ce7" testId="3b795a3c-62c0-b63d-6440-d18a32dc23df" testName="Создание дисциплины ДО: можно создать дисциплину, если заполнены обязательные поля" computerName="df2fa4c7c641" duration="00:00:16.6188180" startTime="2023-11-09T07:49:01.4443101+00:00" endTime="2023-11-09T07:49:18.0631276+00:00" testType="13cdc9d9-ddb5-4fa4-a97d-d965ccfc6d4b" outcome="Passed" testListId="8c84fa94-04c1-424b-9868-57a2d4851a1d" relativeResultsDirectory="df7cadca-2a22-45de-9a1a-b4005f993ce7" />
    <UnitTestResult executionId="fc283060-8df4-4e1a-be3a-7d241d2680ea" testId="bb17a9fd-7898-9aba-aa70-6421975d8071" testName="Страница аналитика дисциплины: отображается заглушка, если в дисциплине нет студентов или активностей" computerName="df2fa4c7c641" duration="00:00:03.5637410" startTime="2023-11-09T07:50:25.8443128+00:00" endTime="2023-11-09T07:50:29.4080537+00:00" testType="13cdc9d9-ddb5-4fa4-a97d-d965ccfc6d4b" outcome="Passed" testListId="8c84fa94-04c1-424b-9868-57a2d4851a1d" relativeResultsDirectory="fc283060-8df4-4e1a-be3a-7d241d2680ea" />
    <UnitTestResult executionId="21acaded-842d-4a05-93a9-9bc569fd2371" testId="4c6018b6-a2d0-a2ea-3985-8139c247d4e7" testName="Редактирование контрольной: невозможно удалить контрольную при наличии оценок" computerName="df2fa4c7c641" duration="00:00:03.9408180" startTime="2023-11-09T07:46:03.8225485+00:00" endTime="2023-11-09T07:46:07.7633656+00:00" testType="13cdc9d9-ddb5-4fa4-a97d-d965ccfc6d4b" outcome="Passed" testListId="8c84fa94-04c1-424b-9868-57a2d4851a1d" relativeResultsDirectory="21acaded-842d-4a05-93a9-9bc569fd2371" />
    <UnitTestResult executionId="1a1860b6-6486-44b9-a29b-a7005b9140df" testId="118e9903-9130-2c33-d159-3c4519bc8fd8" testName="Конструктор теста: можно переименовать вариант" computerName="df2fa4c7c641" duration="00:00:08.2071070" startTime="2023-11-09T07:51:27.0160752+00:00" endTime="2023-11-09T07:51:35.2231817+00:00" testType="13cdc9d9-ddb5-4fa4-a97d-d965ccfc6d4b" outcome="Passed" testListId="8c84fa94-04c1-424b-9868-57a2d4851a1d" relativeResultsDirectory="1a1860b6-6486-44b9-a29b-a7005b9140df" />
    <UnitTestResult executionId="2f4d7686-13ac-49b0-b005-3a018b51eff6" testId="0322d7b9-8b1c-08c4-7a59-cce574dc9bc8" testName="Редактирование активности: можно загрузить материал типа файл с компьютера" computerName="df2fa4c7c641" duration="00:00:15.1968790" startTime="2023-11-09T07:43:48.1762309+00:00" endTime="2023-11-09T07:44:03.3731094+00:00" testType="13cdc9d9-ddb5-4fa4-a97d-d965ccfc6d4b" outcome="Passed" testListId="8c84fa94-04c1-424b-9868-57a2d4851a1d" relativeResultsDirectory="2f4d7686-13ac-49b0-b005-3a018b51eff6" />
    <UnitTestResult executionId="bf874f08-3988-48d9-b51d-f885dd2f3764" testId="eacba0aa-7293-a1da-3130-9015ff196f5a" testName="Список чатов - обсуждение решения: невозможно отправить пустое сообщение" computerName="df2fa4c7c641" duration="00:00:08.4053510" startTime="2023-11-09T07:47:12.7217709+00:00" endTime="2023-11-09T07:47:21.1271216+00:00" testType="13cdc9d9-ddb5-4fa4-a97d-d965ccfc6d4b" outcome="Passed" testListId="8c84fa94-04c1-424b-9868-57a2d4851a1d" relativeResultsDirectory="bf874f08-3988-48d9-b51d-f885dd2f3764" />
    <UnitTestResult executionId="8a5e6a7b-b2a3-4184-afc5-9c53ac8d9969" testId="f113974d-6196-5c99-3688-0cbfb47f7f73" testName="Можно оценить решения значением ниже минимального порога баллов" computerName="df2fa4c7c641" duration="00:00:09.5842240" startTime="2023-11-09T07:44:24.3201363+00:00" endTime="2023-11-09T07:44:33.9043599+00:00" testType="13cdc9d9-ddb5-4fa4-a97d-d965ccfc6d4b" outcome="Passed" testListId="8c84fa94-04c1-424b-9868-57a2d4851a1d" relativeResultsDirectory="8a5e6a7b-b2a3-4184-afc5-9c53ac8d9969" />
    <UnitTestResult executionId="8bd9e232-15aa-4656-a632-c30f89bb31f1" testId="e6698e3a-8089-9ea9-379a-4c111103df76" testName="Список чатов - обсуждение решения: можно раскрывать изображения" computerName="df2fa4c7c641" duration="00:00:02.3215840" startTime="2023-11-09T07:48:01.6920139+00:00" endTime="2023-11-09T07:48:04.0135978+00:00" testType="13cdc9d9-ddb5-4fa4-a97d-d965ccfc6d4b" outcome="Passed" testListId="8c84fa94-04c1-424b-9868-57a2d4851a1d" relativeResultsDirectory="8bd9e232-15aa-4656-a632-c30f89bb31f1" />
    <UnitTestResult executionId="e04c8a83-55e1-4b54-8bbb-2c88b33500a8" testId="d5532f31-dd55-50a2-0c75-ce189325a488" testName="Конструктор теста-тренажера: можно добавлять теги знаний" computerName="df2fa4c7c641" duration="00:00:06.1009240" startTime="2023-11-09T07:53:05.7621383+00:00" endTime="2023-11-09T07:53:11.8630620+00:00" testType="13cdc9d9-ddb5-4fa4-a97d-d965ccfc6d4b" outcome="Passed" testListId="8c84fa94-04c1-424b-9868-57a2d4851a1d" relativeResultsDirectory="e04c8a83-55e1-4b54-8bbb-2c88b33500a8" />
    <UnitTestResult executionId="13c5d3ed-7bc6-4cc6-ac0d-31dbc15518f9" testId="f3446903-7b41-79ae-13d2-c61d34cd7f11" testName="Переход со страницы завершения обучения на страницу потока" computerName="df2fa4c7c641" duration="00:00:01.6040920" startTime="2023-11-09T07:48:30.9073045+00:00" endTime="2023-11-09T07:48:32.5113963+00:00" testType="13cdc9d9-ddb5-4fa4-a97d-d965ccfc6d4b" outcome="Passed" testListId="8c84fa94-04c1-424b-9868-57a2d4851a1d" relativeResultsDirectory="13c5d3ed-7bc6-4cc6-ac0d-31dbc15518f9" />
    <UnitTestResult executionId="8e392537-3588-4ef7-a058-f0c07f5ff8cf" testId="9b7e6aca-8eb4-7698-f83c-0d4ac404e02b" testName="Конструктор теста: можно добавить автора" computerName="df2fa4c7c641" duration="00:00:08.0918220" startTime="2023-11-09T07:52:04.8308946+00:00" endTime="2023-11-09T07:52:12.9227162+00:00" testType="13cdc9d9-ddb5-4fa4-a97d-d965ccfc6d4b" outcome="Passed" testListId="8c84fa94-04c1-424b-9868-57a2d4851a1d" relativeResultsDirectory="8e392537-3588-4ef7-a058-f0c07f5ff8cf" />
    <UnitTestResult executionId="4f33daf6-602f-4859-9294-33476606f19f" testId="a239c67d-5c84-b792-4a4c-efade1c84cee" testName="Конструктор теста: можно добавить еще одну опцию в вопрос с типом ответа 'Сортировка'" computerName="df2fa4c7c641" duration="00:00:09.4952860" startTime="2023-11-09T07:51:49.6178017+00:00" endTime="2023-11-09T07:51:59.1130879+00:00" testType="13cdc9d9-ddb5-4fa4-a97d-d965ccfc6d4b" outcome="Passed" testListId="8c84fa94-04c1-424b-9868-57a2d4851a1d" relativeResultsDirectory="4f33daf6-602f-4859-9294-33476606f19f" />
    <UnitTestResult executionId="77847bdb-97ab-494a-819c-3d3ec7537a1c" testId="4ea828aa-4b25-b6aa-5678-2a0ebe1a61bb" testName="Страница потока: студенты не имеют доступа к активностям архивного потока" computerName="df2fa4c7c641" duration="00:00:07.3577480" startTime="2023-11-09T07:48:36.5759702+00:00" endTime="2023-11-09T07:48:43.9337174+00:00" testType="13cdc9d9-ddb5-4fa4-a97d-d965ccfc6d4b" outcome="Passed" testListId="8c84fa94-04c1-424b-9868-57a2d4851a1d" relativeResultsDirectory="77847bdb-97ab-494a-819c-3d3ec7537a1c">
      <Output>
        <StdOut>Авторизоватся под студентом Smith John</StdOut>
      </Output>
    </UnitTestResult>
    <UnitTestResult executionId="66489e5e-031c-4fec-90d1-d0517c42abdb" testId="6b4e95ab-9fc7-e72e-2f6b-a35ca163b7a3" testName="Редактирование дисциплины: блокировка чата дисциплины" computerName="df2fa4c7c641" duration="00:00:15.5335220" startTime="2023-11-09T07:48:55.4778560+00:00" endTime="2023-11-09T07:49:11.0113772+00:00" testType="13cdc9d9-ddb5-4fa4-a97d-d965ccfc6d4b" outcome="Passed" testListId="8c84fa94-04c1-424b-9868-57a2d4851a1d" relativeResultsDirectory="66489e5e-031c-4fec-90d1-d0517c42abdb">
      <Output>
        <StdOut>Авторизоватся под преподавателем Дарья Тестовая</StdOut>
      </Output>
    </UnitTestResult>
    <UnitTestResult executionId="26dd1c91-9902-4b3c-aea0-753e25c65683" testId="85180199-1e32-9f50-3b30-a55c4a00ff89" testName="Редактирование активности: можно добавлять теги знаний" computerName="df2fa4c7c641" duration="00:00:06.6317110" startTime="2023-11-09T07:44:09.0724608+00:00" endTime="2023-11-09T07:44:15.7041717+00:00" testType="13cdc9d9-ddb5-4fa4-a97d-d965ccfc6d4b" outcome="Passed" testListId="8c84fa94-04c1-424b-9868-57a2d4851a1d" relativeResultsDirectory="26dd1c91-9902-4b3c-aea0-753e25c65683" />
    <UnitTestResult executionId="676e32dc-3de7-41b4-9f48-5d24fc325e91" testId="cbbc8f11-2d37-c3ca-67e6-6463ba7ab911" testName="Конструктор теста-тренажера: можно изменить время изучения" computerName="df2fa4c7c641" duration="00:00:06.7488560" startTime="2023-11-09T07:53:29.4771522+00:00" endTime="2023-11-09T07:53:36.2260084+00:00" testType="13cdc9d9-ddb5-4fa4-a97d-d965ccfc6d4b" outcome="Passed" testListId="8c84fa94-04c1-424b-9868-57a2d4851a1d" relativeResultsDirectory="676e32dc-3de7-41b4-9f48-5d24fc325e91" />
    <UnitTestResult executionId="ac1b2857-8b1d-4ec5-b3cc-6f89bb8f00be" testId="0b757631-4497-ce16-b088-f4508a34eafa" testName="Нет возможности отправить решения за другого студента" computerName="df2fa4c7c641" duration="00:00:04.8469239" startTime="2023-11-09T07:44:25.7183718+00:00" endTime="2023-11-09T07:44:30.5652951+00:00" testType="13cdc9d9-ddb5-4fa4-a97d-d965ccfc6d4b" outcome="Passed" testListId="8c84fa94-04c1-424b-9868-57a2d4851a1d" relativeResultsDirectory="ac1b2857-8b1d-4ec5-b3cc-6f89bb8f00be" />
    <UnitTestResult executionId="593910aa-078b-40f2-8f50-b7000f1fc017" testId="47166a22-e9ee-f46f-4a3c-7d574c1f81ea" testName="Редактирование шаблона контрольной: отображение ошибки валидации для поля 'Количество попыток сдачи' с отрицательным значением" computerName="df2fa4c7c641" duration="00:00:05.4344140" startTime="2023-11-09T07:46:14.8407712+00:00" endTime="2023-11-09T07:46:20.2751853+00:00" testType="13cdc9d9-ddb5-4fa4-a97d-d965ccfc6d4b" outcome="Passed" testListId="8c84fa94-04c1-424b-9868-57a2d4851a1d" relativeResultsDirectory="593910aa-078b-40f2-8f50-b7000f1fc017" />
    <UnitTestResult executionId="08de6f05-85b7-4732-8b9c-997b5b603fa5" testId="9ecf621e-cfbc-f21c-8c35-869ec7749a1a" testName="Страница шаблона дисциплины: можно добавить шаблон активности выбрав его из библиотеки" computerName="df2fa4c7c641" duration="00:00:09.2773590" startTime="2023-11-09T07:50:35.4765007+00:00" endTime="2023-11-09T07:50:44.7538594+00:00" testType="13cdc9d9-ddb5-4fa4-a97d-d965ccfc6d4b" outcome="Passed" testListId="8c84fa94-04c1-424b-9868-57a2d4851a1d" relativeResultsDirectory="08de6f05-85b7-4732-8b9c-997b5b603fa5" />
    <UnitTestResult executionId="b7e567a9-3c83-45c2-9cbe-975037e91182" testId="fb3edcd3-829e-0e17-ce66-6b4e53e49a80" testName="Создание потока: ошибка валидации, если дата начала и окончания совпадают" computerName="df2fa4c7c641" duration="00:00:03.3091640" startTime="2023-11-09T07:47:42.3069613+00:00" endTime="2023-11-09T07:47:45.6161250+00:00" testType="13cdc9d9-ddb5-4fa4-a97d-d965ccfc6d4b" outcome="Passed" testListId="8c84fa94-04c1-424b-9868-57a2d4851a1d" relativeResultsDirectory="b7e567a9-3c83-45c2-9cbe-975037e91182" />
    <UnitTestResult executionId="bfff6748-4453-4817-881a-895e7823d1f9" testId="eb83f97b-9899-a203-b623-6e370654ab56" testName="Конструктор теста: можно дублировать вариант" computerName="df2fa4c7c641" duration="00:00:08.7283190" startTime="2023-11-09T07:51:35.2232843+00:00" endTime="2023-11-09T07:51:43.9516023+00:00" testType="13cdc9d9-ddb5-4fa4-a97d-d965ccfc6d4b" outcome="Passed" testListId="8c84fa94-04c1-424b-9868-57a2d4851a1d" relativeResultsDirectory="bfff6748-4453-4817-881a-895e7823d1f9" />
    <UnitTestResult executionId="a300c0ed-abbe-459b-b14a-19459068e01b" testId="9a1004e6-edbb-870f-2548-c2e023875b1e" testName="Библиотека, списочный вид: можно удалить материал" computerName="df2fa4c7c641" duration="00:00:14.7217240" startTime="2023-11-09T07:51:55.7855621+00:00" endTime="2023-11-09T07:52:10.5072861+00:00" testType="13cdc9d9-ddb5-4fa4-a97d-d965ccfc6d4b" outcome="Passed" testListId="8c84fa94-04c1-424b-9868-57a2d4851a1d" relativeResultsDirectory="a300c0ed-abbe-459b-b14a-19459068e01b" />
    <UnitTestResult executionId="c195347b-63b1-4043-9d3a-5b6edb2d4264" testId="b05a4d01-a809-8b77-7f9a-99e46d6f68e2" testName="Можно редактировать поставленную оценку к решении другого студента, если включена 'Взаимопроверка'" computerName="df2fa4c7c641" duration="00:00:08.7998970" startTime="2023-11-09T07:44:36.9492841+00:00" endTime="2023-11-09T07:44:45.7491805+00:00" testType="13cdc9d9-ddb5-4fa4-a97d-d965ccfc6d4b" outcome="Passed" testListId="8c84fa94-04c1-424b-9868-57a2d4851a1d" relativeResultsDirectory="c195347b-63b1-4043-9d3a-5b6edb2d4264" />
    <UnitTestResult executionId="72176c0b-0443-432a-93d6-37a11ee4bc66" testId="4d9f2789-87ed-41dd-9655-e679a1f14061" testName="Библиотека, плиточный вид: можно найти материал в поиске по названию" computerName="df2fa4c7c641" duration="00:00:06.9740060" startTime="2023-11-09T07:51:03.3711564+00:00" endTime="2023-11-09T07:51:10.3451619+00:00" testType="13cdc9d9-ddb5-4fa4-a97d-d965ccfc6d4b" outcome="Passed" testListId="8c84fa94-04c1-424b-9868-57a2d4851a1d" relativeResultsDirectory="72176c0b-0443-432a-93d6-37a11ee4bc66" />
    <UnitTestResult executionId="1f442540-cb2a-42ec-8c0d-99a434695b91" testId="fe2b3c98-a5cb-193a-4172-4755b80fd785" testName="Список чатов - чат для заметок: можно удалить сообщение" computerName="df2fa4c7c641" duration="00:00:07.6959150" startTime="2023-11-09T07:49:03.9340766+00:00" endTime="2023-11-09T07:49:11.6299913+00:00" testType="13cdc9d9-ddb5-4fa4-a97d-d965ccfc6d4b" outcome="Passed" testListId="8c84fa94-04c1-424b-9868-57a2d4851a1d" relativeResultsDirectory="1f442540-cb2a-42ec-8c0d-99a434695b91" />
    <UnitTestResult executionId="bf0ea6b2-96cf-45e8-9876-1a69fc30473f" testId="36da5d62-3f4b-95bf-ee5b-07de0fd8bc0b" testName="Редактирование шаблона контрольной: переключение чекбокса 'Отображать студентам подробную информацию о результатах'" computerName="df2fa4c7c641" duration="00:00:09.7148020" startTime="2023-11-09T07:46:57.5691202+00:00" endTime="2023-11-09T07:47:07.2839218+00:00" testType="13cdc9d9-ddb5-4fa4-a97d-d965ccfc6d4b" outcome="Passed" testListId="8c84fa94-04c1-424b-9868-57a2d4851a1d" relativeResultsDirectory="bf0ea6b2-96cf-45e8-9876-1a69fc30473f" />
    <UnitTestResult executionId="e97015ca-8f96-4df1-a67c-5110c5262741" testId="b6c9dd08-049f-6c8d-0458-68f33c88ad6d" testName="Редактирование шаблона контрольной: можно добавить материал типа тест из библиотеки" computerName="df2fa4c7c641" duration="00:00:13.6598870" startTime="2023-11-09T07:46:06.6157675+00:00" endTime="2023-11-09T07:46:20.2756547+00:00" testType="13cdc9d9-ddb5-4fa4-a97d-d965ccfc6d4b" outcome="Passed" testListId="8c84fa94-04c1-424b-9868-57a2d4851a1d" relativeResultsDirectory="e97015ca-8f96-4df1-a67c-5110c5262741" />
    <UnitTestResult executionId="46d9d955-d0ef-40d1-9ca5-a7e9cc40485e" testId="24bd7e98-d3ad-8127-b694-e17d37fd85e2" testName="Список чатов - групповой чат: можно редактировать сообщение в течение 4 часов после отправки" computerName="df2fa4c7c641" duration="00:00:16.9223700" startTime="2023-11-09T07:46:51.1466520+00:00" endTime="2023-11-09T07:47:08.0690221+00:00" testType="13cdc9d9-ddb5-4fa4-a97d-d965ccfc6d4b" outcome="Passed" testListId="8c84fa94-04c1-424b-9868-57a2d4851a1d" relativeResultsDirectory="46d9d955-d0ef-40d1-9ca5-a7e9cc40485e" />
    <UnitTestResult executionId="5301cc8d-c697-45a8-93c4-6a257dbeb986" testId="469e3971-d495-ccb7-1746-a81e8da9db4c" testName="Чекбокс многокритериальная проверка не отображается, если выбрана взаимопроверка" computerName="df2fa4c7c641" duration="00:00:05.1447210" startTime="2023-11-09T07:43:55.8015338+00:00" endTime="2023-11-09T07:44:00.9462547+00:00" testType="13cdc9d9-ddb5-4fa4-a97d-d965ccfc6d4b" outcome="Passed" testListId="8c84fa94-04c1-424b-9868-57a2d4851a1d" relativeResultsDirectory="5301cc8d-c697-45a8-93c4-6a257dbeb986" />
    <UnitTestResult executionId="53475117-515d-4e60-99f6-b93f10058ba4" testId="a25feced-02c4-174f-4cb7-4aaebd7c8e2e" testName="Редактирование дисциплины: есть возможность редактировать у администратора организации, к которому дисциплина относится" computerName="df2fa4c7c641" duration="00:00:06.9018820" startTime="2023-11-09T07:49:21.5931345+00:00" endTime="2023-11-09T07:49:28.4950165+00:00" testType="13cdc9d9-ddb5-4fa4-a97d-d965ccfc6d4b" outcome="Passed" testListId="8c84fa94-04c1-424b-9868-57a2d4851a1d" relativeResultsDirectory="53475117-515d-4e60-99f6-b93f10058ba4">
      <Output>
        <StdOut>Авторизоватся под администратором организации Василиса Васильева</StdOut>
      </Output>
    </UnitTestResult>
    <UnitTestResult executionId="82ef4590-ea1b-4929-b54f-92c187d3487d" testId="bf20a527-3c6a-42b7-f55d-0b5db4372e05" testName="Страница потока: отсутствие доступа студента к выгрузкам" computerName="df2fa4c7c641" duration="00:00:04.6604310" startTime="2023-11-09T07:48:31.9148153+00:00" endTime="2023-11-09T07:48:36.5752451+00:00" testType="13cdc9d9-ddb5-4fa4-a97d-d965ccfc6d4b" outcome="Passed" testListId="8c84fa94-04c1-424b-9868-57a2d4851a1d" relativeResultsDirectory="82ef4590-ea1b-4929-b54f-92c187d3487d">
      <Output>
        <StdOut>Авторизоватся под студентом Smith John</StdOut>
      </Output>
    </UnitTestResult>
    <UnitTestResult executionId="b9e5de00-486f-40c1-948a-03d0473ea278" testId="4ad99740-516c-32e4-a730-7bd1b81e48e9" testName="Редактирование потока: ошибка валидации, если даты начала и окончания не заполнены" computerName="df2fa4c7c641" duration="00:00:04.0076630" startTime="2023-11-09T07:48:38.2884017+00:00" endTime="2023-11-09T07:48:42.2960644+00:00" testType="13cdc9d9-ddb5-4fa4-a97d-d965ccfc6d4b" outcome="Passed" testListId="8c84fa94-04c1-424b-9868-57a2d4851a1d" relativeResultsDirectory="b9e5de00-486f-40c1-948a-03d0473ea278" />
    <UnitTestResult executionId="b75c413d-13f1-43fa-a809-282e0187212e" testId="27cb08c4-5264-0f56-2030-75eecc0db0f8" testName="Редактирование дисциплины: отображение ошибки валидации для поля 'Кредиты' с значением &gt; 15" computerName="df2fa4c7c641" duration="00:00:04.6505650" startTime="2023-11-09T07:49:48.7444330+00:00" endTime="2023-11-09T07:49:53.3949978+00:00" testType="13cdc9d9-ddb5-4fa4-a97d-d965ccfc6d4b" outcome="Passed" testListId="8c84fa94-04c1-424b-9868-57a2d4851a1d" relativeResultsDirectory="b75c413d-13f1-43fa-a809-282e0187212e" />
    <UnitTestResult executionId="ffaffab7-6566-4051-8e05-cd22202f9c91" testId="597466f3-f67f-05d2-1832-0fc509d6df4f" testName="Создание дисциплины: в выпадающем списке поля Группы отображаются только группы потока" computerName="df2fa4c7c641" duration="00:00:04.5420860" startTime="2023-11-09T07:50:16.1612181+00:00" endTime="2023-11-09T07:50:20.7033036+00:00" testType="13cdc9d9-ddb5-4fa4-a97d-d965ccfc6d4b" outcome="Passed" testListId="8c84fa94-04c1-424b-9868-57a2d4851a1d" relativeResultsDirectory="ffaffab7-6566-4051-8e05-cd22202f9c91" />
    <UnitTestResult executionId="324f5862-ac5d-486f-83f6-e57c116c2107" testId="f2e23a87-e9af-6449-2d22-3352d020cecb" testName="Страница оценок дисциплины: выставления оценки преподавателем" computerName="df2fa4c7c641" duration="00:00:17.2521610" startTime="2023-11-09T07:49:34.4534727+00:00" endTime="2023-11-09T07:49:51.7056336+00:00" testType="13cdc9d9-ddb5-4fa4-a97d-d965ccfc6d4b" outcome="Passed" testListId="8c84fa94-04c1-424b-9868-57a2d4851a1d" relativeResultsDirectory="324f5862-ac5d-486f-83f6-e57c116c2107" />
    <UnitTestResult executionId="b9c8dcb2-c184-40d3-8dbd-72651c3154d8" testId="b7ba1de5-d226-a3a1-a723-04f76af8dc1a" testName="Создание дисциплины: добавление преподавателя по email’у" computerName="df2fa4c7c641" duration="00:00:17.0745150" startTime="2023-11-09T07:49:51.0778268+00:00" endTime="2023-11-09T07:50:08.1523418+00:00" testType="13cdc9d9-ddb5-4fa4-a97d-d965ccfc6d4b" outcome="Passed" testListId="8c84fa94-04c1-424b-9868-57a2d4851a1d" relativeResultsDirectory="b9c8dcb2-c184-40d3-8dbd-72651c3154d8" />
    <UnitTestResult executionId="818afbf6-82a1-4956-973b-13006c14414d" testId="d1020b62-0221-c907-38c1-65f245862ef0" testName="Проверка кнопки Отмена синхронизации с Google календарем" computerName="df2fa4c7c641" duration="00:00:06.6869140" startTime="2023-11-09T07:53:42.9607089+00:00" endTime="2023-11-09T07:53:49.6476230+00:00" testType="13cdc9d9-ddb5-4fa4-a97d-d965ccfc6d4b" outcome="Passed" testListId="8c84fa94-04c1-424b-9868-57a2d4851a1d" relativeResultsDirectory="818afbf6-82a1-4956-973b-13006c14414d" />
    <UnitTestResult executionId="98512197-2d12-4f61-9aae-c19d8892cbc9" testId="34f50da9-ed00-6e35-9dd5-78869aba346b" testName="Редактирование контрольной: можно добавить материал типа тест-тренажёр из библиотеки" computerName="df2fa4c7c641" duration="00:00:14.6393600" startTime="2023-11-09T07:45:17.7140363+00:00" endTime="2023-11-09T07:45:32.3533964+00:00" testType="13cdc9d9-ddb5-4fa4-a97d-d965ccfc6d4b" outcome="Passed" testListId="8c84fa94-04c1-424b-9868-57a2d4851a1d" relativeResultsDirectory="98512197-2d12-4f61-9aae-c19d8892cbc9" />
    <UnitTestResult executionId="33e4c154-38e7-4569-a4d0-cda4f960276e" testId="5c761efb-3ab3-7c37-22f8-1afed1ef02df" testName="Список чатов - групповой чат: можно удалить сообщение" computerName="df2fa4c7c641" duration="00:00:07.9922350" startTime="2023-11-09T07:48:34.2376916+00:00" endTime="2023-11-09T07:48:42.2299262+00:00" testType="13cdc9d9-ddb5-4fa4-a97d-d965ccfc6d4b" outcome="Passed" testListId="8c84fa94-04c1-424b-9868-57a2d4851a1d" relativeResultsDirectory="33e4c154-38e7-4569-a4d0-cda4f960276e" />
    <UnitTestResult executionId="06302a64-326a-4186-88d1-452df5c69683" testId="cb9d0c98-e853-302e-ed02-acc18ba7a8cb" testName="Проверка некорректного подключения к синхронизации с Google календарем" computerName="df2fa4c7c641" duration="00:00:07.0443410" startTime="2023-11-09T07:53:35.9162761+00:00" endTime="2023-11-09T07:53:42.9606166+00:00" testType="13cdc9d9-ddb5-4fa4-a97d-d965ccfc6d4b" outcome="Passed" testListId="8c84fa94-04c1-424b-9868-57a2d4851a1d" relativeResultsDirectory="06302a64-326a-4186-88d1-452df5c69683" />
    <UnitTestResult executionId="1348904f-375a-4378-b13c-d03fcce55c4f" testId="20e09d9e-acc5-a742-b004-b0120052a188" testName="Библиотека, списочный вид: можно скопировать материал через actions-кнопки" computerName="df2fa4c7c641" duration="00:00:15.7098850" startTime="2023-11-09T07:52:35.1309175+00:00" endTime="2023-11-09T07:52:50.8408020+00:00" testType="13cdc9d9-ddb5-4fa4-a97d-d965ccfc6d4b" outcome="Passed" testListId="8c84fa94-04c1-424b-9868-57a2d4851a1d" relativeResultsDirectory="1348904f-375a-4378-b13c-d03fcce55c4f" />
    <UnitTestResult executionId="1db4d0d2-d455-4903-859d-422f02ea7d94" testId="775d70fe-590c-c205-0176-cd6623e45e44" testName="Страница Мой тариф: проверка закрытия таблицы активных пользователей" computerName="df2fa4c7c641" duration="00:00:03.2985930" startTime="2023-11-09T07:53:02.1533428+00:00" endTime="2023-11-09T07:53:05.4519354+00:00" testType="13cdc9d9-ddb5-4fa4-a97d-d965ccfc6d4b" outcome="Passed" testListId="8c84fa94-04c1-424b-9868-57a2d4851a1d" relativeResultsDirectory="1db4d0d2-d455-4903-859d-422f02ea7d94" />
    <UnitTestResult executionId="a9497da7-c907-435e-ad92-4a0342861d89" testId="f08e2940-03b5-962a-9157-b78053acc8bb" testName="Конструктор теста: можно удалить вариант ответа из вопроса с типом ответа 'Выбор из вариантов'" computerName="df2fa4c7c641" duration="00:00:06.1559090" startTime="2023-11-09T07:52:12.4184006+00:00" endTime="2023-11-09T07:52:18.5743091+00:00" testType="13cdc9d9-ddb5-4fa4-a97d-d965ccfc6d4b" outcome="Passed" testListId="8c84fa94-04c1-424b-9868-57a2d4851a1d" relativeResultsDirectory="a9497da7-c907-435e-ad92-4a0342861d89" />
    <UnitTestResult executionId="cc5c385d-52ea-47d0-b0a9-d4aadc39bcae" testId="aebdc582-32b9-e8ee-3afe-c780cf4e9767" testName="Редактирование потока: ошибка валидации, если название не заполнено" computerName="df2fa4c7c641" duration="00:00:05.2456889" startTime="2023-11-09T07:48:13.8916240+00:00" endTime="2023-11-09T07:48:19.1373129+00:00" testType="13cdc9d9-ddb5-4fa4-a97d-d965ccfc6d4b" outcome="Passed" testListId="8c84fa94-04c1-424b-9868-57a2d4851a1d" relativeResultsDirectory="cc5c385d-52ea-47d0-b0a9-d4aadc39bcae" />
    <UnitTestResult executionId="5be8c98d-341e-4937-b7b3-a8c5ae28b905" testId="3751798e-b752-1fe6-4a26-c4019048cb73" testName="Редактирование дисциплины: невозможно добавить группу из стороннего потока" computerName="df2fa4c7c641" duration="00:00:07.0814320" startTime="2023-11-09T07:50:03.1943399+00:00" endTime="2023-11-09T07:50:10.2757716+00:00" testType="13cdc9d9-ddb5-4fa4-a97d-d965ccfc6d4b" outcome="Passed" testListId="8c84fa94-04c1-424b-9868-57a2d4851a1d" relativeResultsDirectory="5be8c98d-341e-4937-b7b3-a8c5ae28b905" />
    <UnitTestResult executionId="70df1ebf-4e11-4fbc-83a5-27bf623aca9d" testId="09ad64c8-9c28-8c89-6c8b-698430956027" testName="Редактирование программы ДО: можно удалить платную программу без потоков" computerName="df2fa4c7c641" duration="00:00:02.6585270" startTime="2023-11-09T07:53:18.7652021+00:00" endTime="2023-11-09T07:53:21.4237285+00:00" testType="13cdc9d9-ddb5-4fa4-a97d-d965ccfc6d4b" outcome="Passed" testListId="8c84fa94-04c1-424b-9868-57a2d4851a1d" relativeResultsDirectory="70df1ebf-4e11-4fbc-83a5-27bf623aca9d" />
    <UnitTestResult executionId="39be78e8-363b-4306-9ab6-aaa7795a58e7" testId="14871b1e-fee8-8f64-d3ec-b37f2f42c405" testName="Редактирование потока: появление модалки, если продолжительность потока меньше часов программы" computerName="df2fa4c7c641" duration="00:00:07.6393770" startTime="2023-11-09T07:48:05.1724464+00:00" endTime="2023-11-09T07:48:12.8118230+00:00" testType="13cdc9d9-ddb5-4fa4-a97d-d965ccfc6d4b" outcome="Passed" testListId="8c84fa94-04c1-424b-9868-57a2d4851a1d" relativeResultsDirectory="39be78e8-363b-4306-9ab6-aaa7795a58e7" />
    <UnitTestResult executionId="e03027ca-4df9-4c87-883f-989cc686e702" testId="6420005d-0a7e-b76b-adf2-95281f84034a" testName="Редактирование потока ДО (СЗ): отсутствует кнопка ‘Удалить поток’, если в потоке есть слушатели" computerName="df2fa4c7c641" duration="00:00:02.9920810" startTime="2023-11-09T07:48:52.2613149+00:00" endTime="2023-11-09T07:48:55.2533949+00:00" testType="13cdc9d9-ddb5-4fa4-a97d-d965ccfc6d4b" outcome="Passed" testListId="8c84fa94-04c1-424b-9868-57a2d4851a1d" relativeResultsDirectory="e03027ca-4df9-4c87-883f-989cc686e702" />
    <UnitTestResult executionId="d7c3f13a-c6f4-4ce6-87b8-b79ad49444e9" testId="fd31f0e3-582e-68cd-1acc-f417bb79c414" testName="Страница аналитика дисциплины: отображается график действия студента" computerName="df2fa4c7c641" duration="00:00:04.1849660" startTime="2023-11-09T07:50:21.6592551+00:00" endTime="2023-11-09T07:50:25.8442212+00:00" testType="13cdc9d9-ddb5-4fa4-a97d-d965ccfc6d4b" outcome="Passed" testListId="8c84fa94-04c1-424b-9868-57a2d4851a1d" relativeResultsDirectory="d7c3f13a-c6f4-4ce6-87b8-b79ad49444e9" />
    <UnitTestResult executionId="c43bf08c-ce0f-433a-8e50-a6c345bb25d8" testId="dfe4bad9-e99d-71e6-5e58-444e8b8320a6" testName="Cоздание обр программы ДПО: если не заполнить одно обязательное поле" computerName="df2fa4c7c641" duration="00:00:03.3927640" startTime="2023-11-09T07:53:17.1190848+00:00" endTime="2023-11-09T07:53:20.5118486+00:00" testType="13cdc9d9-ddb5-4fa4-a97d-d965ccfc6d4b" outcome="Passed" testListId="8c84fa94-04c1-424b-9868-57a2d4851a1d" relativeResultsDirectory="c43bf08c-ce0f-433a-8e50-a6c345bb25d8" />
    <UnitTestResult executionId="ceeff0ed-24d8-4273-a8f8-bfca7f78a096" testId="9adf8e1d-5425-3af4-199c-670091b0e7f2" testName="Можно отправить решения на доработку" computerName="df2fa4c7c641" duration="00:00:03.1647800" startTime="2023-11-09T07:44:58.6775125+00:00" endTime="2023-11-09T07:45:01.8422926+00:00" testType="13cdc9d9-ddb5-4fa4-a97d-d965ccfc6d4b" outcome="Passed" testListId="8c84fa94-04c1-424b-9868-57a2d4851a1d" relativeResultsDirectory="ceeff0ed-24d8-4273-a8f8-bfca7f78a096" />
    <UnitTestResult executionId="256f8a50-4d7e-413b-a86d-520270aa5c6b" testId="04ec1356-2e14-2bc5-09d5-c0433536a590" testName="Редактирование дисциплины: есть возможность редактировать у администратора образовательной программы, к которой дисциплина относится" computerName="df2fa4c7c641" duration="00:00:04.5878270" startTime="2023-11-09T07:49:03.3406612+00:00" endTime="2023-11-09T07:49:07.9284873+00:00" testType="13cdc9d9-ddb5-4fa4-a97d-d965ccfc6d4b" outcome="Passed" testListId="8c84fa94-04c1-424b-9868-57a2d4851a1d" relativeResultsDirectory="256f8a50-4d7e-413b-a86d-520270aa5c6b">
      <Output>
        <StdOut>Авторизоватся под администратором программы Мария Сергеевна</StdOut>
      </Output>
    </UnitTestResult>
    <UnitTestResult executionId="1b389a68-9d80-481c-ad7a-dcafb9f8cb5c" testId="a9cce534-0fbd-9d63-9844-99fc62c44ac2" testName="Страница командной контрольной: результат тестирования из попытках зависеть от настройки 'За последнюю попытку'" computerName="df2fa4c7c641" duration="00:00:21.0356250" startTime="2023-11-09T07:46:38.6998464+00:00" endTime="2023-11-09T07:46:59.7354707+00:00" testType="13cdc9d9-ddb5-4fa4-a97d-d965ccfc6d4b" outcome="Passed" testListId="8c84fa94-04c1-424b-9868-57a2d4851a1d" relativeResultsDirectory="1b389a68-9d80-481c-ad7a-dcafb9f8cb5c" />
    <UnitTestResult executionId="8a89936e-edb5-4266-90aa-f1ecf6c811d5" testId="66cef1b6-df2b-6c73-abec-c819bbfc8fff" testName="Страница организации: работает переход к странице импорта сотрудников" computerName="df2fa4c7c641" duration="00:00:01.5791980" startTime="2023-11-09T07:53:11.7268257+00:00" endTime="2023-11-09T07:53:13.3060231+00:00" testType="13cdc9d9-ddb5-4fa4-a97d-d965ccfc6d4b" outcome="Passed" testListId="8c84fa94-04c1-424b-9868-57a2d4851a1d" relativeResultsDirectory="8a89936e-edb5-4266-90aa-f1ecf6c811d5" />
    <UnitTestResult executionId="b7ead91e-b3a5-4c7c-b574-fdaef3bf19ca" testId="46b67cd3-1f02-7287-a85d-d0b343ec63fe" testName="Страница материала: проверка отображения LaTeX материала" computerName="df2fa4c7c641" duration="00:00:00.5136650" startTime="2023-11-09T07:51:06.9479417+00:00" endTime="2023-11-09T07:51:07.4616062+00:00" testType="13cdc9d9-ddb5-4fa4-a97d-d965ccfc6d4b" outcome="NotExecuted" testListId="8c84fa94-04c1-424b-9868-57a2d4851a1d" relativeResultsDirectory="b7ead91e-b3a5-4c7c-b574-fdaef3bf19ca">
      <Output>
        <StdOut>https://test11.odin.study/ru/Content/Library/18927

Данный тест не запускается в режиме headless</StdOut>
        <ErrorInfo>
          <Message>Данный тест не запускается в режиме headless</Message>
        </ErrorInfo>
      </Output>
      <ResultFiles>
        <ResultFile path="df2fa4c7c641/CheckVisibilityOfLaTeXMaterialPage.jpg" />
      </ResultFiles>
    </UnitTestResult>
    <UnitTestResult executionId="f265924a-3d06-4890-bcb6-394e0350a0de" testId="f829df75-7b30-e6a8-2839-d3ef0a057631" testName="Создание потока: ошибка валидации, если даты начала и окончания не указаны" computerName="df2fa4c7c641" duration="00:00:05.7884500" startTime="2023-11-09T07:47:51.8241309+00:00" endTime="2023-11-09T07:47:57.6125802+00:00" testType="13cdc9d9-ddb5-4fa4-a97d-d965ccfc6d4b" outcome="Passed" testListId="8c84fa94-04c1-424b-9868-57a2d4851a1d" relativeResultsDirectory="f265924a-3d06-4890-bcb6-394e0350a0de" />
    <UnitTestResult executionId="3e86e758-cc7d-4b01-9cd0-4a8fe2bd17b1" testId="c46c26f2-8a04-0d52-ba47-dba5aa104132" testName="Можно закрыть/открыть подразделение под суперадминистратором" computerName="df2fa4c7c641" duration="00:00:09.4499560" startTime="2023-11-09T07:51:02.0712631+00:00" endTime="2023-11-09T07:51:11.5212190+00:00" testType="13cdc9d9-ddb5-4fa4-a97d-d965ccfc6d4b" outcome="Passed" testListId="8c84fa94-04c1-424b-9868-57a2d4851a1d" relativeResultsDirectory="3e86e758-cc7d-4b01-9cd0-4a8fe2bd17b1">
      <Output>
        <StdOut>Авторизоватся под суперадминистратором Алейсей Кутовой</StdOut>
      </Output>
    </UnitTestResult>
    <UnitTestResult executionId="331bcbea-5d3f-4ea3-ab03-6a180f974c0b" testId="f79cca05-0890-22c6-a7d9-f3b4a5aad9d4" testName="Редактирование дисциплины: можно включить/отключить ИОТ, если в дисциплине нет активностей" computerName="df2fa4c7c641" duration="00:00:06.6706870" startTime="2023-11-09T07:49:54.5180019+00:00" endTime="2023-11-09T07:50:01.1886884+00:00" testType="13cdc9d9-ddb5-4fa4-a97d-d965ccfc6d4b" outcome="Passed" testListId="8c84fa94-04c1-424b-9868-57a2d4851a1d" relativeResultsDirectory="331bcbea-5d3f-4ea3-ab03-6a180f974c0b" />
    <UnitTestResult executionId="c2c7c72a-49af-408f-ae59-7ac7e7a4ac1b" testId="d28a03eb-b85a-14a9-f631-d3105779f09a" testName="Редактирование контрольной: отображение ошибки валидации для поля 'Количество попыток сдачи' с значением '0'" computerName="df2fa4c7c641" duration="00:00:04.1507560" startTime="2023-11-09T07:45:00.9610527+00:00" endTime="2023-11-09T07:45:05.1118084+00:00" testType="13cdc9d9-ddb5-4fa4-a97d-d965ccfc6d4b" outcome="Passed" testListId="8c84fa94-04c1-424b-9868-57a2d4851a1d" relativeResultsDirectory="c2c7c72a-49af-408f-ae59-7ac7e7a4ac1b" />
    <UnitTestResult executionId="979268de-bf6f-4ed1-aa96-03d3589142c5" testId="9d6520d1-af7d-bea7-c7de-86d60ce16f98" testName="Отображение ошибки валидации для поля баллы с значением 'отлично'" computerName="df2fa4c7c641" duration="00:00:08.5218820" startTime="2023-11-09T07:44:50.1554850+00:00" endTime="2023-11-09T07:44:58.6773672+00:00" testType="13cdc9d9-ddb5-4fa4-a97d-d965ccfc6d4b" outcome="Passed" testListId="8c84fa94-04c1-424b-9868-57a2d4851a1d" relativeResultsDirectory="979268de-bf6f-4ed1-aa96-03d3589142c5" />
    <UnitTestResult executionId="43432f66-92ca-4524-81e2-8db80c47c24e" testId="756b69b6-d74d-d7ed-87d0-147bb1cde5d6" testName="Список чатов - чат для заметок: невозможно отправить пустое сообщение" computerName="df2fa4c7c641" duration="00:00:08.9537099" startTime="2023-11-09T07:47:05.9718615+00:00" endTime="2023-11-09T07:47:14.9255709+00:00" testType="13cdc9d9-ddb5-4fa4-a97d-d965ccfc6d4b" outcome="Passed" testListId="8c84fa94-04c1-424b-9868-57a2d4851a1d" relativeResultsDirectory="43432f66-92ca-4524-81e2-8db80c47c24e" />
    <UnitTestResult executionId="07136221-d655-45d7-9320-1f114633cce7" testId="666cda51-e005-db06-1d08-820838bbda64" testName="Страница организации: у закрытых подразделений отображается иконка и тултип" computerName="df2fa4c7c641" duration="00:00:02.3937390" startTime="2023-11-09T07:53:14.7693170+00:00" endTime="2023-11-09T07:53:17.1630552+00:00" testType="13cdc9d9-ddb5-4fa4-a97d-d965ccfc6d4b" outcome="Passed" testListId="8c84fa94-04c1-424b-9868-57a2d4851a1d" relativeResultsDirectory="07136221-d655-45d7-9320-1f114633cce7" />
    <UnitTestResult executionId="3ab3986d-af98-4dfa-ba7c-05fedb391906" testId="2d8a2b85-bd9b-e1cd-d9bf-89bfa72356e6" testName="Конструктор теста-тренажера: можно добавить вопрос с типом ответа “Выбор из вариантов”" computerName="df2fa4c7c641" duration="00:00:15.9744450" startTime="2023-11-09T07:51:55.9566393+00:00" endTime="2023-11-09T07:52:11.9310837+00:00" testType="13cdc9d9-ddb5-4fa4-a97d-d965ccfc6d4b" outcome="Passed" testListId="8c84fa94-04c1-424b-9868-57a2d4851a1d" relativeResultsDirectory="3ab3986d-af98-4dfa-ba7c-05fedb391906" />
    <UnitTestResult executionId="4a556c5a-0ee8-48d0-a899-9833ecbca292" testId="f5006b00-e4be-982d-0d4a-1ffaca12ed3b" testName="Результат прохождения: студент может просматривать подробную информацию о результатах, если включена соответственная опция" computerName="df2fa4c7c641" duration="00:00:10.1295080" startTime="2023-11-09T07:45:07.0422565+00:00" endTime="2023-11-09T07:45:17.1717648+00:00" testType="13cdc9d9-ddb5-4fa4-a97d-d965ccfc6d4b" outcome="Passed" testListId="8c84fa94-04c1-424b-9868-57a2d4851a1d" relativeResultsDirectory="4a556c5a-0ee8-48d0-a899-9833ecbca292" />
    <UnitTestResult executionId="702f9ced-fe21-4cf3-9414-d14cc5efa541" testId="f08de46c-ca20-d8e6-106b-5b2874ffe012" testName="Чат на странице решения: можно цитировать сообщению" computerName="df2fa4c7c641" duration="00:00:11.8717100" startTime="2023-11-09T07:47:42.9128574+00:00" endTime="2023-11-09T07:47:54.7845672+00:00" testType="13cdc9d9-ddb5-4fa4-a97d-d965ccfc6d4b" outcome="Passed" testListId="8c84fa94-04c1-424b-9868-57a2d4851a1d" relativeResultsDirectory="702f9ced-fe21-4cf3-9414-d14cc5efa541" />
    <UnitTestResult executionId="52d7cb8a-ae4a-4a63-a83a-d10a9914cd38" testId="a15d5ce4-ffd0-f53b-d593-b5bfcb8f92ce" testName="Редактирование активности: можно скрыть материал" computerName="df2fa4c7c641" duration="00:00:25.0047740" startTime="2023-11-09T07:44:08.0037499+00:00" endTime="2023-11-09T07:44:33.0085235+00:00" testType="13cdc9d9-ddb5-4fa4-a97d-d965ccfc6d4b" outcome="Passed" testListId="8c84fa94-04c1-424b-9868-57a2d4851a1d" relativeResultsDirectory="52d7cb8a-ae4a-4a63-a83a-d10a9914cd38">
      <Output>
        <StdOut>Авторизоватся под преподавателем Дарья Тестовая
Авторизоватся под студентом Smith John</StdOut>
      </Output>
    </UnitTestResult>
    <UnitTestResult executionId="db84572f-b5a1-443b-96d9-73f8cb60a9f7" testId="e3c788c4-9f38-f0d1-0f76-b0577fc9ebe1" testName="Редактирование потока: нет возможности удалить поток, если есть хотя бы одна дисциплина или семестр" computerName="df2fa4c7c641" duration="00:00:02.1973650" startTime="2023-11-09T07:48:59.3244319+00:00" endTime="2023-11-09T07:49:01.5217968+00:00" testType="13cdc9d9-ddb5-4fa4-a97d-d965ccfc6d4b" outcome="Passed" testListId="8c84fa94-04c1-424b-9868-57a2d4851a1d" relativeResultsDirectory="db84572f-b5a1-443b-96d9-73f8cb60a9f7" />
    <UnitTestResult executionId="a9431950-f2c7-468b-8b30-4906dd8fb077" testId="aeecf389-67af-3fd9-c8b0-27667e546e43" testName="Страница аналитика дисциплины: наличие тридот меню на вкладке “Аналитика”" computerName="df2fa4c7c641" duration="00:00:03.9732210" startTime="2023-11-09T07:48:49.2908013+00:00" endTime="2023-11-09T07:48:53.2640214+00:00" testType="13cdc9d9-ddb5-4fa4-a97d-d965ccfc6d4b" outcome="Passed" testListId="8c84fa94-04c1-424b-9868-57a2d4851a1d" relativeResultsDirectory="a9431950-f2c7-468b-8b30-4906dd8fb077" />
    <UnitTestResult executionId="e45cbc8c-c283-4d4c-ae27-64c4fe271072" testId="0c24c63b-3830-3301-a1e5-5fe7e0645615" testName="Превью материала: LaTeX отображается как PDF" computerName="df2fa4c7c641" duration="00:00:00.4918660" startTime="2023-11-09T07:51:06.4414603+00:00" endTime="2023-11-09T07:51:06.9333263+00:00" testType="13cdc9d9-ddb5-4fa4-a97d-d965ccfc6d4b" outcome="NotExecuted" testListId="8c84fa94-04c1-424b-9868-57a2d4851a1d" relativeResultsDirectory="e45cbc8c-c283-4d4c-ae27-64c4fe271072">
      <Output>
        <StdOut>https://test11.odin.study/ru/Content/Library/18927

Данный тест не запускается в режиме headless</StdOut>
        <ErrorInfo>
          <Message>Данный тест не запускается в режиме headless</Message>
        </ErrorInfo>
      </Output>
      <ResultFiles>
        <ResultFile path="df2fa4c7c641/CheckVisibilityOfLaTeXMaterialPreview.jpg" />
      </ResultFiles>
    </UnitTestResult>
    <UnitTestResult executionId="1de57140-3bf3-421f-9c5b-30e7986afc87" testId="d844a397-e552-f0d0-b83f-8bd4713378de" testName="Редактирование активности: проверка формата активности офлайн" computerName="df2fa4c7c641" duration="00:00:09.6460160" startTime="2023-11-09T07:43:49.2962773+00:00" endTime="2023-11-09T07:43:58.9422933+00:00" testType="13cdc9d9-ddb5-4fa4-a97d-d965ccfc6d4b" outcome="Passed" testListId="8c84fa94-04c1-424b-9868-57a2d4851a1d" relativeResultsDirectory="1de57140-3bf3-421f-9c5b-30e7986afc87" />
    <UnitTestResult executionId="96272ebc-cc68-4a93-9af2-ad687592194e" testId="52a66103-f7ac-c74a-4e36-db65831a08b9" testName="Список чатов - личный чат: можно добавить новый чат" computerName="df2fa4c7c641" duration="00:00:20.2716610" startTime="2023-11-09T07:48:57.2067431+00:00" endTime="2023-11-09T07:49:17.4784039+00:00" testType="13cdc9d9-ddb5-4fa4-a97d-d965ccfc6d4b" outcome="Passed" testListId="8c84fa94-04c1-424b-9868-57a2d4851a1d" relativeResultsDirectory="96272ebc-cc68-4a93-9af2-ad687592194e" />
    <UnitTestResult executionId="224bdc26-1cf4-4e9a-8b13-4182af9ed926" testId="17956988-fbb9-e1e1-7909-4be3b13a756c" testName="Редактирование шаблона контрольной: можно добавить материал типа текст из библиотеки" computerName="df2fa4c7c641" duration="00:00:13.0143810" startTime="2023-11-09T07:46:32.2138611+00:00" endTime="2023-11-09T07:46:45.2282421+00:00" testType="13cdc9d9-ddb5-4fa4-a97d-d965ccfc6d4b" outcome="Passed" testListId="8c84fa94-04c1-424b-9868-57a2d4851a1d" relativeResultsDirectory="224bdc26-1cf4-4e9a-8b13-4182af9ed926" />
    <UnitTestResult executionId="fe2d7938-7385-4f57-b9a3-66874297d947" testId="a9a908d2-3862-5343-289a-a4264e93defb" testName="Конструктор теста-тренажера: можно добавить вопрос с типом ответа “Сортировка”" computerName="df2fa4c7c641" duration="00:00:17.1426290" startTime="2023-11-09T07:53:05.9360400+00:00" endTime="2023-11-09T07:53:23.0786688+00:00" testType="13cdc9d9-ddb5-4fa4-a97d-d965ccfc6d4b" outcome="Passed" testListId="8c84fa94-04c1-424b-9868-57a2d4851a1d" relativeResultsDirectory="fe2d7938-7385-4f57-b9a3-66874297d947" />
    <UnitTestResult executionId="ba7e895a-e145-491d-b88f-1d6610d2bd5e" testId="693eff82-1c67-fdd6-eae1-9f510e5dbd34" testName="Редактирование дисциплины: успешное сохранение, если обе даты корректно заполнены" computerName="df2fa4c7c641" duration="00:00:11.0353630" startTime="2023-11-09T07:49:16.2701547+00:00" endTime="2023-11-09T07:49:27.3055173+00:00" testType="13cdc9d9-ddb5-4fa4-a97d-d965ccfc6d4b" outcome="Passed" testListId="8c84fa94-04c1-424b-9868-57a2d4851a1d" relativeResultsDirectory="ba7e895a-e145-491d-b88f-1d6610d2bd5e" />
    <UnitTestResult executionId="5483c4a9-2aa3-448e-8900-6615bc724f06" testId="831622b0-314b-7323-66a1-e3824518461f" testName="Редактирование контрольной: отображение ошибки валидации для поля 'Количество попыток сдачи' с значением &gt; 20" computerName="df2fa4c7c641" duration="00:00:04.6862470" startTime="2023-11-09T07:45:05.1121304+00:00" endTime="2023-11-09T07:45:09.7983772+00:00" testType="13cdc9d9-ddb5-4fa4-a97d-d965ccfc6d4b" outcome="Passed" testListId="8c84fa94-04c1-424b-9868-57a2d4851a1d" relativeResultsDirectory="5483c4a9-2aa3-448e-8900-6615bc724f06" />
    <UnitTestResult executionId="d338414a-58b3-4eed-bc44-f56b1bd36935" testId="2a7e10bc-b7aa-47a9-64ed-a953b3d8bd98" testName="Редактирование активности: отображение ошибки валидации для поля 'Объём' с значением &gt; 100" computerName="df2fa4c7c641" duration="00:00:04.7100370" startTime="2023-11-09T07:44:44.5568707+00:00" endTime="2023-11-09T07:44:49.2669075+00:00" testType="13cdc9d9-ddb5-4fa4-a97d-d965ccfc6d4b" outcome="Passed" testListId="8c84fa94-04c1-424b-9868-57a2d4851a1d" relativeResultsDirectory="d338414a-58b3-4eed-bc44-f56b1bd36935" />
    <UnitTestResult executionId="e17a34d3-c9ff-44a1-89e9-e076f6dfa129" testId="471cc151-731f-6811-8625-d435f887b64b" testName="Создание потока: нет предупреждения о несоответствии длительности потока для программ длительностью кроме 72, 144 и 256 часов" computerName="df2fa4c7c641" duration="00:00:06.6554460" startTime="2023-11-09T07:47:45.1235694+00:00" endTime="2023-11-09T07:47:51.7790155+00:00" testType="13cdc9d9-ddb5-4fa4-a97d-d965ccfc6d4b" outcome="Passed" testListId="8c84fa94-04c1-424b-9868-57a2d4851a1d" relativeResultsDirectory="e17a34d3-c9ff-44a1-89e9-e076f6dfa129" />
    <UnitTestResult executionId="248cc016-8e0d-4bb5-ac9e-a767c85754af" testId="57c26824-d037-9a67-ff0c-1a78bd86fa67" testName="Редактирование программы ДО: нет возможности удаления программы у его админа" computerName="df2fa4c7c641" duration="00:00:04.4703290" startTime="2023-11-09T07:53:26.2118513+00:00" endTime="2023-11-09T07:53:30.6821800+00:00" testType="13cdc9d9-ddb5-4fa4-a97d-d965ccfc6d4b" outcome="Passed" testListId="8c84fa94-04c1-424b-9868-57a2d4851a1d" relativeResultsDirectory="248cc016-8e0d-4bb5-ac9e-a767c85754af">
      <Output>
        <StdOut>Авторизоватся под администратором программы Мария Сергеевна</StdOut>
      </Output>
    </UnitTestResult>
    <UnitTestResult executionId="26dbf297-3a0a-4987-bf17-dce03da31970" testId="21891b69-8b52-3257-fb35-c3de556a2f53" testName="Страница материала: студенту недоступно выставление своего материала на Биржу" computerName="df2fa4c7c641" duration="00:00:02.4481670" startTime="2023-11-09T07:51:08.0443971+00:00" endTime="2023-11-09T07:51:10.4925636+00:00" testType="13cdc9d9-ddb5-4fa4-a97d-d965ccfc6d4b" outcome="Passed" testListId="8c84fa94-04c1-424b-9868-57a2d4851a1d" relativeResultsDirectory="26dbf297-3a0a-4987-bf17-dce03da31970" />
    <UnitTestResult executionId="e8ccd2f7-fc6d-474e-bad3-72d06e6df1fc" testId="ee2c155f-9f44-bf81-a741-c75b7733d35d" testName="Редактирование дисциплины: отображение ошибки валидации для поля 'Кредиты' с отрицательным значением" computerName="df2fa4c7c641" duration="00:00:05.4501270" startTime="2023-11-09T07:49:43.2941014+00:00" endTime="2023-11-09T07:49:48.7442279+00:00" testType="13cdc9d9-ddb5-4fa4-a97d-d965ccfc6d4b" outcome="Passed" testListId="8c84fa94-04c1-424b-9868-57a2d4851a1d" relativeResultsDirectory="e8ccd2f7-fc6d-474e-bad3-72d06e6df1fc" />
    <UnitTestResult executionId="e9503b52-3fbf-4617-a049-10e3fb11ed17" testId="c406669d-57b4-4913-dd09-68dc4162e40a" testName="Редактирование дисциплины: открепления преподавателя от дисциплины" computerName="df2fa4c7c641" duration="00:00:09.5375710" startTime="2023-11-09T07:50:47.4373171+00:00" endTime="2023-11-09T07:50:56.9748878+00:00" testType="13cdc9d9-ddb5-4fa4-a97d-d965ccfc6d4b" outcome="Passed" testListId="8c84fa94-04c1-424b-9868-57a2d4851a1d" relativeResultsDirectory="e9503b52-3fbf-4617-a049-10e3fb11ed17" />
    <UnitTestResult executionId="b951d26a-5aab-454c-a237-3da223c2448d" testId="4a1ed136-e236-4f66-48b3-0f2c02687ec1" testName="Библиотека: наличие пункта “Выбрать” в меню при правом клике на каталог или материал" computerName="df2fa4c7c641" duration="00:00:05.1117920" startTime="2023-11-09T07:50:31.5388668+00:00" endTime="2023-11-09T07:50:36.6506584+00:00" testType="13cdc9d9-ddb5-4fa4-a97d-d965ccfc6d4b" outcome="Passed" testListId="8c84fa94-04c1-424b-9868-57a2d4851a1d" relativeResultsDirectory="b951d26a-5aab-454c-a237-3da223c2448d" />
    <UnitTestResult executionId="7536fd30-2075-4cce-8a7b-d0291cf9ac5e" testId="47f1f8d9-e02d-e2a5-ffdf-d6fdd03bfe92" testName="Создание потока ДО: работает кнопка 'Отмена', если страница создание был открыть по прямой ссылке" computerName="df2fa4c7c641" duration="00:00:01.4667020" startTime="2023-11-09T07:47:28.5559969+00:00" endTime="2023-11-09T07:47:30.0226989+00:00" testType="13cdc9d9-ddb5-4fa4-a97d-d965ccfc6d4b" outcome="Passed" testListId="8c84fa94-04c1-424b-9868-57a2d4851a1d" relativeResultsDirectory="7536fd30-2075-4cce-8a7b-d0291cf9ac5e" />
    <UnitTestResult executionId="bcea10d0-28a5-40e5-9bda-b32eafc3b583" testId="884f31dd-1b05-e7e7-c13a-35d9e07a242a" testName="Редактирование активности: отображение ошибки валидации для поля 'Объём' с отрицательным значением" computerName="df2fa4c7c641" duration="00:00:04.5929760" startTime="2023-11-09T07:44:35.6224147+00:00" endTime="2023-11-09T07:44:40.2153903+00:00" testType="13cdc9d9-ddb5-4fa4-a97d-d965ccfc6d4b" outcome="Passed" testListId="8c84fa94-04c1-424b-9868-57a2d4851a1d" relativeResultsDirectory="bcea10d0-28a5-40e5-9bda-b32eafc3b583" />
    <UnitTestResult executionId="1778abf3-ff7c-4c4f-b3f7-376fa54fd274" testId="f0fd50cc-de21-cc73-10ee-ea0eb06682a7" testName="Редактирование активности: можно добавить материал типа тест-тренажёра из библиотеки не в контрольную" computerName="df2fa4c7c641" duration="00:00:13.3070920" startTime="2023-11-09T07:44:42.1232974+00:00" endTime="2023-11-09T07:44:55.4303888+00:00" testType="13cdc9d9-ddb5-4fa4-a97d-d965ccfc6d4b" outcome="Passed" testListId="8c84fa94-04c1-424b-9868-57a2d4851a1d" relativeResultsDirectory="1778abf3-ff7c-4c4f-b3f7-376fa54fd274" />
    <UnitTestResult executionId="c5c96bfb-a34e-4b5c-98a3-ccdcd5e242a3" testId="7d11ee05-8db2-3841-16d7-f2e15843dc7c" testName="Список чатов - личный чат: можно отправить текстовое сообщение" computerName="df2fa4c7c641" duration="00:00:10.6112730" startTime="2023-11-09T07:47:00.2723991+00:00" endTime="2023-11-09T07:47:10.8836723+00:00" testType="13cdc9d9-ddb5-4fa4-a97d-d965ccfc6d4b" outcome="Passed" testListId="8c84fa94-04c1-424b-9868-57a2d4851a1d" relativeResultsDirectory="c5c96bfb-a34e-4b5c-98a3-ccdcd5e242a3" />
    <UnitTestResult executionId="ae4ad6c6-f7c0-48d7-967b-dde42f301909" testId="1cafecf2-7632-839d-159c-41a7b90f05a8" testName="Конструктор теста-тренажера: можно удалить опцию из вопроса с типом ответа 'Сортировка'" computerName="df2fa4c7c641" duration="00:00:05.9128660" startTime="2023-11-09T07:53:26.8320784+00:00" endTime="2023-11-09T07:53:32.7449446+00:00" testType="13cdc9d9-ddb5-4fa4-a97d-d965ccfc6d4b" outcome="Passed" testListId="8c84fa94-04c1-424b-9868-57a2d4851a1d" relativeResultsDirectory="ae4ad6c6-f7c0-48d7-967b-dde42f301909" />
    <UnitTestResult executionId="03d04cc8-e2a2-40ab-8e4b-672bee43d3e7" testId="e5adaab7-d170-d4d5-56d3-cf9dbaa3cb5e" testName="Список чатов - обсуждение решения: можно отправить текстовое сообщение" computerName="df2fa4c7c641" duration="00:00:10.2651869" startTime="2023-11-09T07:47:02.4564692+00:00" endTime="2023-11-09T07:47:12.7216558+00:00" testType="13cdc9d9-ddb5-4fa4-a97d-d965ccfc6d4b" outcome="Passed" testListId="8c84fa94-04c1-424b-9868-57a2d4851a1d" relativeResultsDirectory="03d04cc8-e2a2-40ab-8e4b-672bee43d3e7" />
    <UnitTestResult executionId="07e23a1b-1d9a-49e8-8b8c-a6e8bf64c2fe" testId="95127249-c5fd-b1de-a206-395b9ac64940" testName="Страница оценок дисциплины: отсутствия кнопки 'Итоговые оценки (ведомость)' у студента" computerName="df2fa4c7c641" duration="00:00:02.7111930" startTime="2023-11-09T07:50:36.2763138+00:00" endTime="2023-11-09T07:50:38.9875066+00:00" testType="13cdc9d9-ddb5-4fa4-a97d-d965ccfc6d4b" outcome="Passed" testListId="8c84fa94-04c1-424b-9868-57a2d4851a1d" relativeResultsDirectory="07e23a1b-1d9a-49e8-8b8c-a6e8bf64c2fe" />
    <UnitTestResult executionId="6425fe0c-0192-4052-ab6e-2f2a5142dd5c" testId="6bfcb065-d346-3310-4502-68ebb980533d" testName="Создание дисциплины: невозможно добавить студента из стороннего потока" computerName="df2fa4c7c641" duration="00:00:08.1374000" startTime="2023-11-09T07:50:02.5111370+00:00" endTime="2023-11-09T07:50:10.6485363+00:00" testType="13cdc9d9-ddb5-4fa4-a97d-d965ccfc6d4b" outcome="Passed" testListId="8c84fa94-04c1-424b-9868-57a2d4851a1d" relativeResultsDirectory="6425fe0c-0192-4052-ab6e-2f2a5142dd5c" />
    <UnitTestResult executionId="e01fa26f-a3ab-4c2b-bea3-6157e03b0516" testId="2b6d4d06-2cb8-2fc5-8776-fd2cac4659bd" testName="Редактирование дисциплины: открепления от дисциплины групп и студентов" computerName="df2fa4c7c641" duration="00:00:13.6456210" startTime="2023-11-09T07:51:17.0357490+00:00" endTime="2023-11-09T07:51:30.6813700+00:00" testType="13cdc9d9-ddb5-4fa4-a97d-d965ccfc6d4b" outcome="Passed" testListId="8c84fa94-04c1-424b-9868-57a2d4851a1d" relativeResultsDirectory="e01fa26f-a3ab-4c2b-bea3-6157e03b0516" />
    <UnitTestResult executionId="c706d26d-bc29-452f-8d47-7a45ed84157f" testId="032c91e4-a6ac-2e32-ba0d-7ef820366194" testName="Создание потока ДО: можно создать поток из шаблона, если все обязательные поля корректно заполнены" computerName="df2fa4c7c641" duration="00:00:37.3291710" startTime="2023-11-09T07:47:41.5992606+00:00" endTime="2023-11-09T07:48:18.9284316+00:00" testType="13cdc9d9-ddb5-4fa4-a97d-d965ccfc6d4b" outcome="Passed" testListId="8c84fa94-04c1-424b-9868-57a2d4851a1d" relativeResultsDirectory="c706d26d-bc29-452f-8d47-7a45ed84157f" />
    <UnitTestResult executionId="88d003b3-05ef-458c-8fad-684a3c609304" testId="11be4daf-1a80-0684-b175-d9a40a58d597" testName="Список чатов - чат для заметок: можно отправить сообщения по нажатию на Enter" computerName="df2fa4c7c641" duration="00:00:06.8081950" startTime="2023-11-09T07:48:33.3070128+00:00" endTime="2023-11-09T07:48:40.1152074+00:00" testType="13cdc9d9-ddb5-4fa4-a97d-d965ccfc6d4b" outcome="Passed" testListId="8c84fa94-04c1-424b-9868-57a2d4851a1d" relativeResultsDirectory="88d003b3-05ef-458c-8fad-684a3c609304" />
    <UnitTestResult executionId="e272e825-3bd6-41d6-874d-925c8265932e" testId="c3a5f685-f450-0831-b72f-14c47e4ca1f6" testName="Список чатов - групповой чат: можно найти отправленное сообщение" computerName="df2fa4c7c641" duration="00:00:04.2368190" startTime="2023-11-09T07:47:33.1397445+00:00" endTime="2023-11-09T07:47:37.3765627+00:00" testType="13cdc9d9-ddb5-4fa4-a97d-d965ccfc6d4b" outcome="Passed" testListId="8c84fa94-04c1-424b-9868-57a2d4851a1d" relativeResultsDirectory="e272e825-3bd6-41d6-874d-925c8265932e" />
    <UnitTestResult executionId="879dab36-eef6-4566-bc42-9cb73428dfce" testId="03a2e946-36f6-61d3-34e0-8f7e7b0fa688" testName="Страница оценок дисциплины: добавления формулы промежуточного результата" computerName="df2fa4c7c641" duration="00:00:16.1862830" startTime="2023-11-09T07:49:51.7067501+00:00" endTime="2023-11-09T07:50:07.8930325+00:00" testType="13cdc9d9-ddb5-4fa4-a97d-d965ccfc6d4b" outcome="Passed" testListId="8c84fa94-04c1-424b-9868-57a2d4851a1d" relativeResultsDirectory="879dab36-eef6-4566-bc42-9cb73428dfce" />
    <UnitTestResult executionId="809623cf-8954-415f-b828-3701bd90f9c0" testId="bf0b0ed6-93e3-ee89-27a4-8510ec3c05b4" testName="Редактирование активности: отображение ошибки валидации для поля 'Объём' с значением '0'" computerName="df2fa4c7c641" duration="00:00:04.3413940" startTime="2023-11-09T07:44:40.2154292+00:00" endTime="2023-11-09T07:44:44.5568230+00:00" testType="13cdc9d9-ddb5-4fa4-a97d-d965ccfc6d4b" outcome="Passed" testListId="8c84fa94-04c1-424b-9868-57a2d4851a1d" relativeResultsDirectory="809623cf-8954-415f-b828-3701bd90f9c0" />
    <UnitTestResult executionId="d0dc5146-b120-4b5f-a798-73330111e1f6" testId="70f0bd13-6e85-9ee5-98a5-ca2589593021" testName="Библиотека: можно переключать текущий вид библиотеки со “Списка” на “Плитку”" computerName="df2fa4c7c641" duration="00:00:10.5965589" startTime="2023-11-09T07:51:37.7310992+00:00" endTime="2023-11-09T07:51:48.3276578+00:00" testType="13cdc9d9-ddb5-4fa4-a97d-d965ccfc6d4b" outcome="Passed" testListId="8c84fa94-04c1-424b-9868-57a2d4851a1d" relativeResultsDirectory="d0dc5146-b120-4b5f-a798-73330111e1f6" />
    <UnitTestResult executionId="413eddcb-85b9-4526-ade3-c1226cedfd25" testId="27a24bbb-5e8a-5815-b7d5-ec44b129227a" testName="Конструктор теста-тренажера: можно добавить комментарий к вопросу" computerName="df2fa4c7c641" duration="00:00:10.3070860" startTime="2023-11-09T07:52:34.9462956+00:00" endTime="2023-11-09T07:52:45.2533814+00:00" testType="13cdc9d9-ddb5-4fa4-a97d-d965ccfc6d4b" outcome="Passed" testListId="8c84fa94-04c1-424b-9868-57a2d4851a1d" relativeResultsDirectory="413eddcb-85b9-4526-ade3-c1226cedfd25" />
    <UnitTestResult executionId="9c6bb518-eabe-4b67-9829-d7f94e5d5466" testId="e5f1d9f5-c29f-f8fb-62ca-365477e39b3d" testName="Конструктор теста: возможность снять отметку “верный” у варианта ответа" computerName="df2fa4c7c641" duration="00:00:09.4448000" startTime="2023-11-09T07:52:21.5221162+00:00" endTime="2023-11-09T07:52:30.9669158+00:00" testType="13cdc9d9-ddb5-4fa4-a97d-d965ccfc6d4b" outcome="Passed" testListId="8c84fa94-04c1-424b-9868-57a2d4851a1d" relativeResultsDirectory="9c6bb518-eabe-4b67-9829-d7f94e5d5466" />
    <UnitTestResult executionId="da201c56-2b92-4aee-9d34-a0d78d2da0a1" testId="c3fe49f6-7162-5f8a-6a18-4f2a0146acea" testName="Редактирование потока: успешное сохранение, если все обязательные поля корректно заполнены" computerName="df2fa4c7c641" duration="00:00:11.7445200" startTime="2023-11-09T07:47:41.5286706+00:00" endTime="2023-11-09T07:47:53.2731901+00:00" testType="13cdc9d9-ddb5-4fa4-a97d-d965ccfc6d4b" outcome="Passed" testListId="8c84fa94-04c1-424b-9868-57a2d4851a1d" relativeResultsDirectory="da201c56-2b92-4aee-9d34-a0d78d2da0a1" />
    <UnitTestResult executionId="ddd9ca83-79d6-409e-b28c-d3b7e85eadf9" testId="3aa406a4-801b-40e4-fc5e-76a260e196d7" testName="Редактирование дисциплины: снятия блокировки чата дисциплины" computerName="df2fa4c7c641" duration="00:00:08.3308990" startTime="2023-11-09T07:49:11.0114245+00:00" endTime="2023-11-09T07:49:19.3423229+00:00" testType="13cdc9d9-ddb5-4fa4-a97d-d965ccfc6d4b" outcome="Passed" testListId="8c84fa94-04c1-424b-9868-57a2d4851a1d" relativeResultsDirectory="ddd9ca83-79d6-409e-b28c-d3b7e85eadf9">
      <Output>
        <StdOut>Авторизоватся под преподавателем Дарья Тестовая</StdOut>
      </Output>
    </UnitTestResult>
    <UnitTestResult executionId="0446a69e-e04f-4080-99ee-a4f5bc432272" testId="f4b29e79-b725-906a-8b9a-dd8edabb5bbc" testName="Результат прохождения: студент не может просматривать подробную информацию о результатах, если отключена соответственная опция" computerName="df2fa4c7c641" duration="00:00:09.5390890" startTime="2023-11-09T07:45:17.1718129+00:00" endTime="2023-11-09T07:45:26.7109012+00:00" testType="13cdc9d9-ddb5-4fa4-a97d-d965ccfc6d4b" outcome="Passed" testListId="8c84fa94-04c1-424b-9868-57a2d4851a1d" relativeResultsDirectory="0446a69e-e04f-4080-99ee-a4f5bc432272" />
    <UnitTestResult executionId="f6c1ab86-3e07-439f-ad5d-057bfe5e2d0b" testId="a7b3c0c7-0cb6-68bb-d534-ede8473da958" testName="Редактирование дисциплины: в выпадающем списке поля Студенты отображаются только студенты потока" computerName="df2fa4c7c641" duration="00:00:09.0572070" startTime="2023-11-09T07:50:54.4719613+00:00" endTime="2023-11-09T07:51:03.5291678+00:00" testType="13cdc9d9-ddb5-4fa4-a97d-d965ccfc6d4b" outcome="Passed" testListId="8c84fa94-04c1-424b-9868-57a2d4851a1d" relativeResultsDirectory="f6c1ab86-3e07-439f-ad5d-057bfe5e2d0b" />
    <UnitTestResult executionId="1fac13a7-de30-484e-a456-66936797b5a8" testId="9804c22f-ae29-ba3f-d667-333571664677" testName="Страница командной контрольной: можно редактировать команду" computerName="df2fa4c7c641" duration="00:00:19.1999950" startTime="2023-11-09T07:45:32.9672714+00:00" endTime="2023-11-09T07:45:52.1672663+00:00" testType="13cdc9d9-ddb5-4fa4-a97d-d965ccfc6d4b" outcome="Passed" testListId="8c84fa94-04c1-424b-9868-57a2d4851a1d" relativeResultsDirectory="1fac13a7-de30-484e-a456-66936797b5a8" />
    <UnitTestResult executionId="602f8c25-3365-489b-9702-d5994bd76d60" testId="e1813d35-5b77-82b8-8bd4-f49e34412e95" testName="Чат на странице решения: невозможно отправить пустое сообщение" computerName="df2fa4c7c641" duration="00:00:09.7613920" startTime="2023-11-09T07:47:17.1165181+00:00" endTime="2023-11-09T07:47:26.8779094+00:00" testType="13cdc9d9-ddb5-4fa4-a97d-d965ccfc6d4b" outcome="Passed" testListId="8c84fa94-04c1-424b-9868-57a2d4851a1d" relativeResultsDirectory="602f8c25-3365-489b-9702-d5994bd76d60" />
    <UnitTestResult executionId="bb941e99-23cc-4a02-9120-f26fc237a2d7" testId="74a9a422-fb97-fcda-9283-e89d3b4a540b" testName="Список чатов - групповой чат: можно изменить название чата" computerName="df2fa4c7c641" duration="00:00:07.0950840" startTime="2023-11-09T07:48:42.2300543+00:00" endTime="2023-11-09T07:48:49.3251382+00:00" testType="13cdc9d9-ddb5-4fa4-a97d-d965ccfc6d4b" outcome="Passed" testListId="8c84fa94-04c1-424b-9868-57a2d4851a1d" relativeResultsDirectory="bb941e99-23cc-4a02-9120-f26fc237a2d7" />
    <UnitTestResult executionId="a8c98d68-ca30-40f7-9f80-638239d8407a" testId="f12de5d8-e938-0034-8b71-4eb971ae04a8" testName="Результат прохождения: можно отметить 'Не верно' ответ вопроса с типом ответа свободный ответ или файл" computerName="df2fa4c7c641" duration="00:00:08.8486590" startTime="2023-11-09T07:46:33.0022786+00:00" endTime="2023-11-09T07:46:41.8509368+00:00" testType="13cdc9d9-ddb5-4fa4-a97d-d965ccfc6d4b" outcome="Passed" testListId="8c84fa94-04c1-424b-9868-57a2d4851a1d" relativeResultsDirectory="a8c98d68-ca30-40f7-9f80-638239d8407a" />
    <UnitTestResult executionId="68b15e96-98c1-4395-9709-81826f57e08c" testId="c9938d85-5f8c-1503-d2f8-93829f01fbeb" testName="Библиотека, списочный вид: можно удалить каталог через actions-кнопки" computerName="df2fa4c7c641" duration="00:00:11.9974969" startTime="2023-11-09T07:52:50.8409125+00:00" endTime="2023-11-09T07:53:02.8384089+00:00" testType="13cdc9d9-ddb5-4fa4-a97d-d965ccfc6d4b" outcome="Passed" testListId="8c84fa94-04c1-424b-9868-57a2d4851a1d" relativeResultsDirectory="68b15e96-98c1-4395-9709-81826f57e08c" />
    <UnitTestResult executionId="d54d3205-d0ca-42cb-9108-bd18af71f1f5" testId="292e0379-7da4-8ac4-9e3f-450370bb2b79" testName="Редактирование шаблона контрольной: можно переключать значения в поле 'Оценка по SCORM результату'" computerName="df2fa4c7c641" duration="00:00:11.0822369" startTime="2023-11-09T07:47:07.2840287+00:00" endTime="2023-11-09T07:47:18.3662654+00:00" testType="13cdc9d9-ddb5-4fa4-a97d-d965ccfc6d4b" outcome="Passed" testListId="8c84fa94-04c1-424b-9868-57a2d4851a1d" relativeResultsDirectory="d54d3205-d0ca-42cb-9108-bd18af71f1f5" />
    <UnitTestResult executionId="5450b253-bb13-4f50-9727-c3f0d84bf6f3" testId="2ef976bc-6c0a-b4c2-54d0-7da223bff2d1" testName="Редактирование дисциплины: нет возможности редактировать у администратора подразделения, к которому дисциплина НЕ относится" computerName="df2fa4c7c641" duration="00:00:03.7318000" startTime="2023-11-09T07:49:07.9286046+00:00" endTime="2023-11-09T07:49:11.6604040+00:00" testType="13cdc9d9-ddb5-4fa4-a97d-d965ccfc6d4b" outcome="Passed" testListId="8c84fa94-04c1-424b-9868-57a2d4851a1d" relativeResultsDirectory="5450b253-bb13-4f50-9727-c3f0d84bf6f3">
      <Output>
        <StdOut>Авторизоватся под администратором подразделении Лариса Семеновна</StdOut>
      </Output>
    </UnitTestResult>
    <UnitTestResult executionId="788b0120-041e-4897-933c-094d606dbc9c" testId="46f628a7-d311-645f-80fd-fd39d5356211" testName="Редактирование активности: можно изменить название" computerName="df2fa4c7c641" duration="00:00:04.8457440" startTime="2023-11-09T07:43:57.6867776+00:00" endTime="2023-11-09T07:44:02.5325209+00:00" testType="13cdc9d9-ddb5-4fa4-a97d-d965ccfc6d4b" outcome="Passed" testListId="8c84fa94-04c1-424b-9868-57a2d4851a1d" relativeResultsDirectory="788b0120-041e-4897-933c-094d606dbc9c" />
    <UnitTestResult executionId="71d5f7b8-ed66-4ae8-856e-05fde3df41d4" testId="cabf96a9-a1a7-bd87-f408-8dd3b9253bd7" testName="Миничат звонка - комната дисциплины: можно отправить текстовое сообщение" computerName="df2fa4c7c641" duration="00:00:32.8309520" startTime="2023-11-09T07:46:14.8569709+00:00" endTime="2023-11-09T07:46:47.6879227+00:00" testType="13cdc9d9-ddb5-4fa4-a97d-d965ccfc6d4b" outcome="Passed" testListId="8c84fa94-04c1-424b-9868-57a2d4851a1d" relativeResultsDirectory="71d5f7b8-ed66-4ae8-856e-05fde3df41d4">
      <ResultFiles>
        <ResultFile path="df2fa4c7c641/CheckSendTextMessageInDisciplineCallChat-FailsBeforeEndOfCall.jpg" />
      </ResultFiles>
    </UnitTestResult>
    <UnitTestResult executionId="c2be09a0-b596-466e-bdb4-b7c9e916d71f" testId="76c1bbb2-a2a1-178c-efcd-a072f54f3f04" testName="Список чатов - личный чат: можно сделать звонок" computerName="df2fa4c7c641" duration="00:00:10.9784430" startTime="2023-11-09T07:47:46.1854787+00:00" endTime="2023-11-09T07:47:57.1639213+00:00" testType="13cdc9d9-ddb5-4fa4-a97d-d965ccfc6d4b" outcome="Passed" testListId="8c84fa94-04c1-424b-9868-57a2d4851a1d" relativeResultsDirectory="c2be09a0-b596-466e-bdb4-b7c9e916d71f">
      <ResultFiles>
        <ResultFile path="df2fa4c7c641/CheckCallInPersonalChat-FailsBeforeEndOfCall.jpg" />
      </ResultFiles>
    </UnitTestResult>
[...]
    <TestEntry testId="6ce4b2af-99b2-2887-dd9e-ffaa7949e87c" executionId="ef07d457-50f1-4b3f-bd48-724fcba8b712" testListId="8c84fa94-04c1-424b-9868-57a2d4851a1d" />
    <TestEntry testId="0d042fc8-97ea-7b15-e221-b780c5d4b937" executionId="ab5e99b1-73b1-4992-967f-4d301bb56134" testListId="8c84fa94-04c1-424b-9868-57a2d4851a1d" />
    <TestEntry testId="5949bfbb-e0ee-59c2-daeb-2a59e74eb105" executionId="fcd6cd03-78ba-4914-8a1f-51327b336344" testListId="8c84fa94-04c1-424b-9868-57a2d4851a1d" />
    <TestEntry testId="881d65d9-116f-cc02-2b41-0e5e6c7ffcf5" executionId="8ce4e7f0-c261-49ad-b737-ebc17c79a527" testListId="8c84fa94-04c1-424b-9868-57a2d4851a1d" />
    <TestEntry testId="66eb31ef-63e7-cd48-9208-4c6754b4c71b" executionId="ce9210bb-af85-4645-a382-77e0a6da852b" testListId="8c84fa94-04c1-424b-9868-57a2d4851a1d" />
    <TestEntry testId="4f5f8f09-70ce-c254-c03c-ddad90e70a29" executionId="4922aab3-00ac-4b9e-8e91-728ff7fff436" testListId="8c84fa94-04c1-424b-9868-57a2d4851a1d" />
    <TestEntry testId="49575d02-e263-6780-2d93-4a6baada1042" executionId="2b17895f-1243-41b6-9c27-f6b4a15177ba" testListId="8c84fa94-04c1-424b-9868-57a2d4851a1d" />
    <TestEntry testId="10376a94-0528-9fc7-042d-b0a4233352dc" executionId="0e89bcd7-a07b-4f27-a7de-ade032581812" testListId="8c84fa94-04c1-424b-9868-57a2d4851a1d" />
    <TestEntry testId="a20ff97d-e10d-12de-525c-30d49114b8c2" executionId="c0b4daec-c2b3-42ec-b55e-2869ce86a652" testListId="8c84fa94-04c1-424b-9868-57a2d4851a1d" />
    <TestEntry testId="383d6d05-3112-2646-390d-42194e72507f" executionId="5b70ba0f-b3fc-42d9-87e5-6b2e301e92b5" testListId="8c84fa94-04c1-424b-9868-57a2d4851a1d" />
    <TestEntry testId="c0e95000-f2c6-ec8a-22b2-d3380a0133a8" executionId="e3e9426b-ab3f-4ad7-87c3-b09f1d2e4d25" testListId="8c84fa94-04c1-424b-9868-57a2d4851a1d" />
    <TestEntry testId="54031811-a1b8-d209-8101-8b77f864950b" executionId="4910ccc6-07e6-4faf-8219-83df5e2a0eda" testListId="8c84fa94-04c1-424b-9868-57a2d4851a1d" />
    <TestEntry testId="2e8f2c1b-c001-367f-ffb4-d3d0fb3f3629" executionId="f5b3fca3-d360-44a6-8d98-bf77446a9641" testListId="8c84fa94-04c1-424b-9868-57a2d4851a1d" />
    <TestEntry testId="defc8f50-2ec7-cb4e-9b35-8f9f0dc4a28f" executionId="f9f0add8-8b07-477f-94df-7f1364759416" testListId="8c84fa94-04c1-424b-9868-57a2d4851a1d" />
    <TestEntry testId="dc12c86e-6b9b-088b-e716-cc63e6f67cf7" executionId="f8f1f314-5a0d-445e-b2d3-f11c6a1b6727" testListId="8c84fa94-04c1-424b-9868-57a2d4851a1d" />
    <TestEntry testId="f30d9e35-d646-d030-91d3-5146d5b59372" executionId="e2d015d2-33c3-410b-905a-ef75d2b3e987" testListId="8c84fa94-04c1-424b-9868-57a2d4851a1d" />
    <TestEntry testId="e52f4ee1-f49e-d2e6-dacb-11c2493eda85" executionId="b2195836-5ea3-4152-bdf2-86a58cb9ad1c" testListId="8c84fa94-04c1-424b-9868-57a2d4851a1d" />
    <TestEntry testId="740c167e-5ce5-debb-4b00-1b1a1f429099" executionId="e609d34f-c048-4d87-b235-a8798e4e0906" testListId="8c84fa94-04c1-424b-9868-57a2d4851a1d" />
    <TestEntry testId="3c8b4d0f-9334-8cee-c3ac-a1f1c6a29542" executionId="7b3e2b2c-067a-4dc8-abe6-571b8caf0adb" testListId="8c84fa94-04c1-424b-9868-57a2d4851a1d" />
    <TestEntry testId="39d6e622-2d3a-7c72-8a50-27a6f3659fb2" executionId="aed925c7-9283-419b-9f27-84a86ab7bb8d" testListId="8c84fa94-04c1-424b-9868-57a2d4851a1d" />
    <TestEntry testId="2809e633-4209-c126-c88f-0fa533a55121" executionId="02aa3219-0406-489e-a27f-6e3690cf4466" testListId="8c84fa94-04c1-424b-9868-57a2d4851a1d" />
    <TestEntry testId="a43ebf77-8b96-0511-c783-a748b4052af7" executionId="71120913-cbce-45e5-b277-54687c540d5f" testListId="8c84fa94-04c1-424b-9868-57a2d4851a1d" />
    <TestEntry testId="6595ead7-c47e-c127-a855-6f94d702a389" executionId="616c5684-0ebd-4451-9d81-2abc1a2fdc30" testListId="8c84fa94-04c1-424b-9868-57a2d4851a1d" />
    <TestEntry testId="3e05f26c-5f2e-fdb6-5752-713fa21b4c80" executionId="a91558f6-8364-456f-8857-2052c6f888ab" testListId="8c84fa94-04c1-424b-9868-57a2d4851a1d" />
    <TestEntry testId="487eae17-ca98-26f7-847f-a0fd4618b900" executionId="33f66461-bf37-4e44-8e3c-5653130cd113" testListId="8c84fa94-04c1-424b-9868-57a2d4851a1d" />
    <TestEntry testId="607a6d1f-01b8-f35e-664d-7bce19c0de7e" executionId="647c8662-57e1-4c59-9ab1-f8aab42adfa3" testListId="8c84fa94-04c1-424b-9868-57a2d4851a1d" />
    <TestEntry testId="47e13314-427e-2ddc-49f3-940cf498ded4" executionId="eb5b0e75-5a87-4409-9ecf-3be77db8a65b" testListId="8c84fa94-04c1-424b-9868-57a2d4851a1d" />
    <TestEntry testId="3ecc3323-afc1-93f4-0484-47e1090adc18" executionId="cafbbec0-00b3-40e1-8544-c252a38e1850" testListId="8c84fa94-04c1-424b-9868-57a2d4851a1d" />
    <TestEntry testId="d728dbea-c73f-a259-c27b-6617b961dcf8" executionId="cd23a898-a1b0-4afc-b2a1-01098281661e" testListId="8c84fa94-04c1-424b-9868-57a2d4851a1d" />
    <TestEntry testId="179625b8-7e29-8b73-9bb4-61655b34e299" executionId="5f760592-15ce-4865-a84e-2c3a0401a823" testListId="8c84fa94-04c1-424b-9868-57a2d4851a1d" />
    <TestEntry testId="ccd8eda3-725e-67ab-ea05-b537707ab910" executionId="4740cd50-793f-4b64-a40f-72d0d631fca4" testListId="8c84fa94-04c1-424b-9868-57a2d4851a1d" />
    <TestEntry testId="a90bd517-3d92-b30c-709c-c97b131d2665" executionId="b2442848-212f-4e12-bde0-2ba3fe0dbbb4" testListId="8c84fa94-04c1-424b-9868-57a2d4851a1d" />
    <TestEntry testId="5672deb5-64d1-7afd-50a1-54c32c8dbeb1" executionId="0d45b6a1-5964-4192-9f22-023aa4516a0d" testListId="8c84fa94-04c1-424b-9868-57a2d4851a1d" />
    <TestEntry testId="ca42bf12-6688-144a-4783-0d7efede3e1a" executionId="33338b72-2f5c-44a5-80a7-627a7da59466" testListId="8c84fa94-04c1-424b-9868-57a2d4851a1d" />
    <TestEntry testId="352e5091-55e6-f049-e252-404b49b0229c" executionId="886f2d1f-6beb-43ea-9929-487c6195430c" testListId="8c84fa94-04c1-424b-9868-57a2d4851a1d" />
    <TestEntry testId="6786cf51-faa5-d191-3040-94f7754539ce" executionId="d3b93862-63cb-49ff-9b75-182ef74499cc" testListId="8c84fa94-04c1-424b-9868-57a2d4851a1d" />
    <TestEntry testId="2e3a106e-9509-8f39-95db-aeda287c9c60" executionId="edc407bc-b8ef-41b6-8135-19b36c404eb8" testListId="8c84fa94-04c1-424b-9868-57a2d4851a1d" />
    <TestEntry testId="6beeac4f-f631-3fb2-6bc3-028899483618" executionId="6b059de1-eaa5-4802-8c74-d29e35dc8eb8" testListId="8c84fa94-04c1-424b-9868-57a2d4851a1d" />
    <TestEntry testId="cb7a64f4-d7fc-a0d5-b259-65d6a2caedb5" executionId="4e56048c-4c84-47b8-8bf8-04988492c143" testListId="8c84fa94-04c1-424b-9868-57a2d4851a1d" />
    <TestEntry testId="96a65cd1-e333-f0c0-da98-f4d34cabc902" executionId="c7b501e1-fb31-4421-a2d7-d76f5f8278b7" testListId="8c84fa94-04c1-424b-9868-57a2d4851a1d" />
    <TestEntry testId="fca67152-8883-2cd1-a8e1-65d62dc3a550" executionId="158134c6-6ffe-4901-8207-bd773d1233a4" testListId="8c84fa94-04c1-424b-9868-57a2d4851a1d" />
    <TestEntry testId="e96ace93-f2e4-1cc8-213f-f3bebbfc4368" executionId="4ccd72fe-cd9c-4b68-8cec-4cd7961608dd" testListId="8c84fa94-04c1-424b-9868-57a2d4851a1d" />
    <TestEntry testId="59ffc6b5-7a92-0e93-7969-c60aa490bb70" executionId="5d2b3cc9-979a-42d4-b45f-1de3f5bb5c3c" testListId="8c84fa94-04c1-424b-9868-57a2d4851a1d" />
    <TestEntry testId="e7a552a7-4893-933f-8e83-941fec5ddef6" executionId="2b68a5e2-5755-4837-a58c-148602f4d2f4" testListId="8c84fa94-04c1-424b-9868-57a2d4851a1d" />
    <TestEntry testId="5af2f66a-3903-7c26-57ab-57a7099fef7e" executionId="a95e67ef-6a17-4c3d-8985-164e330147f8" testListId="8c84fa94-04c1-424b-9868-57a2d4851a1d" />
    <TestEntry testId="3a6f087f-a3d3-b750-328b-e4e75ee74f91" executionId="298b2701-7fa3-4c66-a157-1a01d1546326" testListId="8c84fa94-04c1-424b-9868-57a2d4851a1d" />
    <TestEntry testId="b22611fb-9889-db7b-0399-a9429a33b11c" executionId="94f5566d-4327-4aea-9039-fdd6b3e2926d" testListId="8c84fa94-04c1-424b-9868-57a2d4851a1d" />
    <TestEntry testId="23bce9ab-5bd2-6366-fc8a-744834c66f6d" executionId="194a6283-2c0b-4a57-b4e8-c0763f34bef8" testListId="8c84fa94-04c1-424b-9868-57a2d4851a1d" />
    <TestEntry testId="1cc86785-179a-1935-004c-db5a10c57e44" executionId="524afa84-1b9a-4908-bcf2-631841c96949" testListId="8c84fa94-04c1-424b-9868-57a2d4851a1d" />
    <TestEntry testId="64b75120-4798-85ea-00ac-4b2f95c02021" executionId="a3561cd6-3be2-457d-a87a-a8d20c213829" testListId="8c84fa94-04c1-424b-9868-57a2d4851a1d" />
    <TestEntry testId="3d3fe60c-1cc1-b106-2719-d031363cbb21" executionId="a4fcc988-7d25-40cb-94d0-47a65d2b57c9" testListId="8c84fa94-04c1-424b-9868-57a2d4851a1d" />
    <TestEntry testId="e7d2ea4e-4681-3865-6b74-b2ce8a9a91d1" executionId="f71182e3-0200-41e0-97de-883fe0964b05" testListId="8c84fa94-04c1-424b-9868-57a2d4851a1d" />
    <TestEntry testId="365620f2-3d94-0e30-f5c4-dd0bf520c307" executionId="65c248b0-77df-49af-bbd6-18fc17787f1a" testListId="8c84fa94-04c1-424b-9868-57a2d4851a1d" />
    <TestEntry testId="2212394e-4321-c3ee-4ac1-4465b0448ff8" executionId="3a8c8a29-20e1-4016-a122-ca4868858cd0" testListId="8c84fa94-04c1-424b-9868-57a2d4851a1d" />
  </TestEntries>
  <TestLists>
    <TestList name="Results Not in a List" id="8c84fa94-04c1-424b-9868-57a2d4851a1d" />
    <TestList name="All Loaded Results" id="19431567-8539-422a-85d7-44ee4e166bda" />
  </TestLists>
  <ResultSummary outcome="Failed">
    <Counters total="606" executed="604" passed="598" failed="6" error="0" timeout="0" aborted="0" inconclusive="0" passedButRunAborted="0" notRunnable="0" notExecuted="0" disconnected="0" warning="0" completed="0" inProgress="0" pending="0" />
    <Output>
      <StdOut>NUnit Adapter 4.5.0.0: Test execution started
Running selected tests in /azp/_work/1/s/bin/Debug/net6.0/OdinUiTests.dll
   NUnit3TestExecutor discovered 606 of 606 NUnit test cases using Current Discovery mode, Non-Explicit run
Превью материала: LaTeX отображается как PDF: Данный тест не запускается в режиме headless
Страница материала: проверка отображения LaTeX материала: Данный тест не запускается в режиме headless
Test 'Превью материала: LaTeX отображается как PDF' was skipped in the test run.
Test 'Страница материала: проверка отображения LaTeX материала' was skipped in the test run.
NUnit Adapter 4.5.0.0: Test execution complete
</StdOut>
    </Output>
    <RunInfos>
      <RunInfo computerName="df2fa4c7c641" outcome="Warning" timestamp="2023-11-09T07:44:08.0055852+00:00">
        <Text>Авторизоватся под студентом Smith John
</Text>
      </RunInfo>
      <RunInfo computerName="df2fa4c7c641" outcome="Warning" timestamp="2023-11-09T07:44:33.0095470+00:00">
        <Text>Авторизоватся под преподавателем Дарья Тестовая
Авторизоватся под студентом Smith John
</Text>
      </RunInfo>
      <RunInfo computerName="df2fa4c7c641" outcome="Warning" timestamp="2023-11-09T07:44:49.0248410+00:00">
        <Text>https://test11.odin.study/ru/Activity/Info/1281494
</Text>
      </RunInfo>
      <RunInfo computerName="df2fa4c7c641" outcome="Warning" timestamp="2023-11-09T07:44:49.5924526+00:00">
        <Text>TearDown failed for test fixture OdinUiTests.Tests.Activity.ActivityCreatingTests</Text>
      </RunInfo>
      <RunInfo computerName="df2fa4c7c641" outcome="Warning" timestamp="2023-11-09T07:44:49.5925187+00:00">
        <Text>  Expected: 200
  But was:  404

TearDown : NUnit.Framework.AssertionException :   Expected: 200
  But was:  404

StackTrace:    at OdinUiTests.Services.DisciplineService.RemoveTopicOrModule(String type, String id) in /azp/_work/1/s/Services/DisciplineService.cs:line 143
   at OdinUiTests.Tests.Activity.ActivityCreatingTests.RemoveCreatedEntities() in /azp/_work/1/s/Tests/Activity/ActivityTests.cs:line 94

--TearDown
   at NUnit.Framework.Assert.ReportFailure(String message)
   at NUnit.Framework.Assert.ReportFailure(ConstraintResult result, String message, Object[] args)
   at NUnit.Framework.Assert.That[TActual](TActual actual, IResolveConstraint expression, String message, Object[] args)
   at NUnit.Framework.Assert.AreEqual(Object expected, Object actual)
   at OdinUiTests.Services.DisciplineService.RemoveTopicOrModule(String type, String id) in /azp/_work/1/s/Services/DisciplineService.cs:line 143
   at OdinUiTests.Tests.Activity.ActivityCreatingTests.RemoveCreatedEntities() in /azp/_work/1/s/Tests/Activity/ActivityTests.cs:line 94</Text>
      </RunInfo>
      <RunInfo computerName="df2fa4c7c641" outcome="Warning" timestamp="2023-11-09T07:44:55.7195800+00:00">
        <Text>Авторизоватся под студентом Иван Тестовый Иванович
</Text>
      </RunInfo>
      <RunInfo computerName="df2fa4c7c641" outcome="Warning" timestamp="2023-11-09T07:45:01.6162058+00:00">
        <Text>Авторизоватся под преподавателем Дарья Тестовая
Авторизоватся под студентом Smith John
</Text>
      </RunInfo>
      <RunInfo computerName="df2fa4c7c641" outcome="Warning" timestamp="2023-11-09T07:45:12.2014911+00:00">
        <Text>https://test11.odin.study/ru/ActivityPlan/Info/1340
</Text>
      </RunInfo>
      <RunInfo computerName="df2fa4c7c641" outcome="Warning" timestamp="2023-11-09T07:45:31.4808996+00:00">
        <Text>https://test11.odin.study/ru/ActivityPlan/Info/861
</Text>
      </RunInfo>
      <RunInfo computerName="df2fa4c7c641" outcome="Warning" timestamp="2023-11-09T07:45:37.0294659+00:00">
        <Text>Авторизоватся под преподавателем Дарья Тестовая
</Text>
      </RunInfo>
      <RunInfo computerName="df2fa4c7c641" outcome="Warning" timestamp="2023-11-09T07:46:17.2250860+00:00">
        <Text>https://test11.odin.study/ru/ActivityPlan/Info/1340
</Text>
      </RunInfo>
      <RunInfo computerName="df2fa4c7c641" outcome="Warning" timestamp="2023-11-09T07:47:22.7253053+00:00">
        <Text>Cannot assign requested address (localhost:37925)
Cannot assign requested address (localhost:37925)
Cannot assign requested address (localhost:37925)
Cannot assign requested address (localhost:37925)
Cannot assign requested address (localhost:37925)
Cannot assign requested address (localhost:37925)
Авторизоватся под студентом Doe John
</Text>
      </RunInfo>
      <RunInfo computerName="df2fa4c7c641" outcome="Warning" timestamp="2023-11-09T07:48:15.8579497+00:00">
        <Text>https://test11.odin.study/ru/Chat/419345
</Text>
      </RunInfo>
      <RunInfo computerName="df2fa4c7c641" outcome="Warning" timestamp="2023-11-09T07:48:36.5761205+00:00">
        <Text>Авторизоватся под студентом Smith John
</Text>
      </RunInfo>
      <RunInfo computerName="df2fa4c7c641" outcome="Warning" timestamp="2023-11-09T07:48:43.9353727+00:00">
        <Text>Авторизоватся под студентом Smith John
</Text>
      </RunInfo>
      <RunInfo computerName="df2fa4c7c641" outcome="Warning" timestamp="2023-11-09T07:48:49.6778263+00:00">
        <Text>Авторизоватся под студентом Smith John
</Text>
      </RunInfo>
      <RunInfo computerName="df2fa4c7c641" outcome="Warning" timestamp="2023-11-09T07:48:55.4941020+00:00">
        <Text>Авторизоватся под студентом Smith John
</Text>
      </RunInfo>
      <RunInfo computerName="df2fa4c7c641" outcome="Warning" timestamp="2023-11-09T07:48:56.0263619+00:00">
        <Text>Авторизоватся под студентом Smith John
</Text>
      </RunInfo>
      <RunInfo computerName="df2fa4c7c641" outcome="Warning" timestamp="2023-11-09T07:48:59.4415803+00:00">
        <Text>Авторизоватся под преподавателем Семен Смирнов
</Text>
      </RunInfo>
      <RunInfo computerName="df2fa4c7c641" outcome="Warning" timestamp="2023-11-09T07:49:03.3412539+00:00">
        <Text>Авторизоватся под администратором программы Кира Корзинкина
</Text>
      </RunInfo>
      <RunInfo computerName="df2fa4c7c641" outcome="Warning" timestamp="2023-11-09T07:49:07.9291929+00:00">
        <Text>Авторизоватся под администратором программы Мария Сергеевна
</Text>
      </RunInfo>
      <RunInfo computerName="df2fa4c7c641" outcome="Warning" timestamp="2023-11-09T07:49:11.0120521+00:00">
        <Text>Авторизоватся под преподавателем Дарья Тестовая
</Text>
      </RunInfo>
      <RunInfo computerName="df2fa4c7c641" outcome="Warning" timestamp="2023-11-09T07:49:11.6610668+00:00">
        <Text>Авторизоватся под администратором подразделении Лариса Семеновна
</Text>
      </RunInfo>
      <RunInfo computerName="df2fa4c7c641" outcome="Warning" timestamp="2023-11-09T07:49:16.9740719+00:00">
        <Text>Авторизоватся под администратором подразделении Антон Антонов
</Text>
      </RunInfo>
      <RunInfo computerName="df2fa4c7c641" outcome="Warning" timestamp="2023-11-09T07:49:19.3429920+00:00">
        <Text>Авторизоватся под преподавателем Дарья Тестовая
</Text>
      </RunInfo>
      <RunInfo computerName="df2fa4c7c641" outcome="Warning" timestamp="2023-11-09T07:49:21.5936203+00:00">
        <Text>Авторизоватся под администратором организации Петр Петрович
</Text>
      </RunInfo>
      <RunInfo computerName="df2fa4c7c641" outcome="Warning" timestamp="2023-11-09T07:49:28.4957407+00:00">
        <Text>Авторизоватся под администратором организации Василиса Васильева
</Text>
      </RunInfo>
      <RunInfo computerName="df2fa4c7c641" outcome="Warning" timestamp="2023-11-09T07:49:33.6076809+00:00">
        <Text>Авторизоватся под суперадминистратором Алейсей Кутовой
</Text>
      </RunInfo>
      <RunInfo computerName="df2fa4c7c641" outcome="Warning" timestamp="2023-11-09T07:49:36.1303097+00:00">
        <Text>https://test11.odin.study/ru/Chat/1776
</Text>
      </RunInfo>
      <RunInfo computerName="df2fa4c7c641" outcome="Warning" timestamp="2023-11-09T07:49:59.8217216+00:00">
        <Text>Авторизоватся под администратором программы Мария Сергеевна
</Text>
      </RunInfo>
      <RunInfo computerName="df2fa4c7c641" outcome="Warning" timestamp="2023-11-09T07:50:26.9864127+00:00">
        <Text>Авторизоватся под администратором программы Мария Сергеевна
</Text>
      </RunInfo>
      <RunInfo computerName="df2fa4c7c641" outcome="Warning" timestamp="2023-11-09T07:51:06.9363326+00:00">
        <Text>https://test11.odin.study/ru/Content/Library/18927
</Text>
      </RunInfo>
      <RunInfo computerName="df2fa4c7c641" outcome="Warning" timestamp="2023-11-09T07:51:07.4624660+00:00">
        <Text>https://test11.odin.study/ru/Content/Library/18927
</Text>
      </RunInfo>
      <RunInfo computerName="df2fa4c7c641" outcome="Warning" timestamp="2023-11-09T07:51:11.5218449+00:00">
        <Text>Авторизоватся под суперадминистратором Алейсей Кутовой
</Text>
      </RunInfo>
      <RunInfo computerName="df2fa4c7c641" outcome="Warning" timestamp="2023-11-09T07:53:12.0181242+00:00">
        <Text>Авторизоватся под пользователь с ролью аудитор
</Text>
      </RunInfo>
      <RunInfo computerName="df2fa4c7c641" outcome="Warning" timestamp="2023-11-09T07:53:16.4160461+00:00">
        <Text>Авторизоватся под администратором организации Василиса Васильева
</Text>
      </RunInfo>
      <RunInfo computerName="df2fa4c7c641" outcome="Warning" timestamp="2023-11-09T07:53:30.6827749+00:00">
        <Text>Авторизоватся под администратором программы Мария Сергеевна
</Text>
      </RunInfo>
      <RunInfo computerName="df2fa4c7c641" outcome="Warning" timestamp="2023-11-09T07:53:34.4965027+00:00">
        <Text>Авторизоватся под студентом Smith John
</Text>
      </RunInfo>
      <RunInfo computerName="df2fa4c7c641" outcome="Warning" timestamp="2023-11-09T07:53:40.0547249+00:00">
        <Text>Авторизоватся под студентом Smith John
</Text>
      </RunInfo>
      <RunInfo computerName="df2fa4c7c641" outcome="Warning" timestamp="2023-11-09T07:54:02.1985907+00:00">
        <Text>Авторизоватся под пользователем с ролями Студент и Преподаватель Иван Иванов Иванович
</Text>
      </RunInfo>
      <RunInfo computerName="df2fa4c7c641" outcome="Warning" timestamp="2023-11-09T07:54:09.0504088+00:00">
        <Text>Авторизоватся под студентом Иван Тестовый Иванович
</Text>
      </RunInfo>
      <RunInfo computerName="df2fa4c7c641" outcome="Warning" timestamp="2023-11-09T07:54:12.9262882+00:00">
        <Text>Авторизоватся под преподавателем Дарья Тестовая
</Text>
      </RunInfo>
    </RunInfos>
  </ResultSummary>
</TestRun>