{
  "uuid": "caa1709c-61f3-4693-9fdc-a0eeffcb75d2",
  "historyId": "1aaef28e40d0b02031ab28348ddecb76",
  "testCaseId": "e2e7f34841e87eac2506972389525f24",
  "fullName": "OdinUiTests:OdinUiTests.Tests.Activity.TestActivityEditingTests.CheckSuccessSaveWithCorrectValueInNumbOfAttemptsField()",
  "labels": [
    {
      "name": "thread",
      "value": "NUnit.Fw.ParallelWorker#7"
    },
    {
      "name": "host",
      "value": "069ef008cfeb"
    },
    {
      "name": "language",
      "value": "C#"
    },
    {
      "name": "framework",
      "value": "NUnit 3"
    },
    {
      "name": "package",
      "value": "OdinUiTests.Tests.Activity"
    },
    {
      "name": "testMethod",
      "value": "CheckSuccessSaveWithCorrectValueInNumbOfAttemptsField"
    },
    {
      "name": "testClass",
      "value": "TestActivityEditingTests"
    },
    {
      "name": "parentSuite",
      "value": "Активность"
    },
    {
      "name": "suite",
      "value": "Контрольная"
    },
    {
      "name": "subSuite",
      "value": "Редактирование контрольной"
    },
    {
      "name": "severity",
      "value": "critical"
    },
    {
      "name": "tag",
      "value": "Активность"
    },
    {
      "name": "tag",
      "value": "Дежурство"
    },
    {
      "name": "tag",
      "value": "Регресс"
    }
  ],
  "links": [],
  "name": "Успешное сохранение при корректных значениях в поле Количество попыток сдачи",
  "status": "broken",
  "statusDetails": {
    "known": false,
    "muted": false,
    "flaky": false,
    "message": "System.Reflection.TargetInvocationException : Exception has been thrown by the target of an invocation.\n  ----> OpenQA.Selenium.WebDriverTimeoutException : Timed out after 30 seconds\n  ----> OpenQA.Selenium.NoSuchElementException : no such element: Unable to locate element: {\"method\":\"xpath\",\"selector\":\"//div[contains(text(),'Количество попыток')]/following-sibling::span\"}\n  (Session info: chrome=145.0.7632.45); For documentation on this error, please visit: https://www.selenium.dev/documentation/webdriver/troubleshooting/errors#no-such-element-exception",
    "trace": "   at System.Reflection.MethodBaseInvoker.InvokeWithManyArgs(Object obj, BindingFlags invokeAttr, Binder binder, Object[] parameters, CultureInfo culture)\n   at System.Reflection.RuntimeMethodInfo.Invoke(Object obj, BindingFlags invokeAttr, Binder binder, Object[] parameters, CultureInfo culture)\n   at Allure.Net.Commons.Steps.AllureStepAspectBase.Around(String name, Object[] args, Func`2 target, MethodBase metadata, Type returnType)\n   at OdinUiTests.Pages.ActivityCommonPage.__a$_around_CheckNumOfAttemptsActivityIsChanged_100666208_w_0(Object[])\n   at OdinUiTests.Pages.ActivityCommonPage.CheckNumOfAttemptsActivityIsChanged(String numOfAtt)\n   at OdinUiTests.Pages.ActivityCommonPage.CheckNumOfAttemptsIsChanged(String numOfAtt, Boolean isTemplate) in /azp/_work/1/s/Pages/ActivityCommonPage.cs:line 834\n   at OdinUiTests.Tests.Activity.ActivityCommon.EditAttemptsWithCorrectValue(IWebDriver driver, Boolean isTemplate, String id) in /azp/_work/1/s/Tests/Activity/ActivityCommon.cs:line 206\n   at OdinUiTests.Tests.Activity.ActivityCommon.EditAttemptsWithCorrectValueInActivity(IWebDriver driver, String activityId) in /azp/_work/1/s/Tests/Activity/ActivityCommon.cs:line 215\n   at OdinUiTests.Tests.Activity.TestActivityEditingTests.CheckSuccessSaveWithCorrectValueInNumbOfAttemptsField() in /azp/_work/1/s/Tests/Activity/TestActivityTests.cs:line 201\n   at System.RuntimeMethodHandle.InvokeMethod(ObjectHandleOnStack target, Void** arguments, ObjectHandleOnStack sig, BOOL isConstructor, ObjectHandleOnStack result)\n   at System.Reflection.MethodBaseInvoker.InvokeWithNoArgs(Object obj, BindingFlags invokeAttr)\n--WebDriverTimeoutException\n   at OpenQA.Selenium.Support.UI.DefaultWait`1.ThrowTimeoutException(String exceptionMessage, Exception lastException)\n   at OpenQA.Selenium.Support.UI.DefaultWait`1.Until[TResult](Func`2 condition, CancellationToken token)\n   at OdinUiTests.Pages.ActivityCommonPage.NumOfAttemptsIsChanged(String numOfAtt) in /azp/_work/1/s/Pages/ActivityCommonPage.cs:line 816\n   at OdinUiTests.Pages.ActivityCommonPage.__a$_around_CheckNumOfAttemptsActivityIsChanged_100666208_o(String numOfAtt) in /azp/_work/1/s/Pages/ActivityCommonPage.cs:line 823\n   at OdinUiTests.Pages.ActivityCommonPage.__a$_around_CheckNumOfAttemptsActivityIsChanged_100666208_u(Object[])\n   at Allure.Net.Commons.Steps.AllureAbstractStepAspect.WrapSync[T](Func`2 target, Object[] args, MethodBase metadata, String stepName, List`1 stepParameters)\n   at InvokeStub_AllureAbstractStepAspect.WrapSync(Object, Span`1)\n   at System.Reflection.MethodBaseInvoker.InvokeWithManyArgs(Object obj, BindingFlags invokeAttr, Binder binder, Object[] parameters, CultureInfo culture)\n--NoSuchElementException\n   at OpenQA.Selenium.WebDriver.UnpackAndThrowOnError(Response errorResponse, String commandToExecute)\n   at OpenQA.Selenium.WebDriver.ExecuteAsync(String driverCommandToExecute, Dictionary`2 parameters)\n   at OpenQA.Selenium.WebDriver.Execute(String driverCommandToExecute, Dictionary`2 parameters)\n   at SeleniumExtras.WaitHelpers.ExpectedConditions.<>c__DisplayClass7_0.<ElementIsVisible>b__0(IWebDriver driver)\n   at OpenQA.Selenium.Support.UI.DefaultWait`1.Until[TResult](Func`2 condition, CancellationToken token)"
  },
  "stage": "finished",
  "steps": [
    {
      "name": "Открыть страницу редактирования активности",
      "status": "passed",
      "statusDetails": {
        "known": false,
        "muted": false,
        "flaky": false
      },
      "stage": "finished",
      "steps": [
        {
          "name": "Открыть страницу редактирования активности",
          "status": "passed",
          "statusDetails": {
            "known": false,
            "muted": false,
            "flaky": false
          },
          "stage": "finished",
          "steps": [],
          "attachments": [],
          "parameters": [
            {
              "name": "activityId",
              "value": "\"94\"",
              "excluded": false
            }
          ],
          "start": 1771397355673,
          "stop": 1771397370581
        }
      ],
      "attachments": [],
      "parameters": [
        {
          "name": "isTemplate",
          "value": "false",
          "excluded": false
        },
        {
          "name": "id",
          "value": "\"94\"",
          "excluded": false
        }
      ],
      "start": 1771397355673,
      "stop": 1771397370581
    },
    {
      "name": "В поле 'Количество попыток сдачи' ввести значение 17",
      "status": "passed",
      "stage": "finished",
      "steps": [],
      "attachments": [],
      "parameters": [],
      "start": 1771397370581,
      "stop": 1771397374496
    },
    {
      "name": "Нажать на кнопку ‘Сохранить’",
      "status": "passed",
      "statusDetails": {
        "known": false,
        "muted": false,
        "flaky": false
      },
      "stage": "finished",
      "steps": [
        {
          "name": "Нажать на кнопку 'Сохранить' и подтвердить сохранение",
          "status": "passed",
          "statusDetails": {
            "known": false,
            "muted": false,
            "flaky": false
          },
          "stage": "finished",
          "steps": [],
          "attachments": [],
          "parameters": [],
          "start": 1771397374496,
          "stop": 1771397379996
        }
      ],
      "attachments": [],
      "parameters": [
        {
          "name": "isTemplate",
          "value": "false",
          "excluded": false
        }
      ],
      "start": 1771397374496,
      "stop": 1771397379996
    },
    {
      "name": "Проверка того, что на странице активности сохранено значение количества попыток сдачи",
      "status": "broken",
      "statusDetails": {
        "known": false,
        "muted": false,
        "flaky": false,
        "message": "Timed out after 30 seconds",
        "trace": "OpenQA.Selenium.WebDriverTimeoutException: Timed out after 30 seconds\n ---> OpenQA.Selenium.NoSuchElementException: no such element: Unable to locate element: {\"method\":\"xpath\",\"selector\":\"//div[contains(text(),'Количество попыток')]/following-sibling::span\"}\n  (Session info: chrome=145.0.7632.45); For documentation on this error, please visit: https://www.selenium.dev/documentation/webdriver/troubleshooting/errors#no-such-element-exception\n   at OpenQA.Selenium.WebDriver.UnpackAndThrowOnError(Response errorResponse, String commandToExecute)\n   at OpenQA.Selenium.WebDriver.ExecuteAsync(String driverCommandToExecute, Dictionary`2 parameters)\n   at OpenQA.Selenium.WebDriver.Execute(String driverCommandToExecute, Dictionary`2 parameters)\n   at SeleniumExtras.WaitHelpers.ExpectedConditions.<>c__DisplayClass7_0.<ElementIsVisible>b__0(IWebDriver driver)\n   at OpenQA.Selenium.Support.UI.DefaultWait`1.Until[TResult](Func`2 condition, CancellationToken token)\n   --- End of inner exception stack trace ---\n   at OpenQA.Selenium.Support.UI.DefaultWait`1.ThrowTimeoutException(String exceptionMessage, Exception lastException)\n   at OpenQA.Selenium.Support.UI.DefaultWait`1.Until[TResult](Func`2 condition, CancellationToken token)\n   at OdinUiTests.Pages.ActivityCommonPage.NumOfAttemptsIsChanged(String numOfAtt) in /azp/_work/1/s/Pages/ActivityCommonPage.cs:line 816\n   at OdinUiTests.Pages.ActivityCommonPage.__a$_around_CheckNumOfAttemptsActivityIsChanged_100666208_o(String numOfAtt) in /azp/_work/1/s/Pages/ActivityCommonPage.cs:line 823\n   at OdinUiTests.Pages.ActivityCommonPage.__a$_around_CheckNumOfAttemptsActivityIsChanged_100666208_u(Object[])\n   at Allure.Net.Commons.Steps.AllureAbstractStepAspect.WrapSync[T](Func`2 target, Object[] args, MethodBase metadata, String stepName, List`1 stepParameters)"
      },
      "stage": "finished",
      "steps": [],
      "attachments": [],
      "parameters": [
        {
          "name": "numOfAtt",
          "value": "\"17\"",
          "excluded": false
        }
      ],
      "start": 1771397379997,
      "stop": 1771397410358
    }
  ],
  "attachments": [
    {
      "name": "CheckSuccessSaveWithCorrectValueInNumbOfAttemptsField.jpg",
      "source": "6a9f274b-9560-4dd7-8059-42622d831b3c-attachment.jpg",
      "type": "image/jpeg"
    },
    {
      "name": "Console Output",
      "source": "041536f7-d300-4344-8374-ceefc2768430-attachment.txt",
      "type": "text/plain"
    }
  ],
  "parameters": [],
  "start": 1771397355673,
  "stop": 1771397410613
}