{
  "uuid": "ab4658d9-3ba4-4235-bf1f-c99acc2aad19",
  "historyId": "2088c8b08ed3e35f2a19e8bd0c64c6a7",
  "testCaseId": "cd5f3a61ca334a497e25b5bda43ccb59",
  "fullName": "OdinUiTests:OdinUiTests.Tests.Discipline.DisTemplateTests.CheckAddTopicInDisTemplate()",
  "labels": [
    {
      "name": "thread",
      "value": "NUnit.Fw.ParallelWorker#3"
    },
    {
      "name": "host",
      "value": "1f0608dea750"
    },
    {
      "name": "language",
      "value": "C#"
    },
    {
      "name": "framework",
      "value": "NUnit 3"
    },
    {
      "name": "package",
      "value": "OdinUiTests.Tests.Discipline"
    },
    {
      "name": "testMethod",
      "value": "CheckAddTopicInDisTemplate"
    },
    {
      "name": "testClass",
      "value": "DisTemplateTests"
    },
    {
      "name": "suite",
      "value": "Дисциплина"
    },
    {
      "name": "subSuite",
      "value": "Шаблон дисциплины"
    },
    {
      "name": "severity",
      "value": "normal"
    },
    {
      "name": "tag",
      "value": "Дисциплина"
    },
    {
      "name": "tag",
      "value": "Дежурство"
    },
    {
      "name": "tag",
      "value": "Регресс"
    }
  ],
  "links": [],
  "name": "Можно добавить тему в шаблон дисциплины",
  "status": "broken",
  "statusDetails": {
    "known": false,
    "muted": false,
    "flaky": false,
    "message": "System.Reflection.TargetInvocationException : Exception has been thrown by the target of an invocation.\n  ----> System.Reflection.TargetInvocationException : Exception has been thrown by the target of an invocation.\n  ----> OpenQA.Selenium.StaleElementReferenceException : stale element reference: stale element not found in the current frame\n  (Session info: chrome=140.0.7339.127); For documentation on this error, please visit: https://www.selenium.dev/documentation/webdriver/troubleshooting/errors#stale-element-reference-exception",
    "trace": "   at System.Reflection.MethodBaseInvoker.InvokeWithManyArgs(Object obj, BindingFlags invokeAttr, Binder binder, Object[] parameters, CultureInfo culture)\n   at Allure.Net.Commons.Steps.AllureStepAspectBase.Around(String name, Object[] args, Func`2 target, MethodBase metadata, Type returnType)\n   at OdinUiTests.Pages.DisCommonInfoPage.__a$_around_AddTopic_100666742_w_0(Object[])\n   at OdinUiTests.Pages.DisCommonInfoPage.AddTopic(String topName)\n   at OdinUiTests.Tests.Discipline.DisTemplateTests.CheckAddTopicInDisTemplate() in /azp/_work/1/s/Tests/Discipline/DisTemplateTests.cs:line 88\n   at System.RuntimeMethodHandle.InvokeMethod(Object target, Void** arguments, Signature sig, Boolean isConstructor)\n   at System.Reflection.MethodBaseInvoker.InvokeWithNoArgs(Object obj, BindingFlags invokeAttr)\n--TargetInvocationException\n   at System.Reflection.MethodBaseInvoker.InvokeWithManyArgs(Object obj, BindingFlags invokeAttr, Binder binder, Object[] parameters, CultureInfo culture)\n   at Allure.Net.Commons.Steps.AllureStepAspectBase.Around(String name, Object[] args, Func`2 target, MethodBase metadata, Type returnType)\n   at OdinUiTests.Pages.DisCommonInfoPage.__a$_around_CheckTopicIsAdded_100666801_w_0(Object[])\n   at OdinUiTests.Pages.DisCommonInfoPage.CheckTopicIsAdded(String name, Boolean withRefresh)\n   at OdinUiTests.Pages.DisCommonInfoPage.__a$_around_AddTopic_100666742_o(String topName) in /azp/_work/1/s/Pages/DisCommonInfoPage.cs:line 189\n   at OdinUiTests.Pages.DisCommonInfoPage.__a$_around_AddTopic_100666742_u(Object[])\n   at Allure.Net.Commons.Steps.AllureAbstractStepAspect.WrapSync[T](Func`2 target, Object[] args, MethodBase metadata, String stepName, List`1 stepParameters)\n   at InvokeStub_AllureAbstractStepAspect.WrapSync(Object, Span`1)\n   at System.Reflection.MethodBaseInvoker.InvokeWithManyArgs(Object obj, BindingFlags invokeAttr, Binder binder, Object[] parameters, CultureInfo culture)\n--StaleElementReferenceException\n   at OpenQA.Selenium.WebDriver.UnpackAndThrowOnError(Response errorResponse, String commandToExecute)\n   at OpenQA.Selenium.WebDriver.ExecuteAsync(String driverCommandToExecute, Dictionary`2 parameters)\n   at OpenQA.Selenium.WebDriver.InternalExecute(String driverCommandToExecute, Dictionary`2 parameters)\n   at OpenQA.Selenium.WebElement.get_Displayed()\n   at SeleniumExtras.WaitHelpers.ExpectedConditions.<>c__DisplayClass19_0.<ElementToBeClickable>b__0(IWebDriver driver)\n   at OpenQA.Selenium.Support.UI.DefaultWait`1.Until[TResult](Func`2 condition, CancellationToken token)\n   at OpenQA.Selenium.Support.UI.DefaultWait`1.Until[TResult](Func`2 condition)\n   at OdinUiTests.Pages.DisCommonInfoPage.__a$_around_CheckTopicIsAdded_100666801_o(String name, Boolean withRefresh) in /azp/_work/1/s/Pages/DisCommonInfoPage.cs:line 1064\n   at OdinUiTests.Pages.DisCommonInfoPage.__a$_around_CheckTopicIsAdded_100666801_u(Object[])\n   at Allure.Net.Commons.Steps.AllureAbstractStepAspect.WrapSync[T](Func`2 target, Object[] args, MethodBase metadata, String stepName, List`1 stepParameters)\n   at InvokeStub_AllureAbstractStepAspect.WrapSync(Object, Span`1)\n   at System.Reflection.MethodBaseInvoker.InvokeWithManyArgs(Object obj, BindingFlags invokeAttr, Binder binder, Object[] parameters, CultureInfo culture)"
  },
  "stage": "finished",
  "steps": [
    {
      "name": "Открыть страницу шаблона дисциплины",
      "status": "passed",
      "statusDetails": {
        "known": false,
        "muted": false,
        "flaky": false
      },
      "stage": "finished",
      "steps": [],
      "attachments": [],
      "parameters": [
        {
          "name": "contentId",
          "value": "\"2459188\"",
          "excluded": false
        }
      ],
      "start": 1767067797867,
      "stop": 1767067798105
    },
    {
      "name": "Нажать на добавление темы в списке активностей",
      "status": "broken",
      "statusDetails": {
        "known": false,
        "muted": false,
        "flaky": false,
        "message": "Exception has been thrown by the target of an invocation.",
        "trace": "System.Reflection.TargetInvocationException: Exception has been thrown by the target of an invocation.\n ---> OpenQA.Selenium.StaleElementReferenceException: stale element reference: stale element not found in the current frame\n  (Session info: chrome=140.0.7339.127); For documentation on this error, please visit: https://www.selenium.dev/documentation/webdriver/troubleshooting/errors#stale-element-reference-exception\n   at OpenQA.Selenium.WebDriver.UnpackAndThrowOnError(Response errorResponse, String commandToExecute)\n   at OpenQA.Selenium.WebDriver.ExecuteAsync(String driverCommandToExecute, Dictionary`2 parameters)\n   at OpenQA.Selenium.WebDriver.InternalExecute(String driverCommandToExecute, Dictionary`2 parameters)\n   at OpenQA.Selenium.WebElement.get_Displayed()\n   at SeleniumExtras.WaitHelpers.ExpectedConditions.<>c__DisplayClass19_0.<ElementToBeClickable>b__0(IWebDriver driver)\n   at OpenQA.Selenium.Support.UI.DefaultWait`1.Until[TResult](Func`2 condition, CancellationToken token)\n   at OpenQA.Selenium.Support.UI.DefaultWait`1.Until[TResult](Func`2 condition)\n   at OdinUiTests.Pages.DisCommonInfoPage.__a$_around_CheckTopicIsAdded_100666801_o(String name, Boolean withRefresh) in /azp/_work/1/s/Pages/DisCommonInfoPage.cs:line 1064\n   at OdinUiTests.Pages.DisCommonInfoPage.__a$_around_CheckTopicIsAdded_100666801_u(Object[])\n   at Allure.Net.Commons.Steps.AllureAbstractStepAspect.WrapSync[T](Func`2 target, Object[] args, MethodBase metadata, String stepName, List`1 stepParameters)\n   at InvokeStub_AllureAbstractStepAspect.WrapSync(Object, Span`1)\n   at System.Reflection.MethodBaseInvoker.InvokeWithManyArgs(Object obj, BindingFlags invokeAttr, Binder binder, Object[] parameters, CultureInfo culture)\n   --- End of inner exception stack trace ---\n   at System.Reflection.MethodBaseInvoker.InvokeWithManyArgs(Object obj, BindingFlags invokeAttr, Binder binder, Object[] parameters, CultureInfo culture)\n   at Allure.Net.Commons.Steps.AllureStepAspectBase.Around(String name, Object[] args, Func`2 target, MethodBase metadata, Type returnType)\n   at OdinUiTests.Pages.DisCommonInfoPage.__a$_around_CheckTopicIsAdded_100666801_w_0(Object[])\n   at OdinUiTests.Pages.DisCommonInfoPage.CheckTopicIsAdded(String name, Boolean withRefresh)\n   at OdinUiTests.Pages.DisCommonInfoPage.__a$_around_AddTopic_100666742_o(String topName) in /azp/_work/1/s/Pages/DisCommonInfoPage.cs:line 189\n   at OdinUiTests.Pages.DisCommonInfoPage.__a$_around_AddTopic_100666742_u(Object[])\n   at Allure.Net.Commons.Steps.AllureAbstractStepAspect.WrapSync[T](Func`2 target, Object[] args, MethodBase metadata, String stepName, List`1 stepParameters)"
      },
      "stage": "finished",
      "steps": [
        {
          "name": "Проверка того, что тема была добавлена в список активностей дисциплины",
          "status": "broken",
          "statusDetails": {
            "known": false,
            "muted": false,
            "flaky": false,
            "message": "stale element reference: stale element not found in the current frame\n  (Session info: chrome=140.0.7339.127); For documentation on this error, please visit: https://www.selenium.dev/documentation/webdriver/troubleshooting/errors#stale-element-reference-exception",
            "trace": "OpenQA.Selenium.StaleElementReferenceException: stale element reference: stale element not found in the current frame\n  (Session info: chrome=140.0.7339.127); For documentation on this error, please visit: https://www.selenium.dev/documentation/webdriver/troubleshooting/errors#stale-element-reference-exception\n   at OpenQA.Selenium.WebDriver.UnpackAndThrowOnError(Response errorResponse, String commandToExecute)\n   at OpenQA.Selenium.WebDriver.ExecuteAsync(String driverCommandToExecute, Dictionary`2 parameters)\n   at OpenQA.Selenium.WebDriver.InternalExecute(String driverCommandToExecute, Dictionary`2 parameters)\n   at OpenQA.Selenium.WebElement.get_Displayed()\n   at SeleniumExtras.WaitHelpers.ExpectedConditions.<>c__DisplayClass19_0.<ElementToBeClickable>b__0(IWebDriver driver)\n   at OpenQA.Selenium.Support.UI.DefaultWait`1.Until[TResult](Func`2 condition, CancellationToken token)\n   at OpenQA.Selenium.Support.UI.DefaultWait`1.Until[TResult](Func`2 condition)\n   at OdinUiTests.Pages.DisCommonInfoPage.__a$_around_CheckTopicIsAdded_100666801_o(String name, Boolean withRefresh) in /azp/_work/1/s/Pages/DisCommonInfoPage.cs:line 1064\n   at OdinUiTests.Pages.DisCommonInfoPage.__a$_around_CheckTopicIsAdded_100666801_u(Object[])\n   at Allure.Net.Commons.Steps.AllureAbstractStepAspect.WrapSync[T](Func`2 target, Object[] args, MethodBase metadata, String stepName, List`1 stepParameters)"
          },
          "stage": "finished",
          "steps": [],
          "attachments": [],
          "parameters": [
            {
              "name": "name",
              "value": "\"9E2BFC8DG498G78\"",
              "excluded": false
            },
            {
              "name": "withRefresh",
              "value": "false",
              "excluded": false
            }
          ],
          "start": 1767067805506,
          "stop": 1767067805574
        }
      ],
      "attachments": [],
      "parameters": [
        {
          "name": "topName",
          "value": "\"9E2BFC8DG498G78\"",
          "excluded": false
        }
      ],
      "start": 1767067798106,
      "stop": 1767067805575
    }
  ],
  "attachments": [
    {
      "name": "CheckAddTopicInDisTemplate.jpg",
      "source": "e0531d49-1c88-416c-98dd-ecd50b3528ee-attachment.jpg",
      "type": "image/jpeg"
    },
    {
      "name": "Console Output",
      "source": "55cc0c3f-adaa-414a-95a2-799d0f3ec595-attachment.txt",
      "type": "text/plain"
    }
  ],
  "parameters": [],
  "start": 1767067797866,
  "stop": 1767067805729
}