{
  "uuid": "67b04bd6-4bdf-4fcf-b5cf-485c9f0b0194",
  "historyId": "507e284c9aaadb1285fb5de5119d6b07",
  "testCaseId": "446390048d3480c8b9b41382a2b38b2d",
  "fullName": "OdinUiTests:OdinUiTests.Tests.Activity.ActivityEditingTests.CheckActivityMaxThreshold()",
  "labels": [
    {
      "name": "thread",
      "value": "NUnit.Fw.ParallelWorker#4"
    },
    {
      "name": "host",
      "value": "a52902320b44"
    },
    {
      "name": "language",
      "value": "C#"
    },
    {
      "name": "framework",
      "value": "NUnit 3"
    },
    {
      "name": "package",
      "value": "OdinUiTests.Tests.Activity"
    },
    {
      "name": "testMethod",
      "value": "CheckActivityMaxThreshold"
    },
    {
      "name": "testClass",
      "value": "ActivityEditingTests"
    },
    {
      "name": "parentSuite",
      "value": "Активность"
    },
    {
      "name": "suite",
      "value": "Обычная активность"
    },
    {
      "name": "subSuite",
      "value": "Редактирование активности"
    },
    {
      "name": "severity",
      "value": "critical"
    },
    {
      "name": "tag",
      "value": "Активность"
    },
    {
      "name": "tag",
      "value": "Дежурство"
    },
    {
      "name": "tag",
      "value": "Регресс"
    }
  ],
  "links": [],
  "name": "Проверка установки Максимального порога баллов в активности Кода будущего",
  "status": "broken",
  "statusDetails": {
    "known": false,
    "muted": false,
    "flaky": false,
    "message": "System.Reflection.TargetInvocationException : Exception has been thrown by the target of an invocation.\n  ----> OpenQA.Selenium.WebDriverTimeoutException : Timed out after 30 seconds\n  ----> OpenQA.Selenium.NoSuchElementException : no such element: Unable to locate element: {\"method\":\"xpath\",\"selector\":\"//input[contains(@aria-label,'Максимальный балл')]\"}\n  (Session info: chrome=145.0.7632.45); For documentation on this error, please visit: https://www.selenium.dev/documentation/webdriver/troubleshooting/errors#no-such-element-exception",
    "trace": "   at System.Reflection.MethodBaseInvoker.InvokeWithManyArgs(Object obj, BindingFlags invokeAttr, Binder binder, Object[] parameters, CultureInfo culture)\n   at Allure.Net.Commons.Steps.AllureStepAspectBase.Around(String name, Object[] args, Func`2 target, MethodBase metadata, Type returnType)\n   at OdinUiTests.Pages.ActivityCommonEditPage.__a$_around_SetMaxThreshold_100666103_w_0(Object[])\n   at OdinUiTests.Pages.ActivityCommonEditPage.SetMaxThreshold(String threshold)\n   at OdinUiTests.Tests.Activity.ActivityEditingTests.CheckActivityMaxThreshold() in /azp/_work/1/s/Tests/Activity/ActivityTests.cs:line 231\n   at System.RuntimeMethodHandle.InvokeMethod(Object target, Void** arguments, Signature sig, Boolean isConstructor)\n   at System.Reflection.MethodBaseInvoker.InvokeWithNoArgs(Object obj, BindingFlags invokeAttr)\n--WebDriverTimeoutException\n   at OpenQA.Selenium.Support.UI.DefaultWait`1.ThrowTimeoutException(String exceptionMessage, Exception lastException)\n   at OpenQA.Selenium.Support.UI.DefaultWait`1.Until[TResult](Func`2 condition, CancellationToken token)\n   at OpenQA.Selenium.Support.UI.DefaultWait`1.Until[TResult](Func`2 condition)\n   at OdinUiTests.Services.CommonService.ClearValuesInDigitInputFields(IWebDriver driver, By selector) in /azp/_work/1/s/Services/CommonService.cs:line 427\n   at OdinUiTests.Pages.ActivityCommonEditPage.__a$_around_SetMaxThreshold_100666103_o(String threshold) in /azp/_work/1/s/Pages/ActivityCommonEditPage.cs:line 755\n   at OdinUiTests.Pages.ActivityCommonEditPage.__a$_around_SetMaxThreshold_100666103_u(Object[])\n   at Allure.Net.Commons.Steps.AllureAbstractStepAspect.WrapSync[T](Func`2 target, Object[] args, MethodBase metadata, String stepName, List`1 stepParameters)\n   at InvokeStub_AllureAbstractStepAspect.WrapSync(Object, Span`1)\n   at System.Reflection.MethodBaseInvoker.InvokeWithManyArgs(Object obj, BindingFlags invokeAttr, Binder binder, Object[] parameters, CultureInfo culture)\n--NoSuchElementException\n   at OpenQA.Selenium.WebDriver.UnpackAndThrowOnError(Response errorResponse, String commandToExecute)\n   at OpenQA.Selenium.WebDriver.ExecuteAsync(String driverCommandToExecute, Dictionary`2 parameters)\n   at SeleniumExtras.WaitHelpers.ExpectedConditions.<>c__DisplayClass19_0.<ElementToBeClickable>b__0(IWebDriver driver)\n   at OpenQA.Selenium.Support.UI.DefaultWait`1.Until[TResult](Func`2 condition, CancellationToken token)"
  },
  "stage": "finished",
  "steps": [
    {
      "name": "Открыть страницу редактирования активности",
      "status": "passed",
      "statusDetails": {
        "known": false,
        "muted": false,
        "flaky": false
      },
      "stage": "finished",
      "steps": [],
      "attachments": [],
      "parameters": [
        {
          "name": "activityId",
          "value": "\"2125532\"",
          "excluded": false
        }
      ],
      "start": 1771309992501,
      "stop": 1771309993594
    },
    {
      "name": "В поле ‘Максимальный порог баллов’ активности выставить максимальное значение",
      "status": "broken",
      "statusDetails": {
        "known": false,
        "muted": false,
        "flaky": false,
        "message": "Timed out after 30 seconds",
        "trace": "OpenQA.Selenium.WebDriverTimeoutException: Timed out after 30 seconds\n ---> OpenQA.Selenium.NoSuchElementException: no such element: Unable to locate element: {\"method\":\"xpath\",\"selector\":\"//input[contains(@aria-label,'Максимальный балл')]\"}\n  (Session info: chrome=145.0.7632.45); For documentation on this error, please visit: https://www.selenium.dev/documentation/webdriver/troubleshooting/errors#no-such-element-exception\n   at OpenQA.Selenium.WebDriver.UnpackAndThrowOnError(Response errorResponse, String commandToExecute)\n   at OpenQA.Selenium.WebDriver.ExecuteAsync(String driverCommandToExecute, Dictionary`2 parameters)\n   at SeleniumExtras.WaitHelpers.ExpectedConditions.<>c__DisplayClass19_0.<ElementToBeClickable>b__0(IWebDriver driver)\n   at OpenQA.Selenium.Support.UI.DefaultWait`1.Until[TResult](Func`2 condition, CancellationToken token)\n   --- End of inner exception stack trace ---\n   at OpenQA.Selenium.Support.UI.DefaultWait`1.ThrowTimeoutException(String exceptionMessage, Exception lastException)\n   at OpenQA.Selenium.Support.UI.DefaultWait`1.Until[TResult](Func`2 condition, CancellationToken token)\n   at OpenQA.Selenium.Support.UI.DefaultWait`1.Until[TResult](Func`2 condition)\n   at OdinUiTests.Services.CommonService.ClearValuesInDigitInputFields(IWebDriver driver, By selector) in /azp/_work/1/s/Services/CommonService.cs:line 427\n   at OdinUiTests.Pages.ActivityCommonEditPage.__a$_around_SetMaxThreshold_100666103_o(String threshold) in /azp/_work/1/s/Pages/ActivityCommonEditPage.cs:line 755\n   at OdinUiTests.Pages.ActivityCommonEditPage.__a$_around_SetMaxThreshold_100666103_u(Object[])\n   at Allure.Net.Commons.Steps.AllureAbstractStepAspect.WrapSync[T](Func`2 target, Object[] args, MethodBase metadata, String stepName, List`1 stepParameters)"
      },
      "stage": "finished",
      "steps": [],
      "attachments": [],
      "parameters": [
        {
          "name": "threshold",
          "value": "\"7\"",
          "excluded": false
        }
      ],
      "start": 1771309993595,
      "stop": 1771310028803
    }
  ],
  "attachments": [
    {
      "name": "CheckActivityMaxThreshold.jpg",
      "source": "3f2f4dbc-75a6-4619-ab48-17fb3b4dd618-attachment.jpg",
      "type": "image/jpeg"
    },
    {
      "name": "Console Output",
      "source": "0e311a7a-038f-4a01-9164-d07b14355075-attachment.txt",
      "type": "text/plain"
    }
  ],
  "parameters": [],
  "start": 1771309991939,
  "stop": 1771310029107
}