{
  "uuid": "24a0377e-8a89-4533-8c70-4f06d5c873be",
  "historyId": "aee0808ccb282d7c9685a6614eb4f54c",
  "testCaseId": "abae5c128adfa4a6ae28364a46e733e7",
  "fullName": "OdinUiTests:OdinUiTests.Tests.Activity.TestActivityStatusWithTwoOrMoreAttemptsTests.CheckResultOfPassingDependOnSettings(System.String,System.Int32,System.String)",
  "labels": [
    {
      "name": "thread",
      "value": "NUnit.Fw.ParallelWorker#4"
    },
    {
      "name": "host",
      "value": "6461c812e52f"
    },
    {
      "name": "language",
      "value": "C#"
    },
    {
      "name": "framework",
      "value": "NUnit 3"
    },
    {
      "name": "package",
      "value": "OdinUiTests.Tests.Activity"
    },
    {
      "name": "testMethod",
      "value": "CheckResultOfPassingDependOnSettings"
    },
    {
      "name": "testClass",
      "value": "TestActivityStatusWithTwoOrMoreAttemptsTests"
    },
    {
      "name": "parentSuite",
      "value": "Активность"
    },
    {
      "name": "suite",
      "value": "Контрольная"
    },
    {
      "name": "subSuite",
      "value": "Прохождение теста"
    },
    {
      "name": "severity",
      "value": "critical"
    },
    {
      "name": "tag",
      "value": "Активность"
    },
    {
      "name": "tag",
      "value": "Дежурство"
    },
    {
      "name": "tag",
      "value": "Регресс"
    }
  ],
  "links": [],
  "name": "Результат тестирования в попытках зависит от настройки За последнюю попытку в индивидуальной контрольной",
  "status": "broken",
  "statusDetails": {
    "known": false,
    "muted": false,
    "flaky": false,
    "message": "System.Reflection.TargetInvocationException : Exception has been thrown by the target of an invocation.\n  ----> System.Reflection.TargetInvocationException : Exception has been thrown by the target of an invocation.\n  ----> OpenQA.Selenium.ElementClickInterceptedException : element click intercepted: Element <span class=\"block\">...</span> is not clickable at point (1332, 898). Other element would receive the click: <div data-v-bdeb60c3=\"\" class=\"call-notifications-component full-window window-height window-width\">...</div>\n  (Session info: chrome=140.0.7339.127)",
    "trace": "   at System.Reflection.MethodBaseInvoker.InvokeWithManyArgs(Object obj, BindingFlags invokeAttr, Binder binder, Object[] parameters, CultureInfo culture)\n   at Allure.Net.Commons.Steps.AllureStepAspectBase.Around(String name, Object[] args, Func`2 target, MethodBase metadata, Type returnType)\n   at OdinUiTests.Pages.ActivityCommonPage.__a$_around_PassAnotherTestAttempt_100666142_w_0(Object[])\n   at OdinUiTests.Pages.ActivityCommonPage.PassAnotherTestAttempt()\n   at OdinUiTests.Tests.Activity.TestActivityStatusWithTwoOrMoreAttemptsTests.CheckResultOfPassingDependOnSettings(String actId, Int32 evaluation, String attemptSetting) in /azp/_work/1/s/Tests/Activity/TestActivityTests.cs:line 697\n   at InvokeStub_TestActivityStatusWithTwoOrMoreAttemptsTests.CheckResultOfPassingDependOnSettings(Object, Span`1)\n   at System.Reflection.MethodBaseInvoker.InvokeWithFewArgs(Object obj, BindingFlags invokeAttr, Binder binder, Object[] parameters, CultureInfo culture)\n--TargetInvocationException\n   at System.Reflection.MethodBaseInvoker.InvokeWithManyArgs(Object obj, BindingFlags invokeAttr, Binder binder, Object[] parameters, CultureInfo culture)\n   at Allure.Net.Commons.Steps.AllureStepAspectBase.Around(String name, Object[] args, Func`2 target, MethodBase metadata, Type returnType)\n   at OdinUiTests.Pages.ExamOptionsPage.__a$_around_ClickOnSubmitForReviewButton_100666934_w_0(Object[])\n   at OdinUiTests.Pages.ExamOptionsPage.ClickOnSubmitForReviewButton()\n   at OdinUiTests.Pages.ActivityCommonPage.__a$_around_PassAnotherTestAttempt_100666142_o() in /azp/_work/1/s/Pages/ActivityCommonPage.cs:line 164\n   at OdinUiTests.Pages.ActivityCommonPage.__a$_around_PassAnotherTestAttempt_100666142_u(Object[])\n   at Allure.Net.Commons.Steps.AllureAbstractStepAspect.WrapSync[T](Func`2 target, Object[] args, MethodBase metadata, String stepName, List`1 stepParameters)\n   at InvokeStub_AllureAbstractStepAspect.WrapSync(Object, Span`1)\n   at System.Reflection.MethodBaseInvoker.InvokeWithManyArgs(Object obj, BindingFlags invokeAttr, Binder binder, Object[] parameters, CultureInfo culture)\n--ElementClickInterceptedException\n   at OpenQA.Selenium.WebDriver.UnpackAndThrowOnError(Response errorResponse, String commandToExecute)\n   at OpenQA.Selenium.WebDriver.ExecuteAsync(String driverCommandToExecute, Dictionary`2 parameters)\n   at OpenQA.Selenium.WebDriver.InternalExecute(String driverCommandToExecute, Dictionary`2 parameters)\n   at OpenQA.Selenium.WebElement.Click()\n   at OdinUiTests.Pages.ExamOptionsPage.__a$_around_ClickOnSubmitForReviewButton_100666934_o() in /azp/_work/1/s/Pages/ExamOptionsPage.cs:line 94\n   at OdinUiTests.Pages.ExamOptionsPage.__a$_around_ClickOnSubmitForReviewButton_100666934_u(Object[])\n   at Allure.Net.Commons.Steps.AllureAbstractStepAspect.WrapSync[T](Func`2 target, Object[] args, MethodBase metadata, String stepName, List`1 stepParameters)\n   at InvokeStub_AllureAbstractStepAspect.WrapSync(Object, Span`1)\n   at System.Reflection.MethodBaseInvoker.InvokeWithManyArgs(Object obj, BindingFlags invokeAttr, Binder binder, Object[] parameters, CultureInfo culture)"
  },
  "stage": "finished",
  "steps": [
    {
      "name": "Открыть страницу активности",
      "status": "passed",
      "statusDetails": {
        "known": false,
        "muted": false,
        "flaky": false
      },
      "stage": "finished",
      "steps": [],
      "attachments": [],
      "parameters": [
        {
          "name": "activityId",
          "value": "\"5209\"",
          "excluded": false
        }
      ],
      "start": 1767062736556,
      "stop": 1767062737776
    },
    {
      "name": "Пройти одну попытку прохождения теста",
      "status": "passed",
      "statusDetails": {
        "known": false,
        "muted": false,
        "flaky": false
      },
      "stage": "finished",
      "steps": [
        {
          "name": "Нажать на кнопку 'Перейти к тесту' со страницы активности",
          "status": "passed",
          "statusDetails": {
            "known": false,
            "muted": false,
            "flaky": false
          },
          "stage": "finished",
          "steps": [],
          "attachments": [],
          "parameters": [],
          "start": 1767062737776,
          "stop": 1767062747962
        },
        {
          "name": "Нажать на кнопку 'Приступить'",
          "status": "passed",
          "statusDetails": {
            "known": false,
            "muted": false,
            "flaky": false
          },
          "stage": "finished",
          "steps": [],
          "attachments": [],
          "parameters": [],
          "start": 1767062747962,
          "stop": 1767062754574
        },
        {
          "name": "Ответить на все вопросы и ожидать появления фразы 'Сохранено успешно'",
          "status": "passed",
          "statusDetails": {
            "known": false,
            "muted": false,
            "flaky": false
          },
          "stage": "finished",
          "steps": [],
          "attachments": [],
          "parameters": [],
          "start": 1767062754574,
          "stop": 1767062769466
        },
        {
          "name": "Нажать на кнопку 'Отправить на проверку'",
          "status": "passed",
          "statusDetails": {
            "known": false,
            "muted": false,
            "flaky": false
          },
          "stage": "finished",
          "steps": [],
          "attachments": [],
          "parameters": [],
          "start": 1767062769466,
          "stop": 1767062770075
        },
        {
          "name": "Нажать на кнопку 'Отправить на проверку' в модалке",
          "status": "passed",
          "statusDetails": {
            "known": false,
            "muted": false,
            "flaky": false
          },
          "stage": "finished",
          "steps": [],
          "attachments": [],
          "parameters": [],
          "start": 1767062770075,
          "stop": 1767062776191
        },
        {
          "name": "Нажать на кнопку 'Пройти еще раз'",
          "status": "passed",
          "statusDetails": {
            "known": false,
            "muted": false,
            "flaky": false
          },
          "stage": "finished",
          "steps": [],
          "attachments": [],
          "parameters": [],
          "start": 1767062776191,
          "stop": 1767062777682
        }
      ],
      "attachments": [],
      "parameters": [],
      "start": 1767062737776,
      "stop": 1767062777682
    },
    {
      "name": "Пройти еще одну попытку прохождения теста",
      "status": "broken",
      "statusDetails": {
        "known": false,
        "muted": false,
        "flaky": false,
        "message": "Exception has been thrown by the target of an invocation.",
        "trace": "System.Reflection.TargetInvocationException: Exception has been thrown by the target of an invocation.\n ---> OpenQA.Selenium.ElementClickInterceptedException: element click intercepted: Element <span class=\"block\">...</span> is not clickable at point (1332, 898). Other element would receive the click: <div data-v-bdeb60c3=\"\" class=\"call-notifications-component full-window window-height window-width\">...</div>\n  (Session info: chrome=140.0.7339.127)\n   at OpenQA.Selenium.WebDriver.UnpackAndThrowOnError(Response errorResponse, String commandToExecute)\n   at OpenQA.Selenium.WebDriver.ExecuteAsync(String driverCommandToExecute, Dictionary`2 parameters)\n   at OpenQA.Selenium.WebDriver.InternalExecute(String driverCommandToExecute, Dictionary`2 parameters)\n   at OpenQA.Selenium.WebElement.Click()\n   at OdinUiTests.Pages.ExamOptionsPage.__a$_around_ClickOnSubmitForReviewButton_100666934_o() in /azp/_work/1/s/Pages/ExamOptionsPage.cs:line 94\n   at OdinUiTests.Pages.ExamOptionsPage.__a$_around_ClickOnSubmitForReviewButton_100666934_u(Object[])\n   at Allure.Net.Commons.Steps.AllureAbstractStepAspect.WrapSync[T](Func`2 target, Object[] args, MethodBase metadata, String stepName, List`1 stepParameters)\n   at InvokeStub_AllureAbstractStepAspect.WrapSync(Object, Span`1)\n   at System.Reflection.MethodBaseInvoker.InvokeWithManyArgs(Object obj, BindingFlags invokeAttr, Binder binder, Object[] parameters, CultureInfo culture)\n   --- End of inner exception stack trace ---\n   at System.Reflection.MethodBaseInvoker.InvokeWithManyArgs(Object obj, BindingFlags invokeAttr, Binder binder, Object[] parameters, CultureInfo culture)\n   at Allure.Net.Commons.Steps.AllureStepAspectBase.Around(String name, Object[] args, Func`2 target, MethodBase metadata, Type returnType)\n   at OdinUiTests.Pages.ExamOptionsPage.__a$_around_ClickOnSubmitForReviewButton_100666934_w_0(Object[])\n   at OdinUiTests.Pages.ExamOptionsPage.ClickOnSubmitForReviewButton()\n   at OdinUiTests.Pages.ActivityCommonPage.__a$_around_PassAnotherTestAttempt_100666142_o() in /azp/_work/1/s/Pages/ActivityCommonPage.cs:line 164\n   at OdinUiTests.Pages.ActivityCommonPage.__a$_around_PassAnotherTestAttempt_100666142_u(Object[])\n   at Allure.Net.Commons.Steps.AllureAbstractStepAspect.WrapSync[T](Func`2 target, Object[] args, MethodBase metadata, String stepName, List`1 stepParameters)"
      },
      "stage": "finished",
      "steps": [
        {
          "name": "Нажать на кнопку 'Приступить'",
          "status": "passed",
          "statusDetails": {
            "known": false,
            "muted": false,
            "flaky": false
          },
          "stage": "finished",
          "steps": [],
          "attachments": [],
          "parameters": [],
          "start": 1767062777682,
          "stop": 1767062784664
        },
        {
          "name": "Ответить на все вопросы и ожидать появления фразы 'Сохранено успешно'",
          "status": "passed",
          "statusDetails": {
            "known": false,
            "muted": false,
            "flaky": false
          },
          "stage": "finished",
          "steps": [],
          "attachments": [],
          "parameters": [],
          "start": 1767062784665,
          "stop": 1767062805489
        },
        {
          "name": "Нажать на кнопку 'Отправить на проверку'",
          "status": "broken",
          "statusDetails": {
            "known": false,
            "muted": false,
            "flaky": false,
            "message": "element click intercepted: Element <span class=\"block\">...</span> is not clickable at point (1332, 898). Other element would receive the click: <div data-v-bdeb60c3=\"\" class=\"call-notifications-component full-window window-height window-width\">...</div>\n  (Session info: chrome=140.0.7339.127)",
            "trace": "OpenQA.Selenium.ElementClickInterceptedException: element click intercepted: Element <span class=\"block\">...</span> is not clickable at point (1332, 898). Other element would receive the click: <div data-v-bdeb60c3=\"\" class=\"call-notifications-component full-window window-height window-width\">...</div>\n  (Session info: chrome=140.0.7339.127)\n   at OpenQA.Selenium.WebDriver.UnpackAndThrowOnError(Response errorResponse, String commandToExecute)\n   at OpenQA.Selenium.WebDriver.ExecuteAsync(String driverCommandToExecute, Dictionary`2 parameters)\n   at OpenQA.Selenium.WebDriver.InternalExecute(String driverCommandToExecute, Dictionary`2 parameters)\n   at OpenQA.Selenium.WebElement.Click()\n   at OdinUiTests.Pages.ExamOptionsPage.__a$_around_ClickOnSubmitForReviewButton_100666934_o() in /azp/_work/1/s/Pages/ExamOptionsPage.cs:line 94\n   at OdinUiTests.Pages.ExamOptionsPage.__a$_around_ClickOnSubmitForReviewButton_100666934_u(Object[])\n   at Allure.Net.Commons.Steps.AllureAbstractStepAspect.WrapSync[T](Func`2 target, Object[] args, MethodBase metadata, String stepName, List`1 stepParameters)"
          },
          "stage": "finished",
          "steps": [],
          "attachments": [],
          "parameters": [],
          "start": 1767062805489,
          "stop": 1767062807971
        }
      ],
      "attachments": [],
      "parameters": [],
      "start": 1767062777682,
      "stop": 1767062807971
    }
  ],
  "attachments": [
    {
      "name": "CheckResultOfPassingDependOnSettings.jpg",
      "source": "fa40b67b-0d9f-46dd-973e-dc99db32791e-attachment.jpg",
      "type": "image/jpeg"
    },
    {
      "name": "Console Output",
      "source": "1f401866-1ff7-40ca-a2ec-43fef170ce76-attachment.txt",
      "type": "text/plain"
    }
  ],
  "parameters": [
    {
      "name": "actId",
      "value": "\"5209\"",
      "excluded": false
    },
    {
      "name": "evaluation",
      "value": "2",
      "excluded": false
    },
    {
      "name": "attemptSetting",
      "value": "\"lastTry\"",
      "excluded": false
    }
  ],
  "start": 1767062734889,
  "stop": 1767062808686
}