{
  "uuid": "ae4221c3-5970-4d55-9f92-38e0f10bd25a",
  "historyId": "9f70348833465ec9075236a1dac4b6b8",
  "testCaseId": "0e54ef4620af3863f8ea6c147112a5fd",
  "fullName": "OdinUiTests:OdinUiTests.Tests.Chat.GroupChatTests.CheckAddGroupChatWithUsers()",
  "labels": [
    {
      "name": "thread",
      "value": "NUnit.Fw.ParallelWorker#5"
    },
    {
      "name": "host",
      "value": "b1a20fc59d56"
    },
    {
      "name": "language",
      "value": "C#"
    },
    {
      "name": "framework",
      "value": "NUnit 3"
    },
    {
      "name": "package",
      "value": "OdinUiTests.Tests.Chat"
    },
    {
      "name": "testMethod",
      "value": "CheckAddGroupChatWithUsers"
    },
    {
      "name": "testClass",
      "value": "GroupChatTests"
    },
    {
      "name": "suite",
      "value": "Чат"
    },
    {
      "name": "subSuite",
      "value": "Групповой чат"
    },
    {
      "name": "severity",
      "value": "normal"
    },
    {
      "name": "tag",
      "value": "Чат"
    },
    {
      "name": "tag",
      "value": "Дежурство"
    },
    {
      "name": "tag",
      "value": "Регресс"
    }
  ],
  "links": [],
  "name": "Можно добавить новый групповой чат для групп и студентов",
  "status": "broken",
  "statusDetails": {
    "known": false,
    "muted": false,
    "flaky": false,
    "message": "System.Reflection.TargetInvocationException : Exception has been thrown by the target of an invocation.\n  ----> OpenQA.Selenium.WebDriverTimeoutException : Timed out after 30 seconds\n  ----> OpenQA.Selenium.NoSuchElementException : no such element: Unable to locate element: {\"method\":\"css selector\",\"selector\":\"[aria-label='Пользователи']\"}\n  (Session info: chrome=140.0.7339.127); For documentation on this error, please visit: https://www.selenium.dev/documentation/webdriver/troubleshooting/errors#no-such-element-exception",
    "trace": "   at System.Reflection.MethodBaseInvoker.InvokeWithManyArgs(Object obj, BindingFlags invokeAttr, Binder binder, Object[] parameters, CultureInfo culture)\n   at Allure.Net.Commons.Steps.AllureStepAspectBase.Around(String name, Object[] args, Func`2 target, MethodBase metadata, Type returnType)\n   at OdinUiTests.Pages.ChatCommonPage.__a$_around_FillCohortAndGroupsAndUsersField_100666377_w_0(Object[])\n   at OdinUiTests.Pages.ChatCommonPage.FillCohortAndGroupsAndUsersField(String cohortName, String groupName, String userName)\n   at OdinUiTests.Tests.Chat.ChatCommon.AddGroupChatWithUsers(IWebDriver driver, Int32 cohortId, Int32 groupId) in /azp/_work/1/s/Tests/Chat/ChatCommon.cs:line 757\n   at OdinUiTests.Tests.Chat.GroupChatTests.CheckAddGroupChatWithUsers() in /azp/_work/1/s/Tests/Chat/ChatTests.cs:line 788\n   at System.RuntimeMethodHandle.InvokeMethod(Object target, Void** arguments, Signature sig, Boolean isConstructor)\n   at System.Reflection.MethodBaseInvoker.InvokeWithNoArgs(Object obj, BindingFlags invokeAttr)\n--WebDriverTimeoutException\n   at OpenQA.Selenium.Support.UI.DefaultWait`1.ThrowTimeoutException(String exceptionMessage, Exception lastException)\n   at OpenQA.Selenium.Support.UI.DefaultWait`1.Until[TResult](Func`2 condition, CancellationToken token)\n   at OpenQA.Selenium.Support.UI.DefaultWait`1.Until[TResult](Func`2 condition)\n   at OdinUiTests.Pages.ChatCommonPage.FillContingentField(String contingent, String name) in /azp/_work/1/s/Pages/ChatCommonPage.cs:line 910\n   at OdinUiTests.Pages.ChatCommonPage.__a$_around_FillCohortAndGroupsAndUsersField_100666377_o(String cohortName, String groupName, String userName) in /azp/_work/1/s/Pages/ChatCommonPage.cs:line 935\n   at OdinUiTests.Pages.ChatCommonPage.__a$_around_FillCohortAndGroupsAndUsersField_100666377_u(Object[])\n   at Allure.Net.Commons.Steps.AllureAbstractStepAspect.WrapSync[T](Func`2 target, Object[] args, MethodBase metadata, String stepName, List`1 stepParameters)\n   at InvokeStub_AllureAbstractStepAspect.WrapSync(Object, Span`1)\n   at System.Reflection.MethodBaseInvoker.InvokeWithManyArgs(Object obj, BindingFlags invokeAttr, Binder binder, Object[] parameters, CultureInfo culture)\n--NoSuchElementException\n   at OpenQA.Selenium.WebDriver.UnpackAndThrowOnError(Response errorResponse, String commandToExecute)\n   at OpenQA.Selenium.WebDriver.ExecuteAsync(String driverCommandToExecute, Dictionary`2 parameters)\n   at SeleniumExtras.WaitHelpers.ExpectedConditions.<>c__DisplayClass19_0.<ElementToBeClickable>b__0(IWebDriver driver)\n   at OpenQA.Selenium.Support.UI.DefaultWait`1.Until[TResult](Func`2 condition, CancellationToken token)"
  },
  "stage": "finished",
  "steps": [
    {
      "name": "Открыть список чатов",
      "status": "passed",
      "statusDetails": {
        "known": false,
        "muted": false,
        "flaky": false
      },
      "stage": "finished",
      "steps": [],
      "attachments": [],
      "parameters": [],
      "start": 1762479901144,
      "stop": 1762479902351
    },
    {
      "name": "Нажать на кнопку добавления чата",
      "status": "passed",
      "statusDetails": {
        "known": false,
        "muted": false,
        "flaky": false
      },
      "stage": "finished",
      "steps": [],
      "attachments": [],
      "parameters": [],
      "start": 1762479902351,
      "stop": 1762479907154
    },
    {
      "name": "Выбрать групповой чат",
      "status": "passed",
      "statusDetails": {
        "known": false,
        "muted": false,
        "flaky": false
      },
      "stage": "finished",
      "steps": [],
      "attachments": [],
      "parameters": [],
      "start": 1762479907154,
      "stop": 1762479908752
    },
    {
      "name": "Ввести значение в поле 'Название чата' в появившемся окне",
      "status": "passed",
      "stage": "finished",
      "steps": [],
      "attachments": [],
      "parameters": [],
      "start": 1762479908753,
      "stop": 1762479909764
    },
    {
      "name": "Заполнить поля 'Поток', 'Группы', 'Пользователи'",
      "status": "broken",
      "statusDetails": {
        "known": false,
        "muted": false,
        "flaky": false,
        "message": "Timed out after 30 seconds",
        "trace": "OpenQA.Selenium.WebDriverTimeoutException: Timed out after 30 seconds\n ---> OpenQA.Selenium.NoSuchElementException: no such element: Unable to locate element: {\"method\":\"css selector\",\"selector\":\"[aria-label='Пользователи']\"}\n  (Session info: chrome=140.0.7339.127); For documentation on this error, please visit: https://www.selenium.dev/documentation/webdriver/troubleshooting/errors#no-such-element-exception\n   at OpenQA.Selenium.WebDriver.UnpackAndThrowOnError(Response errorResponse, String commandToExecute)\n   at OpenQA.Selenium.WebDriver.ExecuteAsync(String driverCommandToExecute, Dictionary`2 parameters)\n   at SeleniumExtras.WaitHelpers.ExpectedConditions.<>c__DisplayClass19_0.<ElementToBeClickable>b__0(IWebDriver driver)\n   at OpenQA.Selenium.Support.UI.DefaultWait`1.Until[TResult](Func`2 condition, CancellationToken token)\n   --- End of inner exception stack trace ---\n   at OpenQA.Selenium.Support.UI.DefaultWait`1.ThrowTimeoutException(String exceptionMessage, Exception lastException)\n   at OpenQA.Selenium.Support.UI.DefaultWait`1.Until[TResult](Func`2 condition, CancellationToken token)\n   at OpenQA.Selenium.Support.UI.DefaultWait`1.Until[TResult](Func`2 condition)\n   at OdinUiTests.Pages.ChatCommonPage.FillContingentField(String contingent, String name) in /azp/_work/1/s/Pages/ChatCommonPage.cs:line 910\n   at OdinUiTests.Pages.ChatCommonPage.__a$_around_FillCohortAndGroupsAndUsersField_100666377_o(String cohortName, String groupName, String userName) in /azp/_work/1/s/Pages/ChatCommonPage.cs:line 935\n   at OdinUiTests.Pages.ChatCommonPage.__a$_around_FillCohortAndGroupsAndUsersField_100666377_u(Object[])\n   at Allure.Net.Commons.Steps.AllureAbstractStepAspect.WrapSync[T](Func`2 target, Object[] args, MethodBase metadata, String stepName, List`1 stepParameters)"
      },
      "stage": "finished",
      "steps": [],
      "attachments": [],
      "parameters": [
        {
          "name": "cohortName",
          "value": "\"23-09 Первый поток\"",
          "excluded": false
        },
        {
          "name": "groupName",
          "value": "\"Группа для удаления\"",
          "excluded": false
        },
        {
          "name": "userName",
          "value": "\"Садаков Денис\"",
          "excluded": false
        }
      ],
      "start": 1762479909765,
      "stop": 1762479948878
    }
  ],
  "attachments": [
    {
      "name": "CheckAddGroupChatWithUsers.jpg",
      "source": "8fe3c2d2-e49d-4d3a-a075-40f4bc0b8deb-attachment.jpg",
      "type": "image/jpeg"
    },
    {
      "name": "Console Output",
      "source": "c26a461b-2f49-4f60-9b57-9cc930f0debc-attachment.txt",
      "type": "text/plain"
    }
  ],
  "parameters": [],
  "start": 1762479878282,
  "stop": 1762479949962
}