{
  "uuid": "35b25020-b64e-4a55-b191-e48ea35b270b",
  "historyId": "d22250085e84efaaf5070bd8213be238",
  "testCaseId": "e760292ff1486657dd8f27e3c7910afb",
  "fullName": "OdinUiTests:OdinUiTests.Tests.Cohort.CohortCreationTests.CheckCreateCohortFromTemplateWhenAllRequiredFieldsAreFilled(System.Int32,System.String)",
  "labels": [
    {
      "name": "thread",
      "value": "NUnit.Fw.ParallelWorker#8"
    },
    {
      "name": "host",
      "value": "2abff2a3aa6e"
    },
    {
      "name": "language",
      "value": "C#"
    },
    {
      "name": "framework",
      "value": "NUnit 3"
    },
    {
      "name": "package",
      "value": "OdinUiTests.Tests.Cohort"
    },
    {
      "name": "testMethod",
      "value": "CheckCreateCohortFromTemplateWhenAllRequiredFieldsAreFilled"
    },
    {
      "name": "testClass",
      "value": "CohortCreationTests"
    },
    {
      "name": "suite",
      "value": "Поток"
    },
    {
      "name": "subSuite",
      "value": "Создание потока"
    },
    {
      "name": "severity",
      "value": "normal"
    },
    {
      "name": "tag",
      "value": "Дежурство"
    },
    {
      "name": "tag",
      "value": "Поток"
    },
    {
      "name": "tag",
      "value": "Регресс"
    }
  ],
  "links": [],
  "name": "Создание потока ДО: можно создать поток из шаблона, если все обязательные поля корректно заполнены",
  "status": "broken",
  "statusDetails": {
    "known": false,
    "muted": false,
    "flaky": false,
    "message": "System.Reflection.TargetInvocationException : Exception has been thrown by the target of an invocation.\n  ----> OpenQA.Selenium.WebDriverTimeoutException : Timed out after 30 seconds\n  ----> OpenQA.Selenium.NoSuchElementException : no such element: Unable to locate element: {\"method\":\"css selector\",\"selector\":\".cohort-info .page-title\"}\n  (Session info: chrome=140.0.7339.127); For documentation on this error, please visit: https://www.selenium.dev/documentation/webdriver/troubleshooting/errors#no-such-element-exception",
    "trace": "   at System.Reflection.MethodBaseInvoker.InvokeWithManyArgs(Object obj, BindingFlags invokeAttr, Binder binder, Object[] parameters, CultureInfo culture)\n   at Allure.Net.Commons.Steps.AllureStepAspectBase.Around(String name, Object[] args, Func`2 target, MethodBase metadata, Type returnType)\n   at OdinUiTests.Pages.CohortInfoPage.__a$_around_CheckSuccessOfCohortCreationFromTemplate_100666593_w_0(Object[])\n   at OdinUiTests.Pages.CohortInfoPage.CheckSuccessOfCohortCreationFromTemplate(String cohortTitle, Object templateInfo)\n   at CallSite.Target(Closure, CallSite, CohortInfoPage, String, Object)\n   at System.Dynamic.UpdateDelegates.UpdateAndExecute3[T0,T1,T2,TRet](CallSite site, T0 arg0, T1 arg1, T2 arg2)\n   at OdinUiTests.Tests.Cohort.CohortCreationTests.CheckCreateCohortFromTemplateWhenAllRequiredFieldsAreFilled(Int32 templateId, String programId) in /azp/_work/1/s/Tests/Cohort/CohortCreateEditTests.cs:line 86\n   at System.RuntimeMethodHandle.InvokeMethod(Object target, Void** arguments, Signature sig, Boolean isConstructor)\n   at System.Reflection.MethodBaseInvoker.InvokeDirectByRefWithFewArgs(Object obj, Span`1 copyOfArgs, BindingFlags invokeAttr)\n--WebDriverTimeoutException\n   at OpenQA.Selenium.Support.UI.DefaultWait`1.ThrowTimeoutException(String exceptionMessage, Exception lastException)\n   at OpenQA.Selenium.Support.UI.DefaultWait`1.Until[TResult](Func`2 condition, CancellationToken token)\n   at OpenQA.Selenium.Support.UI.DefaultWait`1.Until[TResult](Func`2 condition)\n   at OdinUiTests.Pages.CohortInfoPage.__a$_around_CheckSuccessOfCohortCreationFromTemplate_100666593_o(String cohortTitle, Object templateInfo) in /azp/_work/1/s/Pages/CohortInfoPage.cs:line 450\n   at OdinUiTests.Pages.CohortInfoPage.__a$_around_CheckSuccessOfCohortCreationFromTemplate_100666593_u(Object[])\n   at Allure.Net.Commons.Steps.AllureAbstractStepAspect.WrapSync[T](Func`2 target, Object[] args, MethodBase metadata, String stepName, List`1 stepParameters)\n   at InvokeStub_AllureAbstractStepAspect.WrapSync(Object, Span`1)\n   at System.Reflection.MethodBaseInvoker.InvokeWithManyArgs(Object obj, BindingFlags invokeAttr, Binder binder, Object[] parameters, CultureInfo culture)\n--NoSuchElementException\n   at OpenQA.Selenium.WebDriver.UnpackAndThrowOnError(Response errorResponse, String commandToExecute)\n   at OpenQA.Selenium.WebDriver.ExecuteAsync(String driverCommandToExecute, Dictionary`2 parameters)\n   at SeleniumExtras.WaitHelpers.ExpectedConditions.<>c__DisplayClass19_0.<ElementToBeClickable>b__0(IWebDriver driver)\n   at OpenQA.Selenium.Support.UI.DefaultWait`1.Until[TResult](Func`2 condition, CancellationToken token)"
  },
  "stage": "finished",
  "steps": [
    {
      "name": "Открыть страницу создания потока",
      "status": "passed",
      "statusDetails": {
        "known": false,
        "muted": false,
        "flaky": false
      },
      "stage": "finished",
      "steps": [],
      "attachments": [],
      "parameters": [
        {
          "name": "programId",
          "value": "\"3228\"",
          "excluded": false
        }
      ],
      "start": 1768537525318,
      "stop": 1768537525906
    },
    {
      "name": "Нажать на кнопку 'Выбрать шаблон'",
      "status": "passed",
      "statusDetails": {
        "known": false,
        "muted": false,
        "flaky": false
      },
      "stage": "finished",
      "steps": [],
      "attachments": [],
      "parameters": [],
      "start": 1768537525907,
      "stop": 1768537533227
    },
    {
      "name": "Найти и выбрать шаблон программы по названию",
      "status": "passed",
      "statusDetails": {
        "known": false,
        "muted": false,
        "flaky": false
      },
      "stage": "finished",
      "steps": [],
      "attachments": [],
      "parameters": [
        {
          "name": "templateName",
          "value": "\"Программа ДО 2022 (Активности)\"",
          "excluded": false
        }
      ],
      "start": 1768537538425,
      "stop": 1768537556532
    },
    {
      "name": "Вставить значение в поле 'Название'",
      "status": "passed",
      "stage": "finished",
      "steps": [],
      "attachments": [],
      "parameters": [],
      "start": 1768537556532,
      "stop": 1768537562713
    },
    {
      "name": "Выбрать значение в поле 'Дата начала'",
      "status": "passed",
      "stage": "finished",
      "steps": [],
      "attachments": [],
      "parameters": [],
      "start": 1768537562713,
      "stop": 1768537574703
    },
    {
      "name": "Выбрать значение в поле 'Дата окончания'",
      "status": "passed",
      "stage": "finished",
      "steps": [],
      "attachments": [],
      "parameters": [],
      "start": 1768537574703,
      "stop": 1768537586750
    },
    {
      "name": "Нажать на кнопку 'Сохранить'",
      "status": "passed",
      "statusDetails": {
        "known": false,
        "muted": false,
        "flaky": false
      },
      "stage": "finished",
      "steps": [],
      "attachments": [],
      "parameters": [],
      "start": 1768537586750,
      "stop": 1768537586895
    },
    {
      "name": "Проверка корректности создания потока из шаблона",
      "status": "broken",
      "statusDetails": {
        "known": false,
        "muted": false,
        "flaky": false,
        "message": "Timed out after 30 seconds",
        "trace": "OpenQA.Selenium.WebDriverTimeoutException: Timed out after 30 seconds\n ---> OpenQA.Selenium.NoSuchElementException: no such element: Unable to locate element: {\"method\":\"css selector\",\"selector\":\".cohort-info .page-title\"}\n  (Session info: chrome=140.0.7339.127); For documentation on this error, please visit: https://www.selenium.dev/documentation/webdriver/troubleshooting/errors#no-such-element-exception\n   at OpenQA.Selenium.WebDriver.UnpackAndThrowOnError(Response errorResponse, String commandToExecute)\n   at OpenQA.Selenium.WebDriver.ExecuteAsync(String driverCommandToExecute, Dictionary`2 parameters)\n   at SeleniumExtras.WaitHelpers.ExpectedConditions.<>c__DisplayClass19_0.<ElementToBeClickable>b__0(IWebDriver driver)\n   at OpenQA.Selenium.Support.UI.DefaultWait`1.Until[TResult](Func`2 condition, CancellationToken token)\n   --- End of inner exception stack trace ---\n   at OpenQA.Selenium.Support.UI.DefaultWait`1.ThrowTimeoutException(String exceptionMessage, Exception lastException)\n   at OpenQA.Selenium.Support.UI.DefaultWait`1.Until[TResult](Func`2 condition, CancellationToken token)\n   at OpenQA.Selenium.Support.UI.DefaultWait`1.Until[TResult](Func`2 condition)\n   at OdinUiTests.Pages.CohortInfoPage.__a$_around_CheckSuccessOfCohortCreationFromTemplate_100666593_o(String cohortTitle, Object templateInfo) in /azp/_work/1/s/Pages/CohortInfoPage.cs:line 450\n   at OdinUiTests.Pages.CohortInfoPage.__a$_around_CheckSuccessOfCohortCreationFromTemplate_100666593_u(Object[])\n   at Allure.Net.Commons.Steps.AllureAbstractStepAspect.WrapSync[T](Func`2 target, Object[] args, MethodBase metadata, String stepName, List`1 stepParameters)"
      },
      "stage": "finished",
      "steps": [],
      "attachments": [],
      "parameters": [
        {
          "name": "cohortTitle",
          "value": "\"31374A7C5655G8B\"",
          "excluded": false
        },
        {
          "name": "templateInfo",
          "value": "{\"entity\":{\"id\":1779,\"permissions\":{\"canEdit\":true,\"canCreateLot\":true,\"canRemoveLot\":false},\"contentInfo\":{\"id\":697185,\"name\":\"Программа ДО 2022 (Активности)\",\"description\":\"Используется для автотестирования, пожалуйста, не редактируйте!\",\"authors\":[{\"userInfo\":{\"id\":32,\"firstName\":\"Антон\",\"lastName\":\"Антонов\",\"photoUrl\":\"https://storage.yandexcloud.net/odin-storage-public/9e48adc0-0cb8-42b8-b741-fda50c16ddf1.JPG\"},\"isCreator\":false},{\"userInfo\":{\"id\":23,\"firstName\":\"Антон\",\"lastName\":\"Макаренко\",\"photoUrl\":\"https://storage.yandexcloud.net/odin-storage-public/5440c9d2-9392-46a3-87ba-ee794332bffd.JPG\"},\"isCreator\":true}],\"labels\":[],\"knowledgeTags\":[],\"rating\":{\"currentMark\":0,\"rating\":0.0,\"canRate\":true,\"marksCount\":0}},\"isAdditionalEducation\":true,\"createDateTime\":\"2022-07-13T13:14:35.904342\",\"modifyDateTime\":\"2022-10-05T15:02:35.704951\",\"disciplinePlan\":[{\"id\":14267,\"contentId\":434129,\"name\":\"1-й поток\",\"order\":2},{\"id\":14268,\"contentId\":434141,\"name\":\"Новые материалы библиотек\",\"order\":3},{\"id\":14269,\"contentId\":434143,\"name\":\"Шаблон дисциплины с ИОТ\",\"order\":4}],\"basedCohorts\":[{\"id\":10381,\"text\":\"Поток август 2022\",\"canView\":true},{\"id\":69072,\"text\":\"18C3A90FECF5ED4\",\"canView\":true}],\"breadcrumbs\":[{\"routePage\":49,\"entityId\":1,\"text\":\"ТестГУ\"},{\"routePage\":55,\"entityId\":1,\"text\":\"HITs\"},{\"routePage\":13,\"entityId\":342,\"text\":\"Библиотека подразделения \\\"HITs\\\"\"}],\"libraryDirectoriesUsedIn\":[{\"libraryId\":342,\"directoryId\":1013,\"name\":\"Высшая IT школа\"},{\"libraryId\":18927,\"directoryId\":18597,\"name\":\"Тестовая Мария Сергеевна\"}]},\"isSuccess\":true,\"httpStatusCode\":200,\"errors\":[]}",
          "excluded": false
        }
      ],
      "start": 1768537586898,
      "stop": 1768537617354
    }
  ],
  "attachments": [
    {
      "name": "CheckCreateCohortFromTemplateWhenAllRequiredFieldsAreFilled.jpg",
      "source": "7ac289cd-09c2-42ab-806e-19d24e78570b-attachment.jpg",
      "type": "image/jpeg"
    },
    {
      "name": "Console Output",
      "source": "04c1a193-c65f-493e-bb31-a23d1f891bd9-attachment.txt",
      "type": "text/plain"
    }
  ],
  "parameters": [
    {
      "name": "templateId",
      "value": "697185",
      "excluded": false
    },
    {
      "name": "programId",
      "value": "\"3228\"",
      "excluded": false
    }
  ],
  "start": 1768537524931,
  "stop": 1768537622801
}