{
  "uuid": "9744656a-3500-4496-8aa2-b9bf0e285f58",
  "historyId": "c8de54bc68248acb35029ac646eca618",
  "testCaseId": "2a5dd3e1e470b998019cd5ea5ebdf7a6",
  "fullName": "OdinUiTests:OdinUiTests.Tests.Activity.TestActivityEditingTests.CheckChangeSelectionOfCheckboxDisplayingDetailedResult()",
  "labels": [
    {
      "name": "thread",
      "value": "NUnit.Fw.ParallelWorker#7"
    },
    {
      "name": "host",
      "value": "069ef008cfeb"
    },
    {
      "name": "language",
      "value": "C#"
    },
    {
      "name": "framework",
      "value": "NUnit 3"
    },
    {
      "name": "package",
      "value": "OdinUiTests.Tests.Activity"
    },
    {
      "name": "testMethod",
      "value": "CheckChangeSelectionOfCheckboxDisplayingDetailedResult"
    },
    {
      "name": "testClass",
      "value": "TestActivityEditingTests"
    },
    {
      "name": "parentSuite",
      "value": "Активность"
    },
    {
      "name": "suite",
      "value": "Контрольная"
    },
    {
      "name": "subSuite",
      "value": "Редактирование контрольной"
    },
    {
      "name": "severity",
      "value": "critical"
    },
    {
      "name": "tag",
      "value": "Активность"
    },
    {
      "name": "tag",
      "value": "Дежурство"
    },
    {
      "name": "tag",
      "value": "Регресс"
    }
  ],
  "links": [],
  "name": "Можно отметить/снять галку с чекбокса Отображать студентам подробную информацию о результатах",
  "status": "broken",
  "statusDetails": {
    "known": false,
    "muted": false,
    "flaky": false,
    "message": "OpenQA.Selenium.WebDriverTimeoutException : Timed out after 30 seconds\n  ----> OpenQA.Selenium.NoSuchElementException : no such element: Unable to locate element: {\"method\":\"xpath\",\"selector\":\"//*[contains(text(),'Редактировать')]\"}\n  (Session info: chrome=145.0.7632.45); For documentation on this error, please visit: https://www.selenium.dev/documentation/webdriver/troubleshooting/errors#no-such-element-exception",
    "trace": "   at OpenQA.Selenium.Support.UI.DefaultWait`1.ThrowTimeoutException(String exceptionMessage, Exception lastException)\n   at OpenQA.Selenium.Support.UI.DefaultWait`1.Until[TResult](Func`2 condition, CancellationToken token)\n   at OdinUiTests.Pages.ActivityCommonPage.<>c__DisplayClass124_0.<CheckSelectionOfCheckboxIsChanged>b__0() in /azp/_work/1/s/Pages/ActivityCommonPage.cs:line 783\n   at Allure.Net.Commons.AllureApi.ExecuteAction[T](String name, Action`1 start, Func`1 action, Action`1 resolve)\n   at Allure.Net.Commons.AllureApi.Step(String name, Action action)\n   at OdinUiTests.Pages.ActivityCommonPage.CheckSelectionOfCheckboxIsChanged(Boolean answersEnabled, Boolean isTemplate) in /azp/_work/1/s/Pages/ActivityCommonPage.cs:line 780\n   at OdinUiTests.Tests.Activity.ActivityCommon.EditSelectionOfDetailedResultCheckbox(IWebDriver driver, Boolean isTemplate, String id, Boolean answersEnabled) in /azp/_work/1/s/Tests/Activity/ActivityCommon.cs:line 336\n   at OdinUiTests.Tests.Activity.ActivityCommon.EditSelectionOfDetailedResultCheckboxInActivity(IWebDriver driver, String activityId) in /azp/_work/1/s/Tests/Activity/ActivityCommon.cs:line 346\n   at OdinUiTests.Tests.Activity.TestActivityEditingTests.CheckChangeSelectionOfCheckboxDisplayingDetailedResult() in /azp/_work/1/s/Tests/Activity/TestActivityTests.cs:line 243\n   at System.RuntimeMethodHandle.InvokeMethod(ObjectHandleOnStack target, Void** arguments, ObjectHandleOnStack sig, BOOL isConstructor, ObjectHandleOnStack result)\n   at System.Reflection.MethodBaseInvoker.InvokeWithNoArgs(Object obj, BindingFlags invokeAttr)\n--NoSuchElementException\n   at OpenQA.Selenium.WebDriver.UnpackAndThrowOnError(Response errorResponse, String commandToExecute)\n   at OpenQA.Selenium.WebDriver.ExecuteAsync(String driverCommandToExecute, Dictionary`2 parameters)\n   at SeleniumExtras.WaitHelpers.ExpectedConditions.<>c__DisplayClass19_0.<ElementToBeClickable>b__0(IWebDriver driver)\n   at OpenQA.Selenium.Support.UI.DefaultWait`1.Until[TResult](Func`2 condition, CancellationToken token)"
  },
  "stage": "finished",
  "steps": [
    {
      "name": "Открыть страницу редактирования активности",
      "status": "passed",
      "statusDetails": {
        "known": false,
        "muted": false,
        "flaky": false
      },
      "stage": "finished",
      "steps": [
        {
          "name": "Открыть страницу редактирования активности",
          "status": "passed",
          "statusDetails": {
            "known": false,
            "muted": false,
            "flaky": false
          },
          "stage": "finished",
          "steps": [],
          "attachments": [],
          "parameters": [
            {
              "name": "activityId",
              "value": "\"94\"",
              "excluded": false
            }
          ],
          "start": 1771397540548,
          "stop": 1771397540809
        }
      ],
      "attachments": [],
      "parameters": [
        {
          "name": "isTemplate",
          "value": "false",
          "excluded": false
        },
        {
          "name": "id",
          "value": "\"94\"",
          "excluded": false
        }
      ],
      "start": 1771397540548,
      "stop": 1771397540809
    },
    {
      "name": "Снять галку с чекбокса 'Отображать студентам подробную информацию о результатах'",
      "status": "passed",
      "statusDetails": {
        "known": false,
        "muted": false,
        "flaky": false
      },
      "stage": "finished",
      "steps": [],
      "attachments": [],
      "parameters": [],
      "start": 1771397540810,
      "stop": 1771397546868
    },
    {
      "name": "Нажать на кнопку ‘Сохранить’",
      "status": "passed",
      "statusDetails": {
        "known": false,
        "muted": false,
        "flaky": false
      },
      "stage": "finished",
      "steps": [
        {
          "name": "Нажать на кнопку 'Сохранить' и подтвердить сохранение",
          "status": "passed",
          "statusDetails": {
            "known": false,
            "muted": false,
            "flaky": false
          },
          "stage": "finished",
          "steps": [],
          "attachments": [],
          "parameters": [],
          "start": 1771397546868,
          "stop": 1771397552408
        }
      ],
      "attachments": [],
      "parameters": [
        {
          "name": "isTemplate",
          "value": "false",
          "excluded": false
        }
      ],
      "start": 1771397546868,
      "stop": 1771397552408
    },
    {
      "name": "Проверка того, что на странице активности не отображается блок о настройке подробной информации о результатах",
      "status": "broken",
      "statusDetails": {
        "known": false,
        "muted": false,
        "flaky": false,
        "message": "Timed out after 30 seconds",
        "trace": "OpenQA.Selenium.WebDriverTimeoutException: Timed out after 30 seconds\n ---> OpenQA.Selenium.NoSuchElementException: no such element: Unable to locate element: {\"method\":\"xpath\",\"selector\":\"//*[contains(text(),'Редактировать')]\"}\n  (Session info: chrome=145.0.7632.45); For documentation on this error, please visit: https://www.selenium.dev/documentation/webdriver/troubleshooting/errors#no-such-element-exception\n   at OpenQA.Selenium.WebDriver.UnpackAndThrowOnError(Response errorResponse, String commandToExecute)\n   at OpenQA.Selenium.WebDriver.ExecuteAsync(String driverCommandToExecute, Dictionary`2 parameters)\n   at SeleniumExtras.WaitHelpers.ExpectedConditions.<>c__DisplayClass19_0.<ElementToBeClickable>b__0(IWebDriver driver)\n   at OpenQA.Selenium.Support.UI.DefaultWait`1.Until[TResult](Func`2 condition, CancellationToken token)\n   --- End of inner exception stack trace ---\n   at OpenQA.Selenium.Support.UI.DefaultWait`1.ThrowTimeoutException(String exceptionMessage, Exception lastException)\n   at OpenQA.Selenium.Support.UI.DefaultWait`1.Until[TResult](Func`2 condition, CancellationToken token)\n   at OdinUiTests.Pages.ActivityCommonPage.<>c__DisplayClass124_0.<CheckSelectionOfCheckboxIsChanged>b__0() in /azp/_work/1/s/Pages/ActivityCommonPage.cs:line 783\n   at Allure.Net.Commons.AllureApi.ExecuteAction[T](String name, Action`1 start, Func`1 action, Action`1 resolve)\n   at Allure.Net.Commons.AllureApi.Step(String name, Action action)\n   at OdinUiTests.Pages.ActivityCommonPage.CheckSelectionOfCheckboxIsChanged(Boolean answersEnabled, Boolean isTemplate) in /azp/_work/1/s/Pages/ActivityCommonPage.cs:line 780\n   at OdinUiTests.Tests.Activity.ActivityCommon.EditSelectionOfDetailedResultCheckbox(IWebDriver driver, Boolean isTemplate, String id, Boolean answersEnabled) in /azp/_work/1/s/Tests/Activity/ActivityCommon.cs:line 336\n   at OdinUiTests.Tests.Activity.ActivityCommon.EditSelectionOfDetailedResultCheckboxInActivity(IWebDriver driver, String activityId) in /azp/_work/1/s/Tests/Activity/ActivityCommon.cs:line 346\n   at OdinUiTests.Tests.Activity.TestActivityEditingTests.CheckChangeSelectionOfCheckboxDisplayingDetailedResult() in /azp/_work/1/s/Tests/Activity/TestActivityTests.cs:line 243"
      },
      "stage": "finished",
      "steps": [],
      "attachments": [],
      "parameters": [],
      "start": 1771397552408,
      "stop": 1771397582839
    }
  ],
  "attachments": [
    {
      "name": "CheckChangeSelectionOfCheckboxDisplayingDetailedResult.jpg",
      "source": "9cef650a-7c2a-4697-8df8-78261d167cd0-attachment.jpg",
      "type": "image/jpeg"
    },
    {
      "name": "Console Output",
      "source": "bc6dd111-a0e7-47fd-ab15-81c1c0483864-attachment.txt",
      "type": "text/plain"
    }
  ],
  "parameters": [],
  "start": 1771397539472,
  "stop": 1771397583003
}