{
  "uuid": "40e4b30c-b058-4c47-871a-f719009e3b98",
  "historyId": "7a923c8689c846b1c56a0b18108898b9",
  "testCaseId": "8109f79a95a06913e5898c2d07d43da5",
  "fullName": "OdinUiTests:OdinUiTests.Tests.Activity.TestTemplateEditingTests.CheckErrorInEditingNumOfAttemptsWithIncorrectValue(System.String)",
  "labels": [
    {
      "name": "thread",
      "value": "NUnit.Fw.ParallelWorker#7"
    },
    {
      "name": "host",
      "value": "a7cc7c2f65f9"
    },
    {
      "name": "language",
      "value": "C#"
    },
    {
      "name": "framework",
      "value": "NUnit 3"
    },
    {
      "name": "package",
      "value": "OdinUiTests.Tests.Activity"
    },
    {
      "name": "testMethod",
      "value": "CheckErrorInEditingNumOfAttemptsWithIncorrectValue"
    },
    {
      "name": "testClass",
      "value": "TestTemplateEditingTests"
    },
    {
      "name": "parentSuite",
      "value": "Активность"
    },
    {
      "name": "suite",
      "value": "Шаблон активности контрольной"
    },
    {
      "name": "subSuite",
      "value": "Редактирование шаблона контрольной"
    },
    {
      "name": "severity",
      "value": "normal"
    },
    {
      "name": "tag",
      "value": "Активность"
    },
    {
      "name": "tag",
      "value": "Дежурство"
    },
    {
      "name": "tag",
      "value": "Регресс"
    }
  ],
  "links": [],
  "name": "Ошибка валидации в поле Количество попыток сдачи, если введено отрицательное значение",
  "status": "broken",
  "statusDetails": {
    "known": false,
    "muted": false,
    "flaky": false,
    "message": "OpenQA.Selenium.WebDriverTimeoutException : Timed out after 30 seconds\n  ----> OpenQA.Selenium.NoSuchElementException : no such element: Unable to locate element: {\"method\":\"xpath\",\"selector\":\"//input[contains(@aria-label,'Количество попыток')]\"}\n  (Session info: chrome=140.0.7339.127); For documentation on this error, please visit: https://www.selenium.dev/documentation/webdriver/troubleshooting/errors#no-such-element-exception",
    "trace": "   at OpenQA.Selenium.Support.UI.DefaultWait`1.ThrowTimeoutException(String exceptionMessage, Exception lastException)\n   at OpenQA.Selenium.Support.UI.DefaultWait`1.Until[TResult](Func`2 condition, CancellationToken token)\n   at OpenQA.Selenium.Support.UI.DefaultWait`1.Until[TResult](Func`2 condition)\n   at OdinUiTests.Services.CommonService.ClearValuesInDigitInputFields(IWebDriver driver, By selector) in /azp/_work/1/s/Services/CommonService.cs:line 427\n   at OdinUiTests.Pages.ActivityCommonEditPage.<>c__DisplayClass108_0.<EditValueInAttemptsField>b__0() in /azp/_work/1/s/Pages/ActivityCommonEditPage.cs:line 485\n   at Allure.Net.Commons.AllureApi.ExecuteAction[T](String name, Action`1 start, Func`1 action, Action`1 resolve)\n   at Allure.Net.Commons.AllureApi.Step(String name, Action action)\n   at OdinUiTests.Pages.ActivityCommonEditPage.EditValueInAttemptsField(String attempt) in /azp/_work/1/s/Pages/ActivityCommonEditPage.cs:line 483\n   at OdinUiTests.Tests.Activity.ActivityCommon.EditAttemptsWithIncorrectValue(IWebDriver driver, Boolean isTemplate, String id, String attempt) in /azp/_work/1/s/Tests/Activity/ActivityCommon.cs:line 185\n   at OdinUiTests.Tests.Activity.ActivityCommon.EditAttemptsWithIncorrectValueInActivityPlan(IWebDriver driver, String contentId, String attempt) in /azp/_work/1/s/Tests/Activity/ActivityCommon.cs:line 197\n   at OdinUiTests.Tests.Activity.TestTemplateEditingTests.CheckErrorInEditingNumOfAttemptsWithIncorrectValue(String attempt) in /azp/_work/1/s/Tests/Activity/TestTemplateTests.cs:line 124\n   at System.RuntimeMethodHandle.InvokeMethod(Object target, Void** arguments, Signature sig, Boolean isConstructor)\n   at System.Reflection.MethodBaseInvoker.InvokeDirectByRefWithFewArgs(Object obj, Span`1 copyOfArgs, BindingFlags invokeAttr)\n--NoSuchElementException\n   at OpenQA.Selenium.WebDriver.UnpackAndThrowOnError(Response errorResponse, String commandToExecute)\n   at OpenQA.Selenium.WebDriver.ExecuteAsync(String driverCommandToExecute, Dictionary`2 parameters)\n   at SeleniumExtras.WaitHelpers.ExpectedConditions.<>c__DisplayClass19_0.<ElementToBeClickable>b__0(IWebDriver driver)\n   at OpenQA.Selenium.Support.UI.DefaultWait`1.Until[TResult](Func`2 condition, CancellationToken token)"
  },
  "stage": "finished",
  "steps": [
    {
      "name": "Открыть страницу редактирования активности",
      "status": "passed",
      "statusDetails": {
        "known": false,
        "muted": false,
        "flaky": false
      },
      "stage": "finished",
      "steps": [
        {
          "name": "Открыть страницу редактирования шаблона активности",
          "status": "passed",
          "statusDetails": {
            "known": false,
            "muted": false,
            "flaky": false
          },
          "stage": "finished",
          "steps": [],
          "attachments": [],
          "parameters": [
            {
              "name": "contentId",
              "value": "\"58205\"",
              "excluded": false
            }
          ],
          "start": 1766133748541,
          "stop": 1766133749478
        }
      ],
      "attachments": [],
      "parameters": [
        {
          "name": "isTemplate",
          "value": "true",
          "excluded": false
        },
        {
          "name": "id",
          "value": "\"58205\"",
          "excluded": false
        }
      ],
      "start": 1766133748541,
      "stop": 1766133749478
    },
    {
      "name": "В поле 'Количество попыток сдачи' ввести значение -359",
      "status": "broken",
      "statusDetails": {
        "known": false,
        "muted": false,
        "flaky": false,
        "message": "Timed out after 30 seconds",
        "trace": "OpenQA.Selenium.WebDriverTimeoutException: Timed out after 30 seconds\n ---> OpenQA.Selenium.NoSuchElementException: no such element: Unable to locate element: {\"method\":\"xpath\",\"selector\":\"//input[contains(@aria-label,'Количество попыток')]\"}\n  (Session info: chrome=140.0.7339.127); For documentation on this error, please visit: https://www.selenium.dev/documentation/webdriver/troubleshooting/errors#no-such-element-exception\n   at OpenQA.Selenium.WebDriver.UnpackAndThrowOnError(Response errorResponse, String commandToExecute)\n   at OpenQA.Selenium.WebDriver.ExecuteAsync(String driverCommandToExecute, Dictionary`2 parameters)\n   at SeleniumExtras.WaitHelpers.ExpectedConditions.<>c__DisplayClass19_0.<ElementToBeClickable>b__0(IWebDriver driver)\n   at OpenQA.Selenium.Support.UI.DefaultWait`1.Until[TResult](Func`2 condition, CancellationToken token)\n   --- End of inner exception stack trace ---\n   at OpenQA.Selenium.Support.UI.DefaultWait`1.ThrowTimeoutException(String exceptionMessage, Exception lastException)\n   at OpenQA.Selenium.Support.UI.DefaultWait`1.Until[TResult](Func`2 condition, CancellationToken token)\n   at OpenQA.Selenium.Support.UI.DefaultWait`1.Until[TResult](Func`2 condition)\n   at OdinUiTests.Services.CommonService.ClearValuesInDigitInputFields(IWebDriver driver, By selector) in /azp/_work/1/s/Services/CommonService.cs:line 427\n   at OdinUiTests.Pages.ActivityCommonEditPage.<>c__DisplayClass108_0.<EditValueInAttemptsField>b__0() in /azp/_work/1/s/Pages/ActivityCommonEditPage.cs:line 485\n   at Allure.Net.Commons.AllureApi.ExecuteAction[T](String name, Action`1 start, Func`1 action, Action`1 resolve)\n   at Allure.Net.Commons.AllureApi.Step(String name, Action action)\n   at OdinUiTests.Pages.ActivityCommonEditPage.EditValueInAttemptsField(String attempt) in /azp/_work/1/s/Pages/ActivityCommonEditPage.cs:line 483\n   at OdinUiTests.Tests.Activity.ActivityCommon.EditAttemptsWithIncorrectValue(IWebDriver driver, Boolean isTemplate, String id, String attempt) in /azp/_work/1/s/Tests/Activity/ActivityCommon.cs:line 185\n   at OdinUiTests.Tests.Activity.ActivityCommon.EditAttemptsWithIncorrectValueInActivityPlan(IWebDriver driver, String contentId, String attempt) in /azp/_work/1/s/Tests/Activity/ActivityCommon.cs:line 197\n   at OdinUiTests.Tests.Activity.TestTemplateEditingTests.CheckErrorInEditingNumOfAttemptsWithIncorrectValue(String attempt) in /azp/_work/1/s/Tests/Activity/TestTemplateTests.cs:line 124\n   at System.RuntimeMethodHandle.InvokeMethod(Object target, Void** arguments, Signature sig, Boolean isConstructor)\n   at System.Reflection.MethodBaseInvoker.InvokeDirectByRefWithFewArgs(Object obj, Span`1 copyOfArgs, BindingFlags invokeAttr)"
      },
      "stage": "finished",
      "steps": [],
      "attachments": [],
      "parameters": [],
      "start": 1766133749478,
      "stop": 1766133785086
    }
  ],
  "attachments": [
    {
      "name": "CheckErrorInEditingNumOfAttemptsWithIncorrectValue.jpg",
      "source": "3a97ab53-273a-4c0e-b557-047258ef4a56-attachment.jpg",
      "type": "image/jpeg"
    },
    {
      "name": "Console Output",
      "source": "90100c02-616e-49cd-b9e4-dc486d67fcb2-attachment.txt",
      "type": "text/plain"
    }
  ],
  "parameters": [
    {
      "name": "attempt",
      "value": "\"<0\"",
      "excluded": false
    }
  ],
  "start": 1766133748540,
  "stop": 1766133785285
}