{
  "uuid": "5cccc299-e9e4-40e8-896e-cb441e949183",
  "historyId": "a0cf81448d30c935df1d00727266a553",
  "testCaseId": "da3d242ca896262469208e4cb9f15857",
  "fullName": "OdinUiTests:OdinUiTests.Tests.Exams.ExamCreateEditTests.ErrorDeleteExam()",
  "labels": [
    {
      "name": "thread",
      "value": "NUnit.Fw.ParallelWorker#3"
    },
    {
      "name": "host",
      "value": "98db051f86ab"
    },
    {
      "name": "language",
      "value": "C#"
    },
    {
      "name": "framework",
      "value": "NUnit 3"
    },
    {
      "name": "package",
      "value": "OdinUiTests.Tests.Exams"
    },
    {
      "name": "testMethod",
      "value": "ErrorDeleteExam"
    },
    {
      "name": "testClass",
      "value": "ExamCreateEditTests"
    },
    {
      "name": "suite",
      "value": "Экзамен"
    },
    {
      "name": "severity",
      "value": "normal"
    },
    {
      "name": "tag",
      "value": "Экзамен"
    },
    {
      "name": "tag",
      "value": "Дежурство"
    },
    {
      "name": "tag",
      "value": "Регресс"
    }
  ],
  "links": [],
  "name": "Ошибка при удаление экзамена",
  "status": "broken",
  "statusDetails": {
    "known": false,
    "muted": false,
    "flaky": false,
    "message": "System.Reflection.TargetInvocationException : Exception has been thrown by the target of an invocation.\n  ----> OpenQA.Selenium.WebDriverTimeoutException : Timed out after 30 seconds\n  ----> OpenQA.Selenium.NoSuchElementException : no such element: Unable to locate element: {\"method\":\"css selector\",\"selector\":\".delete-btn span\"}\n  (Session info: chrome=140.0.7339.127); For documentation on this error, please visit: https://www.selenium.dev/documentation/webdriver/troubleshooting/errors#no-such-element-exception",
    "trace": "   at System.Reflection.MethodBaseInvoker.InvokeWithManyArgs(Object obj, BindingFlags invokeAttr, Binder binder, Object[] parameters, CultureInfo culture)\n   at Allure.Net.Commons.Steps.AllureStepAspectBase.Around(String name, Object[] args, Func`2 target, MethodBase metadata, Type returnType)\n   at OdinUiTests.Pages.CohortCreateEditPage.__a$_around_ClickOnRemoveButton_100666527_w_0(Object[])\n   at OdinUiTests.Pages.CohortCreateEditPage.ClickOnRemoveButton()\n   at OdinUiTests.Tests.Exams.ExamCreateEditTests.ErrorDeleteExam() in /azp/_work/1/s/Tests/Exams/TestCenterTests.cs:line 177\n   at System.RuntimeMethodHandle.InvokeMethod(Object target, Void** arguments, Signature sig, Boolean isConstructor)\n   at System.Reflection.MethodBaseInvoker.InvokeWithNoArgs(Object obj, BindingFlags invokeAttr)\n--WebDriverTimeoutException\n   at OpenQA.Selenium.Support.UI.DefaultWait`1.ThrowTimeoutException(String exceptionMessage, Exception lastException)\n   at OpenQA.Selenium.Support.UI.DefaultWait`1.Until[TResult](Func`2 condition, CancellationToken token)\n   at OpenQA.Selenium.Support.UI.DefaultWait`1.Until[TResult](Func`2 condition)\n   at OdinUiTests.Pages.CohortCreateEditPage.__a$_around_ClickOnRemoveButton_100666527_o() in /azp/_work/1/s/Pages/CohortCreateEditPage.cs:line 254\n   at OdinUiTests.Pages.CohortCreateEditPage.__a$_around_ClickOnRemoveButton_100666527_u(Object[])\n   at Allure.Net.Commons.Steps.AllureAbstractStepAspect.WrapSync[T](Func`2 target, Object[] args, MethodBase metadata, String stepName, List`1 stepParameters)\n   at InvokeStub_AllureAbstractStepAspect.WrapSync(Object, Span`1)\n   at System.Reflection.MethodBaseInvoker.InvokeWithManyArgs(Object obj, BindingFlags invokeAttr, Binder binder, Object[] parameters, CultureInfo culture)\n--NoSuchElementException\n   at OpenQA.Selenium.WebDriver.UnpackAndThrowOnError(Response errorResponse, String commandToExecute)\n   at OpenQA.Selenium.WebDriver.ExecuteAsync(String driverCommandToExecute, Dictionary`2 parameters)\n   at SeleniumExtras.WaitHelpers.ExpectedConditions.<>c__DisplayClass19_0.<ElementToBeClickable>b__0(IWebDriver driver)\n   at OpenQA.Selenium.Support.UI.DefaultWait`1.Until[TResult](Func`2 condition, CancellationToken token)"
  },
  "stage": "finished",
  "steps": [
    {
      "name": "Открыть страницу образовательной программы",
      "status": "passed",
      "statusDetails": {
        "known": false,
        "muted": false,
        "flaky": false
      },
      "stage": "finished",
      "steps": [],
      "attachments": [],
      "parameters": [
        {
          "name": "programId",
          "value": "\"17251\"",
          "excluded": false
        }
      ],
      "start": 1770695580513,
      "stop": 1770695580745
    },
    {
      "name": "Нажать на кнопку Редактировать экзамена",
      "status": "passed",
      "statusDetails": {
        "known": false,
        "muted": false,
        "flaky": false
      },
      "stage": "finished",
      "steps": [],
      "attachments": [],
      "parameters": [],
      "start": 1770695580745,
      "stop": 1770695582467
    },
    {
      "name": "Нажать на кнопку 'Удалить поток'",
      "status": "broken",
      "statusDetails": {
        "known": false,
        "muted": false,
        "flaky": false,
        "message": "Timed out after 30 seconds",
        "trace": "OpenQA.Selenium.WebDriverTimeoutException: Timed out after 30 seconds\n ---> OpenQA.Selenium.NoSuchElementException: no such element: Unable to locate element: {\"method\":\"css selector\",\"selector\":\".delete-btn span\"}\n  (Session info: chrome=140.0.7339.127); For documentation on this error, please visit: https://www.selenium.dev/documentation/webdriver/troubleshooting/errors#no-such-element-exception\n   at OpenQA.Selenium.WebDriver.UnpackAndThrowOnError(Response errorResponse, String commandToExecute)\n   at OpenQA.Selenium.WebDriver.ExecuteAsync(String driverCommandToExecute, Dictionary`2 parameters)\n   at SeleniumExtras.WaitHelpers.ExpectedConditions.<>c__DisplayClass19_0.<ElementToBeClickable>b__0(IWebDriver driver)\n   at OpenQA.Selenium.Support.UI.DefaultWait`1.Until[TResult](Func`2 condition, CancellationToken token)\n   --- End of inner exception stack trace ---\n   at OpenQA.Selenium.Support.UI.DefaultWait`1.ThrowTimeoutException(String exceptionMessage, Exception lastException)\n   at OpenQA.Selenium.Support.UI.DefaultWait`1.Until[TResult](Func`2 condition, CancellationToken token)\n   at OpenQA.Selenium.Support.UI.DefaultWait`1.Until[TResult](Func`2 condition)\n   at OdinUiTests.Pages.CohortCreateEditPage.__a$_around_ClickOnRemoveButton_100666527_o() in /azp/_work/1/s/Pages/CohortCreateEditPage.cs:line 254\n   at OdinUiTests.Pages.CohortCreateEditPage.__a$_around_ClickOnRemoveButton_100666527_u(Object[])\n   at Allure.Net.Commons.Steps.AllureAbstractStepAspect.WrapSync[T](Func`2 target, Object[] args, MethodBase metadata, String stepName, List`1 stepParameters)"
      },
      "stage": "finished",
      "steps": [],
      "attachments": [],
      "parameters": [],
      "start": 1770695582467,
      "stop": 1770695612574
    }
  ],
  "attachments": [
    {
      "name": "ErrorDeleteExam.jpg",
      "source": "0e1554e3-ce32-4d53-9fed-bb5c1dc7f613-attachment.jpg",
      "type": "image/jpeg"
    },
    {
      "name": "Console Output",
      "source": "d27a4856-616a-4810-8605-7b856293d6a0-attachment.txt",
      "type": "text/plain"
    }
  ],
  "parameters": [],
  "start": 1770695579748,
  "stop": 1770695612693
}