{
  "uuid": "499f6feb-bb13-410e-8651-789bb4036295",
  "historyId": "eb128982f60d98f88d8cf52c79697d0e",
  "testCaseId": "e5c9042cb70ecb2371229af1ad7880cf",
  "fullName": "OdinUiTests:OdinUiTests.Tests.Activity.TemplateAddingTests.CheckScormScoreFieldNotDisplayed()",
  "labels": [
    {
      "name": "thread",
      "value": "NUnit.Fw.ParallelWorker#9"
    },
    {
      "name": "host",
      "value": "cd64ca2bf604"
    },
    {
      "name": "language",
      "value": "C#"
    },
    {
      "name": "framework",
      "value": "NUnit 3"
    },
    {
      "name": "package",
      "value": "OdinUiTests.Tests.Activity"
    },
    {
      "name": "testMethod",
      "value": "CheckScormScoreFieldNotDisplayed"
    },
    {
      "name": "testClass",
      "value": "TemplateAddingTests"
    },
    {
      "name": "suite",
      "value": "Активность"
    },
    {
      "name": "subSuite",
      "value": "Обычный шаблон активности"
    },
    {
      "name": "severity",
      "value": "normal"
    },
    {
      "name": "tag",
      "value": "Активность"
    },
    {
      "name": "tag",
      "value": "Дежурство"
    },
    {
      "name": "tag",
      "value": "Регресс"
    }
  ],
  "links": [],
  "name": "Отсутствует поле Оценка по SCORM результату, если SCORM пакет не добавлен в шаблон активности",
  "status": "broken",
  "statusDetails": {
    "known": false,
    "muted": false,
    "flaky": false,
    "message": "System.Reflection.TargetInvocationException : Exception has been thrown by the target of an invocation.\n  ----> OpenQA.Selenium.WebDriverTimeoutException : Timed out after 30 seconds\n  ----> OpenQA.Selenium.NoSuchElementException : no such element: Unable to locate element: {\"method\":\"css selector\",\"selector\":\"input[aria-label*='Название']\"}\n  (Session info: chrome=140.0.7339.127); For documentation on this error, please visit: https://www.selenium.dev/documentation/webdriver/troubleshooting/errors#no-such-element-exception",
    "trace": "   at System.Reflection.MethodBaseInvoker.InvokeWithManyArgs(Object obj, BindingFlags invokeAttr, Binder binder, Object[] parameters, CultureInfo culture)\n   at Allure.Net.Commons.Steps.AllureStepAspectBase.Around(String name, Object[] args, Func`2 target, MethodBase metadata, Type returnType)\n   at OdinUiTests.Pages.ActivityCommonEditPage.__a$_around_CheckScormScoreFieldNotDisplayed_100666086_w_0(Object[])\n   at OdinUiTests.Pages.ActivityCommonEditPage.CheckScormScoreFieldNotDisplayed()\n   at OdinUiTests.Tests.Activity.ActivityCommon.ScormScoreFieldNotDisplayed(IWebDriver driver, Boolean isTemplate, String id, Boolean needToBeAdded) in /azp/_work/2/s/Tests/Activity/ActivityCommon.cs:line 537\n   at OdinUiTests.Tests.Activity.ActivityCommon.ScormScoreFieldNotDisplayedInActivityPlan(IWebDriver driver, String contentId, Boolean scormIsAdded) in /azp/_work/2/s/Tests/Activity/ActivityCommon.cs:line 549\n   at OdinUiTests.Tests.Activity.TemplateAddingTests.CheckScormScoreFieldNotDisplayed() in /azp/_work/2/s/Tests/Activity/TemplateTests.cs:line 134\n   at System.RuntimeMethodHandle.InvokeMethod(Object target, Void** arguments, Signature sig, Boolean isConstructor)\n   at System.Reflection.MethodBaseInvoker.InvokeWithNoArgs(Object obj, BindingFlags invokeAttr)\n--WebDriverTimeoutException\n   at OpenQA.Selenium.Support.UI.DefaultWait`1.ThrowTimeoutException(String exceptionMessage, Exception lastException)\n   at OpenQA.Selenium.Support.UI.DefaultWait`1.Until[TResult](Func`2 condition, CancellationToken token)\n   at OpenQA.Selenium.Support.UI.DefaultWait`1.Until[TResult](Func`2 condition)\n   at OdinUiTests.Pages.ActivityCommonEditPage.__a$_around_CheckScormScoreFieldNotDisplayed_100666086_o() in /azp/_work/2/s/Pages/ActivityCommonEditPage.cs:line 996\n   at OdinUiTests.Pages.ActivityCommonEditPage.__a$_around_CheckScormScoreFieldNotDisplayed_100666086_u(Object[])\n   at Allure.Net.Commons.Steps.AllureAbstractStepAspect.WrapSync[T](Func`2 target, Object[] args, MethodBase metadata, String stepName, List`1 stepParameters)\n   at InvokeStub_AllureAbstractStepAspect.WrapSync(Object, Span`1)\n   at System.Reflection.MethodBaseInvoker.InvokeWithManyArgs(Object obj, BindingFlags invokeAttr, Binder binder, Object[] parameters, CultureInfo culture)\n--NoSuchElementException\n   at OpenQA.Selenium.WebDriver.UnpackAndThrowOnError(Response errorResponse, String commandToExecute)\n   at OpenQA.Selenium.WebDriver.ExecuteAsync(String driverCommandToExecute, Dictionary`2 parameters)\n   at SeleniumExtras.WaitHelpers.ExpectedConditions.<>c__DisplayClass19_0.<ElementToBeClickable>b__0(IWebDriver driver)\n   at OpenQA.Selenium.Support.UI.DefaultWait`1.Until[TResult](Func`2 condition, CancellationToken token)"
  },
  "stage": "finished",
  "steps": [
    {
      "name": "Открыть страницу редактирования активности",
      "status": "passed",
      "statusDetails": {
        "known": false,
        "muted": false,
        "flaky": false
      },
      "stage": "finished",
      "steps": [
        {
          "name": "Открыть страницу редактирования шаблона активности",
          "status": "passed",
          "statusDetails": {
            "known": false,
            "muted": false,
            "flaky": false
          },
          "stage": "finished",
          "steps": [],
          "attachments": [],
          "parameters": [
            {
              "name": "contentId",
              "value": "\"861\"",
              "excluded": false
            }
          ],
          "start": 1765177246918,
          "stop": 1765177247932
        }
      ],
      "attachments": [],
      "parameters": [
        {
          "name": "isTemplate",
          "value": "true",
          "excluded": false
        },
        {
          "name": "id",
          "value": "\"861\"",
          "excluded": false
        }
      ],
      "start": 1765177246918,
      "stop": 1765177247932
    },
    {
      "name": "Убедиться, что SCORM пакет не был добавлен",
      "status": "passed",
      "statusDetails": {
        "known": false,
        "muted": false,
        "flaky": false
      },
      "stage": "finished",
      "steps": [],
      "attachments": [],
      "parameters": [],
      "start": 1765177247932,
      "stop": 1765177256831
    },
    {
      "name": "Проверка того, что поле 'Оценка по Scorm результату' не отображается, если не добавлен SCORM пакет",
      "status": "broken",
      "statusDetails": {
        "known": false,
        "muted": false,
        "flaky": false,
        "message": "Timed out after 30 seconds",
        "trace": "OpenQA.Selenium.WebDriverTimeoutException: Timed out after 30 seconds\n ---> OpenQA.Selenium.NoSuchElementException: no such element: Unable to locate element: {\"method\":\"css selector\",\"selector\":\"input[aria-label*='Название']\"}\n  (Session info: chrome=140.0.7339.127); For documentation on this error, please visit: https://www.selenium.dev/documentation/webdriver/troubleshooting/errors#no-such-element-exception\n   at OpenQA.Selenium.WebDriver.UnpackAndThrowOnError(Response errorResponse, String commandToExecute)\n   at OpenQA.Selenium.WebDriver.ExecuteAsync(String driverCommandToExecute, Dictionary`2 parameters)\n   at SeleniumExtras.WaitHelpers.ExpectedConditions.<>c__DisplayClass19_0.<ElementToBeClickable>b__0(IWebDriver driver)\n   at OpenQA.Selenium.Support.UI.DefaultWait`1.Until[TResult](Func`2 condition, CancellationToken token)\n   --- End of inner exception stack trace ---\n   at OpenQA.Selenium.Support.UI.DefaultWait`1.ThrowTimeoutException(String exceptionMessage, Exception lastException)\n   at OpenQA.Selenium.Support.UI.DefaultWait`1.Until[TResult](Func`2 condition, CancellationToken token)\n   at OpenQA.Selenium.Support.UI.DefaultWait`1.Until[TResult](Func`2 condition)\n   at OdinUiTests.Pages.ActivityCommonEditPage.__a$_around_CheckScormScoreFieldNotDisplayed_100666086_o() in /azp/_work/2/s/Pages/ActivityCommonEditPage.cs:line 996\n   at OdinUiTests.Pages.ActivityCommonEditPage.__a$_around_CheckScormScoreFieldNotDisplayed_100666086_u(Object[])\n   at Allure.Net.Commons.Steps.AllureAbstractStepAspect.WrapSync[T](Func`2 target, Object[] args, MethodBase metadata, String stepName, List`1 stepParameters)"
      },
      "stage": "finished",
      "steps": [],
      "attachments": [],
      "parameters": [],
      "start": 1765177256831,
      "stop": 1765177286843
    }
  ],
  "attachments": [
    {
      "name": "CheckScormScoreFieldNotDisplayed.jpg",
      "source": "974d9d5d-f937-451c-a9b9-e1768a1f5c31-attachment.jpg",
      "type": "image/jpeg"
    },
    {
      "name": "Console Output",
      "source": "cf343b9f-677b-4e17-a723-dc447896d41e-attachment.txt",
      "type": "text/plain"
    }
  ],
  "parameters": [],
  "start": 1765177245321,
  "stop": 1765177287100
}