{
  "uuid": "7256655f-e9db-4948-b99e-8eb8a1d04cc0",
  "historyId": "76dc2628c6ec1d7b238cabddcbbef692",
  "testCaseId": "91b0d21cc7ef01b63485bd6e8180da33",
  "fullName": "OdinUiTests:OdinUiTests.Tests.Activity.ActivityEditingTests.CheckAddTagToActivity()",
  "labels": [
    {
      "name": "thread",
      "value": "NUnit.Fw.ParallelWorker#2"
    },
    {
      "name": "host",
      "value": "d9c9a16e2056"
    },
    {
      "name": "language",
      "value": "C#"
    },
    {
      "name": "framework",
      "value": "NUnit 3"
    },
    {
      "name": "package",
      "value": "OdinUiTests.Tests.Activity"
    },
    {
      "name": "testMethod",
      "value": "CheckAddTagToActivity"
    },
    {
      "name": "testClass",
      "value": "ActivityEditingTests"
    },
    {
      "name": "parentSuite",
      "value": "Активность"
    },
    {
      "name": "suite",
      "value": "Обычная активность"
    },
    {
      "name": "subSuite",
      "value": "Редактирование активности"
    },
    {
      "name": "severity",
      "value": "critical"
    },
    {
      "name": "tag",
      "value": "Активность"
    },
    {
      "name": "tag",
      "value": "Дежурство"
    },
    {
      "name": "tag",
      "value": "Регресс"
    }
  ],
  "links": [],
  "name": "Можно добавлять теги знаний",
  "status": "broken",
  "statusDetails": {
    "known": false,
    "muted": false,
    "flaky": false,
    "message": "System.Reflection.TargetInvocationException : Exception has been thrown by the target of an invocation.\n  ----> OpenQA.Selenium.WebDriverTimeoutException : Timed out after 30 seconds\n  ----> OpenQA.Selenium.NoSuchElementException : no such element: Unable to locate element: {\"method\":\"css selector\",\"selector\":\".knowledge\\-tags__item__header\"}\n  (Session info: chrome=145.0.7632.45); For documentation on this error, please visit: https://www.selenium.dev/documentation/webdriver/troubleshooting/errors#no-such-element-exception",
    "trace": "   at System.Reflection.MethodBaseInvoker.InvokeWithManyArgs(Object obj, BindingFlags invokeAttr, Binder binder, Object[] parameters, CultureInfo culture)\n   at Allure.Net.Commons.Steps.AllureStepAspectBase.Around(String name, Object[] args, Func`2 target, MethodBase metadata, Type returnType)\n   at OdinUiTests.Pages.ActivityCommonPage.__a$_around_CheckTagIsAddedToActivity_100666240_w_0(Object[])\n   at OdinUiTests.Pages.ActivityCommonPage.CheckTagIsAddedToActivity()\n   at OdinUiTests.Pages.ActivityCommonPage.CheckTagIsAdded(Boolean isTemplate) in /azp/_work/1/s/Pages/ActivityCommonPage.cs:line 1142\n   at OdinUiTests.Tests.Activity.ActivityCommon.AddTag(IWebDriver driver, Boolean isTemplate, String id) in /azp/_work/1/s/Tests/Activity/ActivityCommon.cs:line 446\n   at OdinUiTests.Tests.Activity.ActivityCommon.AddTagToActivity(IWebDriver driver, String activityId) in /azp/_work/1/s/Tests/Activity/ActivityCommon.cs:line 456\n   at OdinUiTests.Tests.Activity.ActivityEditingTests.CheckAddTagToActivity() in /azp/_work/1/s/Tests/Activity/ActivityTests.cs:line 151\n   at System.RuntimeMethodHandle.InvokeMethod(Object target, Void** arguments, Signature sig, Boolean isConstructor)\n   at System.Reflection.MethodBaseInvoker.InvokeWithNoArgs(Object obj, BindingFlags invokeAttr)\n--WebDriverTimeoutException\n   at OpenQA.Selenium.Support.UI.DefaultWait`1.ThrowTimeoutException(String exceptionMessage, Exception lastException)\n   at OpenQA.Selenium.Support.UI.DefaultWait`1.Until[TResult](Func`2 condition, CancellationToken token)\n   at OpenQA.Selenium.Support.UI.DefaultWait`1.Until[TResult](Func`2 condition)\n   at OdinUiTests.Pages.ActivityCommonPage.TagIsAdded() in /azp/_work/1/s/Pages/ActivityCommonPage.cs:line 1124\n   at OdinUiTests.Pages.ActivityCommonPage.__a$_around_CheckTagIsAddedToActivity_100666240_o() in /azp/_work/1/s/Pages/ActivityCommonPage.cs:line 1131\n   at OdinUiTests.Pages.ActivityCommonPage.__a$_around_CheckTagIsAddedToActivity_100666240_u(Object[])\n   at Allure.Net.Commons.Steps.AllureAbstractStepAspect.WrapSync[T](Func`2 target, Object[] args, MethodBase metadata, String stepName, List`1 stepParameters)\n   at InvokeStub_AllureAbstractStepAspect.WrapSync(Object, Span`1)\n   at System.Reflection.MethodBaseInvoker.InvokeWithManyArgs(Object obj, BindingFlags invokeAttr, Binder binder, Object[] parameters, CultureInfo culture)\n--NoSuchElementException\n   at OpenQA.Selenium.WebDriver.UnpackAndThrowOnError(Response errorResponse, String commandToExecute)\n   at OpenQA.Selenium.WebDriver.ExecuteAsync(String driverCommandToExecute, Dictionary`2 parameters)\n   at SeleniumExtras.WaitHelpers.ExpectedConditions.<>c__DisplayClass7_0.<ElementIsVisible>b__0(IWebDriver driver)\n   at OpenQA.Selenium.Support.UI.DefaultWait`1.Until[TResult](Func`2 condition, CancellationToken token)"
  },
  "stage": "finished",
  "steps": [
    {
      "name": "Открыть страницу редактирования активности",
      "status": "passed",
      "statusDetails": {
        "known": false,
        "muted": false,
        "flaky": false
      },
      "stage": "finished",
      "steps": [
        {
          "name": "Открыть страницу редактирования активности",
          "status": "passed",
          "statusDetails": {
            "known": false,
            "muted": false,
            "flaky": false
          },
          "stage": "finished",
          "steps": [],
          "attachments": [],
          "parameters": [
            {
              "name": "activityId",
              "value": "\"447\"",
              "excluded": false
            }
          ],
          "start": 1771292799297,
          "stop": 1771292801305
        }
      ],
      "attachments": [],
      "parameters": [
        {
          "name": "isTemplate",
          "value": "false",
          "excluded": false
        },
        {
          "name": "id",
          "value": "\"447\"",
          "excluded": false
        }
      ],
      "start": 1771292799297,
      "stop": 1771292801305
    },
    {
      "name": "Нажать на поле 'Добавить тег знаний' и выбрать рандомный тег",
      "status": "passed",
      "statusDetails": {
        "known": false,
        "muted": false,
        "flaky": false
      },
      "stage": "finished",
      "steps": [],
      "attachments": [],
      "parameters": [],
      "start": 1771292801306,
      "stop": 1771292809195
    },
    {
      "name": "Нажать на кнопку ‘Сохранить’",
      "status": "passed",
      "statusDetails": {
        "known": false,
        "muted": false,
        "flaky": false
      },
      "stage": "finished",
      "steps": [
        {
          "name": "Нажать на кнопку 'Сохранить' и подтвердить сохранение",
          "status": "passed",
          "statusDetails": {
            "known": false,
            "muted": false,
            "flaky": false
          },
          "stage": "finished",
          "steps": [],
          "attachments": [],
          "parameters": [],
          "start": 1771292809195,
          "stop": 1771292813770
        }
      ],
      "attachments": [],
      "parameters": [
        {
          "name": "isTemplate",
          "value": "false",
          "excluded": false
        }
      ],
      "start": 1771292809195,
      "stop": 1771292813770
    },
    {
      "name": "Проверка того, что тег знаний был добавлен в активность",
      "status": "broken",
      "statusDetails": {
        "known": false,
        "muted": false,
        "flaky": false,
        "message": "Timed out after 30 seconds",
        "trace": "OpenQA.Selenium.WebDriverTimeoutException: Timed out after 30 seconds\n ---> OpenQA.Selenium.NoSuchElementException: no such element: Unable to locate element: {\"method\":\"css selector\",\"selector\":\".knowledge\\-tags__item__header\"}\n  (Session info: chrome=145.0.7632.45); For documentation on this error, please visit: https://www.selenium.dev/documentation/webdriver/troubleshooting/errors#no-such-element-exception\n   at OpenQA.Selenium.WebDriver.UnpackAndThrowOnError(Response errorResponse, String commandToExecute)\n   at OpenQA.Selenium.WebDriver.ExecuteAsync(String driverCommandToExecute, Dictionary`2 parameters)\n   at SeleniumExtras.WaitHelpers.ExpectedConditions.<>c__DisplayClass7_0.<ElementIsVisible>b__0(IWebDriver driver)\n   at OpenQA.Selenium.Support.UI.DefaultWait`1.Until[TResult](Func`2 condition, CancellationToken token)\n   --- End of inner exception stack trace ---\n   at OpenQA.Selenium.Support.UI.DefaultWait`1.ThrowTimeoutException(String exceptionMessage, Exception lastException)\n   at OpenQA.Selenium.Support.UI.DefaultWait`1.Until[TResult](Func`2 condition, CancellationToken token)\n   at OpenQA.Selenium.Support.UI.DefaultWait`1.Until[TResult](Func`2 condition)\n   at OdinUiTests.Pages.ActivityCommonPage.TagIsAdded() in /azp/_work/1/s/Pages/ActivityCommonPage.cs:line 1124\n   at OdinUiTests.Pages.ActivityCommonPage.__a$_around_CheckTagIsAddedToActivity_100666240_o() in /azp/_work/1/s/Pages/ActivityCommonPage.cs:line 1131\n   at OdinUiTests.Pages.ActivityCommonPage.__a$_around_CheckTagIsAddedToActivity_100666240_u(Object[])\n   at Allure.Net.Commons.Steps.AllureAbstractStepAspect.WrapSync[T](Func`2 target, Object[] args, MethodBase metadata, String stepName, List`1 stepParameters)"
      },
      "stage": "finished",
      "steps": [],
      "attachments": [],
      "parameters": [],
      "start": 1771292813771,
      "stop": 1771292844241
    }
  ],
  "attachments": [
    {
      "name": "CheckAddTagToActivity.jpg",
      "source": "2b0a7d2b-b522-469c-80f9-a0b616ff3d4b-attachment.jpg",
      "type": "image/jpeg"
    },
    {
      "name": "Console Output",
      "source": "19fc6c1c-9984-4ad0-b471-226514725cde-attachment.txt",
      "type": "text/plain"
    }
  ],
  "parameters": [],
  "start": 1771292797808,
  "stop": 1771292844527
}