{
  "uuid": "4327715b-abd2-40fd-823f-a29fa06f3315",
  "historyId": "c2f74d7c391000ea7c6bc39296d1738e",
  "testCaseId": "7270b18671a6e2e749ca90c96a9a693c",
  "fullName": "OdinUiTests:OdinUiTests.Tests.Chat.DisciplineRoomMiniChatMessageTests.CheckSendMessageByTappingEnterInDisciplineRoomMiniChat()",
  "labels": [
    {
      "name": "thread",
      "value": "NUnit.Fw.ParallelWorker#2"
    },
    {
      "name": "host",
      "value": "9842bc609b71"
    },
    {
      "name": "language",
      "value": "C#"
    },
    {
      "name": "framework",
      "value": "NUnit 3"
    },
    {
      "name": "package",
      "value": "OdinUiTests.Tests.Chat"
    },
    {
      "name": "testMethod",
      "value": "CheckSendMessageByTappingEnterInDisciplineRoomMiniChat"
    },
    {
      "name": "testClass",
      "value": "DisciplineRoomMiniChatMessageTests"
    },
    {
      "name": "suite",
      "value": "Чат"
    },
    {
      "name": "subSuite",
      "value": "Миничат комнаты дисциплины"
    },
    {
      "name": "severity",
      "value": "critical"
    },
    {
      "name": "tag",
      "value": "Чат"
    },
    {
      "name": "tag",
      "value": "Регресс"
    }
  ],
  "links": [],
  "name": "Можно отправить сообщение по нажатию на Enter в миничате добавленной комнаты",
  "status": "broken",
  "statusDetails": {
    "known": false,
    "muted": false,
    "flaky": false,
    "message": "System.Reflection.TargetInvocationException : Exception has been thrown by the target of an invocation.\n  ----> OpenQA.Selenium.WebDriverTimeoutException : Timed out after 30 seconds\n  ----> OpenQA.Selenium.NoSuchElementException : no such element: Unable to locate element: {\"method\":\"css selector\",\"selector\":\".ellipsis\\-3\\-lines\"}\n  (Session info: chrome=140.0.7339.127); For documentation on this error, please visit: https://www.selenium.dev/documentation/webdriver/troubleshooting/errors#no-such-element-exception",
    "trace": "   at System.Reflection.MethodBaseInvoker.InvokeWithManyArgs(Object obj, BindingFlags invokeAttr, Binder binder, Object[] parameters, CultureInfo culture)\n   at Allure.Net.Commons.Steps.AllureStepAspectBase.Around(String name, Object[] args, Func`2 target, MethodBase metadata, Type returnType)\n   at OdinUiTests.Pages.ChatCommonPage.__a$_around_OpenSubChatWithName_100666341_w_0(Object[])\n   at OdinUiTests.Pages.ChatCommonPage.OpenSubChatWithName(String chatName)\n   at OdinUiTests.Tests.Chat.DisciplineRoomMiniChatMessageTests.SetUp() in /azp/_work/2/s/Tests/Chat/MiniChatTests.cs:line 156\n   at InvokeStub_DisciplineRoomMiniChatMessageTests.SetUp(Object, Object, IntPtr*)\n   at System.Reflection.MethodBaseInvoker.InvokeWithNoArgs(Object obj, BindingFlags invokeAttr)\n--WebDriverTimeoutException\n   at OpenQA.Selenium.Support.UI.DefaultWait`1.ThrowTimeoutException(String exceptionMessage, Exception lastException)\n   at OpenQA.Selenium.Support.UI.DefaultWait`1.Until[TResult](Func`2 condition, CancellationToken token)\n   at OpenQA.Selenium.Support.UI.DefaultWait`1.Until[TResult](Func`2 condition)\n   at OdinUiTests.Pages.ChatCommonPage.__a$_around_OpenSubChatWithName_100666341_o(String chatName) in /azp/_work/2/s/Pages/ChatCommonPage.cs:line 234\n   at OdinUiTests.Pages.ChatCommonPage.__a$_around_OpenSubChatWithName_100666341_u(Object[])\n   at Allure.Net.Commons.Steps.AllureAbstractStepAspect.WrapSync[T](Func`2 target, Object[] args, MethodBase metadata, String stepName, List`1 stepParameters)\n   at InvokeStub_AllureAbstractStepAspect.WrapSync(Object, Span`1)\n   at System.Reflection.MethodBaseInvoker.InvokeWithManyArgs(Object obj, BindingFlags invokeAttr, Binder binder, Object[] parameters, CultureInfo culture)\n--NoSuchElementException\n   at OpenQA.Selenium.WebDriver.UnpackAndThrowOnError(Response errorResponse, String commandToExecute)\n   at OpenQA.Selenium.WebDriver.ExecuteAsync(String driverCommandToExecute, Dictionary`2 parameters)\n   at SeleniumExtras.WaitHelpers.ExpectedConditions.<>c__DisplayClass19_0.<ElementToBeClickable>b__0(IWebDriver driver)\n   at OpenQA.Selenium.Support.UI.DefaultWait`1.Until[TResult](Func`2 condition, CancellationToken token)"
  },
  "stage": "finished",
  "steps": [
    {
      "name": "Открыть страницу Дашборда",
      "status": "passed",
      "statusDetails": {
        "known": false,
        "muted": false,
        "flaky": false
      },
      "stage": "finished",
      "steps": [],
      "attachments": [],
      "parameters": [],
      "start": 1765956231882,
      "stop": 1765956233108
    },
    {
      "name": "Нажать на кнопку 'Чат' для открытия миничата, если миничат еще не открыт",
      "status": "passed",
      "statusDetails": {
        "known": false,
        "muted": false,
        "flaky": false
      },
      "stage": "finished",
      "steps": [],
      "attachments": [],
      "parameters": [],
      "start": 1765956233108,
      "stop": 1765956236184
    },
    {
      "name": "В панели чатов найти дисциплину по названию и открыть его",
      "status": "passed",
      "statusDetails": {
        "known": false,
        "muted": false,
        "flaky": false
      },
      "stage": "finished",
      "steps": [],
      "attachments": [],
      "parameters": [
        {
          "name": "chatName",
          "value": "\"Паттерны архитектуры\"",
          "excluded": false
        }
      ],
      "start": 1765956236184,
      "stop": 1765956243101
    },
    {
      "name": "Нажать на выпадающий список комнат",
      "status": "passed",
      "statusDetails": {
        "known": false,
        "muted": false,
        "flaky": false
      },
      "stage": "finished",
      "steps": [],
      "attachments": [],
      "parameters": [],
      "start": 1765956243101,
      "stop": 1765956243520
    },
    {
      "name": "Выбрать добавленную комнату чата дисциплины по названию",
      "status": "broken",
      "statusDetails": {
        "known": false,
        "muted": false,
        "flaky": false,
        "message": "Timed out after 30 seconds",
        "trace": "OpenQA.Selenium.WebDriverTimeoutException: Timed out after 30 seconds\n ---> OpenQA.Selenium.NoSuchElementException: no such element: Unable to locate element: {\"method\":\"css selector\",\"selector\":\".ellipsis\\-3\\-lines\"}\n  (Session info: chrome=140.0.7339.127); For documentation on this error, please visit: https://www.selenium.dev/documentation/webdriver/troubleshooting/errors#no-such-element-exception\n   at OpenQA.Selenium.WebDriver.UnpackAndThrowOnError(Response errorResponse, String commandToExecute)\n   at OpenQA.Selenium.WebDriver.ExecuteAsync(String driverCommandToExecute, Dictionary`2 parameters)\n   at SeleniumExtras.WaitHelpers.ExpectedConditions.<>c__DisplayClass19_0.<ElementToBeClickable>b__0(IWebDriver driver)\n   at OpenQA.Selenium.Support.UI.DefaultWait`1.Until[TResult](Func`2 condition, CancellationToken token)\n   --- End of inner exception stack trace ---\n   at OpenQA.Selenium.Support.UI.DefaultWait`1.ThrowTimeoutException(String exceptionMessage, Exception lastException)\n   at OpenQA.Selenium.Support.UI.DefaultWait`1.Until[TResult](Func`2 condition, CancellationToken token)\n   at OpenQA.Selenium.Support.UI.DefaultWait`1.Until[TResult](Func`2 condition)\n   at OdinUiTests.Pages.ChatCommonPage.__a$_around_OpenSubChatWithName_100666341_o(String chatName) in /azp/_work/2/s/Pages/ChatCommonPage.cs:line 234\n   at OdinUiTests.Pages.ChatCommonPage.__a$_around_OpenSubChatWithName_100666341_u(Object[])\n   at Allure.Net.Commons.Steps.AllureAbstractStepAspect.WrapSync[T](Func`2 target, Object[] args, MethodBase metadata, String stepName, List`1 stepParameters)"
      },
      "stage": "finished",
      "steps": [],
      "attachments": [],
      "parameters": [
        {
          "name": "chatName",
          "value": "\"Другая комната2\"",
          "excluded": false
        }
      ],
      "start": 1765956243520,
      "stop": 1765956273908
    }
  ],
  "attachments": [
    {
      "name": "CheckSendMessageByTappingEnterInDisciplineRoomMiniChat.jpg",
      "source": "95960f89-9570-4ae5-8930-00e9bbad9000-attachment.jpg",
      "type": "image/jpeg"
    },
    {
      "name": "Console Output",
      "source": "955f616f-a950-49e5-a9fe-bd1807b0dc34-attachment.txt",
      "type": "text/plain"
    }
  ],
  "parameters": [],
  "start": 1765956231882,
  "stop": 1765956274880
}