{
  "uuid": "17f25b1f-7a19-492f-b922-08909afb2976",
  "historyId": "bc4f47aa481c86be9ca81629edb16228",
  "testCaseId": "89184c9ff7fcb0e355da1a70628ed050",
  "fullName": "OdinUiTests:OdinUiTests.Tests.Library.RemovingTemplatesTests.CheckDeleteDisciplineTemplateFromWhichDisciplineIsCreated()",
  "labels": [
    {
      "name": "thread",
      "value": "NUnit.Fw.ParallelWorker#4"
    },
    {
      "name": "host",
      "value": "154d1b5e2ef1"
    },
    {
      "name": "language",
      "value": "C#"
    },
    {
      "name": "framework",
      "value": "NUnit 3"
    },
    {
      "name": "package",
      "value": "OdinUiTests.Tests.Library"
    },
    {
      "name": "testMethod",
      "value": "CheckDeleteDisciplineTemplateFromWhichDisciplineIsCreated"
    },
    {
      "name": "testClass",
      "value": "RemovingTemplatesTests"
    },
    {
      "name": "suite",
      "value": "Библиотека"
    },
    {
      "name": "severity",
      "value": "critical"
    },
    {
      "name": "tag",
      "value": "Библиотека"
    },
    {
      "name": "tag",
      "value": "Дежурство"
    },
    {
      "name": "tag",
      "value": "Регресс"
    }
  ],
  "links": [],
  "name": "Страница библиотеки: можно удалить шаблон дисциплины по которому была создана дисциплина",
  "status": "broken",
  "statusDetails": {
    "known": false,
    "muted": false,
    "flaky": false,
    "message": "System.Reflection.TargetInvocationException : Exception has been thrown by the target of an invocation.\n  ----> OpenQA.Selenium.WebDriverTimeoutException : Timed out after 30 seconds\n  ----> OpenQA.Selenium.NoSuchElementException : no such element: Unable to locate element: {\"method\":\"xpath\",\"selector\":\"//div[contains(@class,'content-item')]//span[contains(text(),'Длинное название дисциплины')]\"}\n  (Session info: chrome=140.0.7339.127); For documentation on this error, please visit: https://www.selenium.dev/documentation/webdriver/troubleshooting/errors#no-such-element-exception",
    "trace": "   at System.Reflection.MethodBaseInvoker.InvokeWithManyArgs(Object obj, BindingFlags invokeAttr, Binder binder, Object[] parameters, CultureInfo culture)\n   at Allure.Net.Commons.Steps.AllureStepAspectBase.Around(String name, Object[] args, Func`2 target, MethodBase metadata, Type returnType)\n   at OdinUiTests.Pages.LibraryPage.__a$_around_RemoveMaterial_100666974_w_0(Object[])\n   at OdinUiTests.Pages.LibraryPage.RemoveMaterial(String materialName, Boolean withRightClick)\n   at OdinUiTests.Tests.Library.RemovingTemplatesTests.CheckDeleteDisciplineTemplateFromWhichDisciplineIsCreated() in /azp/_work/2/s/Tests/Library/UserLibraryTests.cs:line 580\n   at System.RuntimeMethodHandle.InvokeMethod(Object target, Void** arguments, Signature sig, Boolean isConstructor)\n   at System.Reflection.MethodBaseInvoker.InvokeWithNoArgs(Object obj, BindingFlags invokeAttr)\n--WebDriverTimeoutException\n   at OpenQA.Selenium.Support.UI.DefaultWait`1.ThrowTimeoutException(String exceptionMessage, Exception lastException)\n   at OpenQA.Selenium.Support.UI.DefaultWait`1.Until[TResult](Func`2 condition, CancellationToken token)\n   at OpenQA.Selenium.Support.UI.DefaultWait`1.Until[TResult](Func`2 condition)\n   at OdinUiTests.Pages.LibraryPage.ScrollUntilMaterialOrCatalogIsInView(Boolean isMaterial, String name) in /azp/_work/2/s/Pages/LibraryPage.cs:line 555\n   at OdinUiTests.Pages.LibraryPage.__a$_around_RemoveMaterial_100666974_o(String materialName, Boolean withRightClick) in /azp/_work/2/s/Pages/LibraryPage.cs:line 139\n   at OdinUiTests.Pages.LibraryPage.__a$_around_RemoveMaterial_100666974_u(Object[])\n   at Allure.Net.Commons.Steps.AllureAbstractStepAspect.WrapSync[T](Func`2 target, Object[] args, MethodBase metadata, String stepName, List`1 stepParameters)\n   at InvokeStub_AllureAbstractStepAspect.WrapSync(Object, Span`1)\n   at System.Reflection.MethodBaseInvoker.InvokeWithManyArgs(Object obj, BindingFlags invokeAttr, Binder binder, Object[] parameters, CultureInfo culture)\n--NoSuchElementException\n   at OpenQA.Selenium.WebDriver.UnpackAndThrowOnError(Response errorResponse, String commandToExecute)\n   at OpenQA.Selenium.WebDriver.ExecuteAsync(String driverCommandToExecute, Dictionary`2 parameters)\n   at SeleniumExtras.WaitHelpers.ExpectedConditions.<>c__DisplayClass19_0.<ElementToBeClickable>b__0(IWebDriver driver)\n   at OpenQA.Selenium.Support.UI.DefaultWait`1.Until[TResult](Func`2 condition, CancellationToken token)"
  },
  "stage": "finished",
  "steps": [
    {
      "name": "Открыть страницу Библиотеки",
      "status": "passed",
      "statusDetails": {
        "known": false,
        "muted": false,
        "flaky": false
      },
      "stage": "finished",
      "steps": [],
      "attachments": [],
      "parameters": [
        {
          "name": "id",
          "value": "\"345\"",
          "excluded": false
        }
      ],
      "start": 1766650668734,
      "stop": 1766650669129
    },
    {
      "name": "Открыть каталог по названию",
      "status": "passed",
      "statusDetails": {
        "known": false,
        "muted": false,
        "flaky": false
      },
      "stage": "finished",
      "steps": [],
      "attachments": [],
      "parameters": [
        {
          "name": "dirName",
          "value": "\"Длинное название дисциплины\"",
          "excluded": false
        }
      ],
      "start": 1766650669129,
      "stop": 1766650677033
    },
    {
      "name": "Удалить материал из Библиотеки",
      "status": "passed",
      "statusDetails": {
        "known": false,
        "muted": false,
        "flaky": false
      },
      "stage": "finished",
      "steps": [],
      "attachments": [],
      "parameters": [
        {
          "name": "materialName",
          "value": "\"Длинное название дисциплины\"",
          "excluded": false
        },
        {
          "name": "withRightClick",
          "value": "true",
          "excluded": false
        }
      ],
      "start": 1766650677033,
      "stop": 1766650696407
    },
    {
      "name": "Открыть страницу Библиотеки",
      "status": "passed",
      "statusDetails": {
        "known": false,
        "muted": false,
        "flaky": false
      },
      "stage": "finished",
      "steps": [],
      "attachments": [],
      "parameters": [
        {
          "name": "id",
          "value": "\"18927\"",
          "excluded": false
        }
      ],
      "start": 1766650696408,
      "stop": 1766650697212
    },
    {
      "name": "Открыть каталог по названию",
      "status": "passed",
      "statusDetails": {
        "known": false,
        "muted": false,
        "flaky": false
      },
      "stage": "finished",
      "steps": [],
      "attachments": [],
      "parameters": [
        {
          "name": "dirName",
          "value": "\"Длинное название дисциплины\"",
          "excluded": false
        }
      ],
      "start": 1766650697212,
      "stop": 1766650704489
    },
    {
      "name": "Удалить материал из Библиотеки",
      "status": "broken",
      "statusDetails": {
        "known": false,
        "muted": false,
        "flaky": false,
        "message": "Timed out after 30 seconds",
        "trace": "OpenQA.Selenium.WebDriverTimeoutException: Timed out after 30 seconds\n ---> OpenQA.Selenium.NoSuchElementException: no such element: Unable to locate element: {\"method\":\"xpath\",\"selector\":\"//div[contains(@class,'content-item')]//span[contains(text(),'Длинное название дисциплины')]\"}\n  (Session info: chrome=140.0.7339.127); For documentation on this error, please visit: https://www.selenium.dev/documentation/webdriver/troubleshooting/errors#no-such-element-exception\n   at OpenQA.Selenium.WebDriver.UnpackAndThrowOnError(Response errorResponse, String commandToExecute)\n   at OpenQA.Selenium.WebDriver.ExecuteAsync(String driverCommandToExecute, Dictionary`2 parameters)\n   at SeleniumExtras.WaitHelpers.ExpectedConditions.<>c__DisplayClass19_0.<ElementToBeClickable>b__0(IWebDriver driver)\n   at OpenQA.Selenium.Support.UI.DefaultWait`1.Until[TResult](Func`2 condition, CancellationToken token)\n   --- End of inner exception stack trace ---\n   at OpenQA.Selenium.Support.UI.DefaultWait`1.ThrowTimeoutException(String exceptionMessage, Exception lastException)\n   at OpenQA.Selenium.Support.UI.DefaultWait`1.Until[TResult](Func`2 condition, CancellationToken token)\n   at OpenQA.Selenium.Support.UI.DefaultWait`1.Until[TResult](Func`2 condition)\n   at OdinUiTests.Pages.LibraryPage.ScrollUntilMaterialOrCatalogIsInView(Boolean isMaterial, String name) in /azp/_work/2/s/Pages/LibraryPage.cs:line 555\n   at OdinUiTests.Pages.LibraryPage.__a$_around_RemoveMaterial_100666974_o(String materialName, Boolean withRightClick) in /azp/_work/2/s/Pages/LibraryPage.cs:line 139\n   at OdinUiTests.Pages.LibraryPage.__a$_around_RemoveMaterial_100666974_u(Object[])\n   at Allure.Net.Commons.Steps.AllureAbstractStepAspect.WrapSync[T](Func`2 target, Object[] args, MethodBase metadata, String stepName, List`1 stepParameters)"
      },
      "stage": "finished",
      "steps": [],
      "attachments": [],
      "parameters": [
        {
          "name": "materialName",
          "value": "\"Длинное название дисциплины\"",
          "excluded": false
        },
        {
          "name": "withRightClick",
          "value": "true",
          "excluded": false
        }
      ],
      "start": 1766650704489,
      "stop": 1766650746426
    }
  ],
  "attachments": [
    {
      "name": "CheckDeleteDisciplineTemplateFromWhichDisciplineIsCreated.jpg",
      "source": "5d88b48d-c74e-45a3-9b39-2464ef747f69-attachment.jpg",
      "type": "image/jpeg"
    },
    {
      "name": "Console Output",
      "source": "43a0ed7e-c34e-4a3e-83fa-56e3d841143e-attachment.txt",
      "type": "text/plain"
    }
  ],
  "parameters": [],
  "start": 1766650662004,
  "stop": 1766650746908
}